#
# There is insufficient memory for the Java Runtime Environment to continue.
# Native memory allocation (mmap) failed to map 65536 bytes. Error detail: Failed to commit metaspace.
# Possible reasons:
#   The system is out of physical RAM or swap space
#   This process is running with CompressedOops enabled, and the Java Heap may be blocking the growth of the native heap
# Possible solutions:
#   Reduce memory load on the system
#   Increase physical memory or swap space
#   Check if swap backing store is full
#   Decrease Java heap size (-Xmx/-Xms)
#   Decrease number of Java threads
#   Decrease Java thread stack sizes (-Xss)
#   Set larger code cache with -XX:ReservedCodeCacheSize=
#   JVM is running with Unscaled Compressed Oops mode in which the Java heap is
#     placed in the first 4GB address space. The Java Heap base address is the
#     maximum limit for the native heap growth. Please use -XX:HeapBaseMinAddress
#     to set the Java Heap base and to place the Java Heap above 4GB virtual address.
# This output file may be truncated or incomplete.
#
#  Out of Memory Error (virtualSpaceNode.cpp:112), pid=11892, tid=11136
#
# JRE version: OpenJDK Runtime Environment Temurin-21.0.3+9 (21.0.3+9) (build 21.0.3+9-LTS)
# Java VM: OpenJDK 64-Bit Server VM Temurin-21.0.3+9 (21.0.3+9-LTS, mixed mode, tiered, compressed oops, compressed class ptrs, g1 gc, windows-amd64)
# No core dump will be written. Minidumps are not enabled by default on client versions of Windows
#

---------------  S U M M A R Y ------------

Command Line: -Dclassworlds.conf=C:\apache-maven-3.9.9\bin\m2.conf -Dmaven.home=C:\apache-maven-3.9.9 -Dlibrary.jansi.path=C:\apache-maven-3.9.9\lib\jansi-native -Dmaven.multiModuleProjectDirectory=C:\Users\User\git\Virtual-Event-Management-Application- org.codehaus.plexus.classworlds.launcher.Launcher clean package

Host: Intel(R) Core(TM) i5-7500T CPU @ 2.70GHz, 4 cores, 7G,  Windows 10 , 64 bit Build 19041 (10.0.19041.5915)
Time: Mon Sep 22 12:04:37 2025 India Standard Time elapsed time: 1.575098 seconds (0d 0h 0m 1s)

---------------  T H R E A D  ---------------

Current thread (0x000002508055d6d0):  JavaThread "main"             [_thread_in_vm, id=11136, stack(0x0000007684e00000,0x0000007684f00000) (1024K)]

Stack: [0x0000007684e00000,0x0000007684f00000]
Native frames: (J=compiled Java code, j=interpreted, Vv=VM code, C=native code)
V  [jvm.dll+0x6c8699]
V  [jvm.dll+0x8a2061]
V  [jvm.dll+0x8a458e]
V  [jvm.dll+0x8a4c63]
V  [jvm.dll+0x27e476]
V  [jvm.dll+0x89ddae]
V  [jvm.dll+0x66b525]
V  [jvm.dll+0x1e3f8c]
V  [jvm.dll+0x1e3d5e]
V  [jvm.dll+0x66de22]
V  [jvm.dll+0x66dc42]
V  [jvm.dll+0x66befe]
V  [jvm.dll+0x2695c0]
V  [jvm.dll+0x2158a7]
V  [jvm.dll+0x20b32e]
V  [jvm.dll+0x5a9c8c]
V  [jvm.dll+0x81b766]
V  [jvm.dll+0x46d560]
V  [jvm.dll+0x473408]
C  [java.dll+0x17ec]

Java frames: (J=compiled Java code, j=interpreted, Vv=VM code)
J 926  java.lang.ClassLoader.defineClass1(Ljava/lang/ClassLoader;Ljava/lang/String;[BIILjava/security/ProtectionDomain;Ljava/lang/String;)Ljava/lang/Class; java.base@21.0.3 (0 bytes) @ 0x000002508dc46689 [0x000002508dc465c0+0x00000000000000c9]
J 854 c1 java.lang.ClassLoader.defineClass(Ljava/lang/String;[BIILjava/security/ProtectionDomain;)Ljava/lang/Class; java.base@21.0.3 (43 bytes) @ 0x00000250862be374 [0x00000250862be020+0x0000000000000354]
J 858 c1 java.security.SecureClassLoader.defineClass(Ljava/lang/String;[BIILjava/security/CodeSource;)Ljava/lang/Class; java.base@21.0.3 (16 bytes) @ 0x00000250862bdc1c [0x00000250862bdb40+0x00000000000000dc]
J 875 c1 java.net.URLClassLoader.defineClass(Ljava/lang/String;Ljdk/internal/loader/Resource;)Ljava/lang/Class; java.base@21.0.3 (224 bytes) @ 0x00000250862cd9ec [0x00000250862cc740+0x00000000000012ac]
J 874 c1 java.net.URLClassLoader$1.run()Ljava/lang/Class; java.base@21.0.3 (81 bytes) @ 0x00000250862cb0ac [0x00000250862ca460+0x0000000000000c4c]
J 873 c1 java.net.URLClassLoader$1.run()Ljava/lang/Object; java.base@21.0.3 (5 bytes) @ 0x00000250862c9ed4 [0x00000250862c9e40+0x0000000000000094]
J 564 c1 java.security.AccessController.doPrivileged(Ljava/security/PrivilegedExceptionAction;Ljava/security/AccessControlContext;)Ljava/lang/Object; java.base@21.0.3 (26 bytes) @ 0x000002508620e10c [0x000002508620df20+0x00000000000001ec]
J 877 c1 java.net.URLClassLoader.findClass(Ljava/lang/String;)Ljava/lang/Class; java.base@21.0.3 (47 bytes) @ 0x00000250862c95bc [0x00000250862c9420+0x000000000000019c]
J 785 c1 org.codehaus.plexus.classworlds.realm.ClassRealm.loadClassFromSelf(Ljava/lang/String;)Ljava/lang/Class; (40 bytes) @ 0x0000025086296b2c [0x00000250862967a0+0x000000000000038c]
J 812 c1 org.codehaus.plexus.classworlds.strategy.SelfFirstStrategy.loadClass(Ljava/lang/String;)Ljava/lang/Class; (50 bytes) @ 0x00000250862a0304 [0x000002508629ff40+0x00000000000003c4]
J 561 c1 org.codehaus.plexus.classworlds.realm.ClassRealm.loadClass(Ljava/lang/String;Z)Ljava/lang/Class; (33 bytes) @ 0x000002508620cfdc [0x000002508620ce60+0x000000000000017c]
J 560 c1 org.codehaus.plexus.classworlds.realm.ClassRealm.loadClass(Ljava/lang/String;)Ljava/lang/Class; (7 bytes) @ 0x000002508620cb3c [0x000002508620ca40+0x00000000000000fc]
v  ~StubRoutines::call_stub 0x000002508d66100d
j  com.google.inject.internal.ConstructorInjectorStore.createConstructor(Lcom/google/inject/spi/InjectionPoint;Lcom/google/inject/internal/Errors;)Lcom/google/inject/internal/ConstructorInjector;+86
j  com.google.inject.internal.ConstructorInjectorStore.access$000(Lcom/google/inject/internal/ConstructorInjectorStore;Lcom/google/inject/spi/InjectionPoint;Lcom/google/inject/internal/Errors;)Lcom/google/inject/internal/ConstructorInjector;+3
j  com.google.inject.internal.ConstructorInjectorStore$1.create(Lcom/google/inject/spi/InjectionPoint;Lcom/google/inject/internal/Errors;)Lcom/google/inject/internal/ConstructorInjector;+6
j  com.google.inject.internal.ConstructorInjectorStore$1.create(Ljava/lang/Object;Lcom/google/inject/internal/Errors;)Ljava/lang/Object;+6
j  com.google.inject.internal.FailableCache$1.load(Ljava/lang/Object;)Ljava/lang/Object;+16
j  com.google.common.cache.LocalCache$LoadingValueReference.loadFuture(Ljava/lang/Object;Lcom/google/common/cache/CacheLoader;)Lcom/google/common/util/concurrent/ListenableFuture;+24
j  com.google.common.cache.LocalCache$Segment.loadSync(Ljava/lang/Object;ILcom/google/common/cache/LocalCache$LoadingValueReference;Lcom/google/common/cache/CacheLoader;)Ljava/lang/Object;+4
j  com.google.common.cache.LocalCache$Segment.lockedGetOrLoad(Ljava/lang/Object;ILcom/google/common/cache/CacheLoader;)Ljava/lang/Object;+393
J 2033 c1 com.google.common.cache.LocalCache$Segment.get(Ljava/lang/Object;ILcom/google/common/cache/CacheLoader;)Ljava/lang/Object; (210 bytes) @ 0x00000250864fddf4 [0x00000250864fd420+0x00000000000009d4]
J 1770 c1 com.google.common.cache.LocalCache.get(Ljava/lang/Object;Lcom/google/common/cache/CacheLoader;)Ljava/lang/Object; (21 bytes) @ 0x000002508647a9ac [0x000002508647a6a0+0x000000000000030c]
J 2030 c1 com.google.common.cache.LocalCache$LocalLoadingCache.getUnchecked(Ljava/lang/Object;)Ljava/lang/Object; (19 bytes) @ 0x0000025086501c84 [0x0000025086501b80+0x0000000000000104]
j  com.google.inject.internal.FailableCache.get(Ljava/lang/Object;Lcom/google/inject/internal/Errors;)Ljava/lang/Object;+5
j  com.google.inject.internal.ConstructorInjectorStore.get(Lcom/google/inject/spi/InjectionPoint;Lcom/google/inject/internal/Errors;)Lcom/google/inject/internal/ConstructorInjector;+6
j  com.google.inject.internal.ConstructorBindingImpl.initialize(Lcom/google/inject/internal/InjectorImpl;Lcom/google/inject/internal/Errors;)V+13
j  com.google.inject.internal.InjectorImpl.initializeBinding(Lcom/google/inject/internal/BindingImpl;Lcom/google/inject/internal/Errors;)V+13
j  com.google.inject.internal.AbstractBindingProcessor$Processor.initializeBinding(Lcom/google/inject/internal/BindingImpl;)V+19
j  com.google.inject.internal.AbstractBindingProcessor$Processor.lambda$scheduleInitialization$0(Lcom/google/inject/internal/BindingImpl;)V+2
j  com.google.inject.internal.AbstractBindingProcessor$Processor$$Lambda+0x0000000100239a88.run()V+8
j  com.google.inject.internal.ProcessedBindingData.initializeBindings()V+30
j  com.google.inject.internal.InternalInjectorCreator.initializeStatically()V+4
j  com.google.inject.internal.InternalInjectorCreator.build()Lcom/google/inject/Injector;+64
j  com.google.inject.Guice.createInjector(Lcom/google/inject/Stage;Ljava/lang/Iterable;)Lcom/google/inject/Injector;+15
j  com.google.inject.Guice.createInjector(Ljava/lang/Iterable;)Lcom/google/inject/Injector;+4
j  com.google.inject.Guice.createInjector([Lcom/google/inject/Module;)Lcom/google/inject/Injector;+4
j  org.codehaus.plexus.DefaultPlexusContainer.addPlexusInjector(Ljava/util/List;[Lcom/google/inject/Module;)Lcom/google/inject/Injector;+88
j  org.codehaus.plexus.DefaultPlexusContainer.<init>(Lorg/codehaus/plexus/ContainerConfiguration;[Lcom/google/inject/Module;)V+406
j  org.apache.maven.cli.MavenCli.container(Lorg/apache/maven/cli/CliRequest;)Lorg/codehaus/plexus/PlexusContainer;+279
j  org.apache.maven.cli.MavenCli.doMain(Lorg/apache/maven/cli/CliRequest;)I+34
j  org.apache.maven.cli.MavenCli.main([Ljava/lang/String;Lorg/codehaus/plexus/classworlds/ClassWorld;)I+24
j  java.lang.invoke.DirectMethodHandle$Holder.invokeStatic(Ljava/lang/Object;Ljava/lang/Object;Ljava/lang/Object;)I+11 java.base@21.0.3
j  java.lang.invoke.LambdaForm$MH+0x00000001000c5400.invoke(Ljava/lang/Object;Ljava/lang/Object;Ljava/lang/Object;Ljava/lang/Object;)Ljava/lang/Object;+54 java.base@21.0.3
j  java.lang.invoke.LambdaForm$MH+0x00000001000c5800.invokeExact_MT(Ljava/lang/Object;Ljava/lang/Object;Ljava/lang/Object;Ljava/lang/Object;Ljava/lang/Object;)Ljava/lang/Object;+22 java.base@21.0.3
j  jdk.internal.reflect.DirectMethodHandleAccessor.invokeImpl(Ljava/lang/Object;[Ljava/lang/Object;)Ljava/lang/Object;+72 java.base@21.0.3
j  jdk.internal.reflect.DirectMethodHandleAccessor.invoke(Ljava/lang/Object;[Ljava/lang/Object;)Ljava/lang/Object;+23 java.base@21.0.3
j  java.lang.reflect.Method.invoke(Ljava/lang/Object;[Ljava/lang/Object;)Ljava/lang/Object;+102 java.base@21.0.3
j  org.codehaus.plexus.classworlds.launcher.Launcher.launchEnhanced([Ljava/lang/String;)V+45
j  org.codehaus.plexus.classworlds.launcher.Launcher.launch([Ljava/lang/String;)V+2
j  org.codehaus.plexus.classworlds.launcher.Launcher.mainWithExitCode([Ljava/lang/String;)I+108
j  org.codehaus.plexus.classworlds.launcher.Launcher.main([Ljava/lang/String;)V+1
v  ~StubRoutines::call_stub 0x000002508d66100d

Compiled method (n/a)    1621  926     n 0       java.lang.ClassLoader::defineClass1 (native)
 total in heap  [0x000002508dc46410,0x000002508dc46a68] = 1624
 relocation     [0x000002508dc46570,0x000002508dc465a8] = 56
 main code      [0x000002508dc465c0,0x000002508dc46a67] = 1191
 stub code      [0x000002508dc46a67,0x000002508dc46a68] = 1

[Constant Pool (empty)]

[MachCode]
[Entry Point]
  # {method} {0x000002509a0272b8} 'defineClass1' '(Ljava/lang/ClassLoader;Ljava/lang/String;[BIILjava/security/ProtectionDomain;Ljava/lang/String;)Ljava/lang/Class;' in 'java/lang/ClassLoader'
  # parm0:    rdx:rdx   = 'java/lang/ClassLoader'
  # parm1:    r8:r8     = 'java/lang/String'
  # parm2:    r9:r9     = '[B'
  # parm3:    rdi       = int
  # parm4:    rsi       = int
  # parm5:    rcx:rcx   = 'java/security/ProtectionDomain'
  # parm6:    [sp+0xa0]   = 'java/lang/String'  (sp of caller)
  0x000002508dc465c0: 448b 5208 | 49c1 e203 | 493b c20f | 8407 0000 

  0x000002508dc465d0: ;   {runtime_call ic_miss_stub}
  0x000002508dc465d0: 00e9 aa81 | a6ff 6690 
[Verified Entry Point]
  0x000002508dc465d8: 8984 2400 | 80ff ff55 | 488b ec48 | 81ec 9000 | 0000 6690 | 4181 7f20 | 0100 0000 

  0x000002508dc465f4: ;   {runtime_call StubRoutines (final stubs)}
  0x000002508dc465f4: 7405 e825 | e7a4 ff48 | 837d 1000 | 488d 4510 | 480f 4445 | 1048 8944 | 2440 4889 | 4c24 7048 
  0x000002508dc46614: 83f9 0048 | 8d44 2470 | 480f 4444 | 2470 4889 | 4424 3848 | 8974 2430 | 4889 7c24 | 284c 894c 
  0x000002508dc46634: 2458 4983 | f900 488d | 4424 5848 | 0f44 4424 | 5848 8944 | 2420 4c89 | 4424 5049 | 83f8 004c 
  0x000002508dc46654: 8d4c 2450 | 4c0f 444c | 2450 4889 | 5424 4848 | 83fa 004c | 8d44 2448 | 4c0f 4444 

  0x000002508dc46670: ;   {oop(a 'java/lang/Class'{0x0000000081b58610} = 'java/lang/ClassLoader')}
  0x000002508dc46670: 2448 49be | 1086 b581 | 0000 0000 | 4c89 7424 | 784c 8d74 | 2478 498b | d6c5 f877 

  0x000002508dc4668c: ;   {internal_word}
  0x000002508dc4668c: 49ba 8966 | c48d 5002 | 0000 4d89 | 97a0 0300 | 0049 89a7 | 9803 0000 

  0x000002508dc466a4: ;   {external_word}
  0x000002508dc466a4: 49ba 189a | 502b fe7f | 0000 4180 | 3a00 0f84 | 4e00 0000 | 5241 5041 

  0x000002508dc466bc: ;   {metadata({method} {0x000002509a0272b8} 'defineClass1' '(Ljava/lang/ClassLoader;Ljava/lang/String;[BIILjava/security/ProtectionDomain;Ljava/lang/String;)Ljava/lang/Class;' in 'java/lang/ClassLoader')}
  0x000002508dc466bc: 5148 bab0 | 7202 9a50 | 0200 0049 | 8bcf 4883 | ec20 40f6 | c40f 0f84 | 1900 0000 | 4883 ec08 
  0x000002508dc466dc: ;   {runtime_call}
  0x000002508dc466dc: 48b8 30f1 | fa2a fe7f | 0000 ffd0 | 4883 c408 | e90c 0000 

  0x000002508dc466f0: ;   {runtime_call}
  0x000002508dc466f0: 0048 b830 | f1fa 2afe | 7f00 00ff | d048 83c4 | 2041 5941 | 585a 498d | 8fb8 0300 | 0041 c787 
  0x000002508dc46710: 4c04 0000 | 0400 0000 

  0x000002508dc46718: ;   {runtime_call}
  0x000002508dc46718: 48b8 ac16 | a266 fe7f | 0000 ffd0 | c5f8 7741 | c787 4c04 | 0000 0500 | 0000 f083 | 4424 c000 
  0x000002508dc46738: 493b af50 | 0400 000f | 870e 0000 | 0041 83bf | 4804 0000 | 000f 842b | 0000 00c5 | f877 4889 
  0x000002508dc46758: 45f8 498b | cf4c 8be4 | 4883 ec20 | 4883 e4f0 

  0x000002508dc46768: ;   {runtime_call}
  0x000002508dc46768: 48b8 108e | c62a fe7f | 0000 ffd0 | 498b e44d | 33e4 488b | 45f8 41c7 | 874c 0400 | 0008 0000 
  0x000002508dc46788: 0041 83bf | c804 0000 | 020f 84a3 

  0x000002508dc46794: ;   {external_word}
  0x000002508dc46794: 0200 0049 | ba18 9a50 | 2bfe 7f00 | 0041 803a | 000f 844c | 0000 0048 

  0x000002508dc467ac: ;   {metadata({method} {0x000002509a0272b8} 'defineClass1' '(Ljava/lang/ClassLoader;Ljava/lang/String;[BIILjava/security/ProtectionDomain;Ljava/lang/String;)Ljava/lang/Class;' in 'java/lang/ClassLoader')}
  0x000002508dc467ac: 8945 f848 | bab0 7202 | 9a50 0200 | 0049 8bcf | 4883 ec20 | 40f6 c40f | 0f84 1900 | 0000 4883 
  0x000002508dc467cc: ;   {runtime_call}
  0x000002508dc467cc: ec08 48b8 | 30f1 fa2a | fe7f 0000 | ffd0 4883 | c408 e90c 

  0x000002508dc467e0: ;   {runtime_call}
  0x000002508dc467e0: 0000 0048 | b830 f1fa | 2afe 7f00 | 00ff d048 | 83c4 2048 | 8b45 f849 | c787 9803 | 0000 0000 
  0x000002508dc46800: 0000 49c7 | 87a0 0300 | 0000 0000 | 00c5 f877 | 4885 c00f | 84fe 0100 | 00a8 030f | 8508 0000 
  0x000002508dc46820: 0048 8b00 | e9ee 0100 | 00a8 010f | 8509 0000 | 0048 8b40 | fee9 dd01 | 0000 488b | 40ff 4180 
  0x000002508dc46840: 7f40 000f | 84ce 0100 | 0048 83f8 | 000f 84c4 | 0100 0049 | 8b4f 2848 | 83f9 000f | 8414 0000 
  0x000002508dc46860: 0048 83e9 | 0849 894f | 2849 034f | 3848 8901 | e9a2 0100 | 0048 81ec | d000 0000 | 4889 0424 
  0x000002508dc46880: 4889 4c24 | 0848 8954 | 2410 4889 | 7424 1848 | 897c 2420 | 4c89 4424 | 284c 894c | 2430 4c89 
  0x000002508dc468a0: 5424 384c | 895c 2440 | c5fb 1144 | 2450 c5fb | 114c 2458 | c5fb 1154 | 2460 c5fb | 115c 2468 
  0x000002508dc468c0: c5fb 1164 | 2470 c5fb | 116c 2478 | c5fb 11b4 | 2480 0000 | 00c5 fb11 | bc24 8800 | 0000 c57b 
  0x000002508dc468e0: ;   {no_reloc}
  0x000002508dc468e0: 1184 2490 | 0000 00c5 | 7b11 8c24 | 9800 0000 | c57b 1194 | 24a0 0000 | 00c5 7b11 | 9c24 a800 
  0x000002508dc46900: 0000 c57b | 11a4 24b0 | 0000 00c5 | 7b11 ac24 | b800 0000 | c57b 11b4 | 24c0 0000 | 00c5 7b11 
  0x000002508dc46920: bc24 c800 | 0000 498b | d748 8bc8 | 4883 ec20 | 40f6 c40f | 0f84 1900 | 0000 4883 

  0x000002508dc4693c: ;   {runtime_call}
  0x000002508dc4693c: ec08 48b8 | 60f6 b92a | fe7f 0000 | ffd0 4883 | c408 e90c 

  0x000002508dc46950: ;   {runtime_call}
  0x000002508dc46950: 0000 0048 | b860 f6b9 | 2afe 7f00 | 00ff d048 | 83c4 20c5 | 7b10 bc24 | c800 0000 | c57b 10b4 
  0x000002508dc46970: 24c0 0000 | 00c5 7b10 | ac24 b800 | 0000 c57b | 10a4 24b0 | 0000 00c5 | 7b10 9c24 | a800 0000 
  0x000002508dc46990: c57b 1094 | 24a0 0000 | 00c5 7b10 | 8c24 9800 | 0000 c57b | 1084 2490 | 0000 00c5 | fb10 bc24 
  0x000002508dc469b0: 8800 0000 | c5fb 10b4 | 2480 0000 | 00c5 fb10 | 6c24 78c5 | fb10 6424 | 70c5 fb10 | 5c24 68c5 
  0x000002508dc469d0: fb10 5424 | 60c5 fb10 | 4c24 58c5 | fb10 4424 | 504c 8b5c | 2440 4c8b | 5424 384c | 8b4c 2430 
  0x000002508dc469f0: 4c8b 4424 | 2848 8b7c | 2420 488b | 7424 1848 | 8b54 2410 | 488b 4c24 | 0848 8b04 | 2448 81c4 
  0x000002508dc46a10: d000 0000 | c5f8 7749 | 8b8f 2804 | 0000 c781 | 0001 0000 | 0000 0000 | c949 837f | 0800 0f85 
  0x000002508dc46a30: 0100 0000 

  0x000002508dc46a34: ;   {runtime_call StubRoutines (initial stubs)}
  0x000002508dc46a34: c3e9 c6a4 | a1ff c5f8 | 7748 8945 | f84c 8be4 | 4883 ec20 | 4883 e4f0 

  0x000002508dc46a4c: ;   {runtime_call}
  0x000002508dc46a4c: 48b8 1029 | fb2a fe7f | 0000 ffd0 | 498b e44d | 33e4 488b | 45f8 e930 | fdff fff4 
[/MachCode]


Compiled method (c1)    1632  854       3       java.lang.ClassLoader::defineClass (43 bytes)
 total in heap  [0x00000250862bde10,0x00000250862be760] = 2384
 relocation     [0x00000250862bdf70,0x00000250862be010] = 160
 main code      [0x00000250862be020,0x00000250862be4b8] = 1176
 stub code      [0x00000250862be4b8,0x00000250862be530] = 120
 metadata       [0x00000250862be530,0x00000250862be560] = 48
 scopes data    [0x00000250862be560,0x00000250862be650] = 240
 scopes pcs     [0x00000250862be650,0x00000250862be730] = 224
 dependencies   [0x00000250862be730,0x00000250862be738] = 8
 nul chk table  [0x00000250862be738,0x00000250862be760] = 40

[Constant Pool (empty)]

[MachCode]
[Entry Point]
  # {method} {0x000002509a027098} 'defineClass' '(Ljava/lang/String;[BIILjava/security/ProtectionDomain;)Ljava/lang/Class;' in 'java/lang/ClassLoader'
  # this:     rdx:rdx   = 'java/lang/ClassLoader'
  # parm0:    r8:r8     = 'java/lang/String'
  # parm1:    r9:r9     = '[B'
  # parm2:    rdi       = int
  # parm3:    rsi       = int
  # parm4:    rcx:rcx   = 'java/security/ProtectionDomain'
  #           [sp+0xc0]  (sp of caller)
  0x00000250862be020: 448b 5208 | 49c1 e203 

  0x00000250862be028: ;   {runtime_call ic_miss_stub}
  0x00000250862be028: 4c3b d00f | 854f 073f | 0766 6666 | 0f1f 8400 | 0000 0000 | 6666 6690 
[Verified Entry Point]
  0x00000250862be040: 8984 2400 | 80ff ff55 | 4881 ecb0 | 0000 0090 | 4181 7f20 | 0100 0000 

  0x00000250862be058: ;   {runtime_call StubRoutines (final stubs)}
  0x00000250862be058: 7405 e8c1 | 6c3d 0748 | 8954 2478 

  0x00000250862be064: ;   {metadata(method data for {method} {0x000002509a027098} 'defineClass' '(Ljava/lang/String;[BIILjava/security/ProtectionDomain;)Ljava/lang/Class;' in 'java/lang/ClassLoader')}
  0x00000250862be064: 48bb 100e | b69a 5002 | 0000 8b83 | cc00 0000 | 83c0 0289 | 83cc 0000 | 0025 fe07 | 0000 85c0 
  0x00000250862be084: 0f84 5003 | 0000 89b4 | 2494 0000 | 0089 bc24 | 9000 0000 | 4c89 8c24 | 8800 0000 

  0x00000250862be0a0: ;   {metadata(method data for {method} {0x000002509a027098} 'defineClass' '(Ljava/lang/String;[BIILjava/security/ProtectionDomain;)Ljava/lang/Class;' in 'java/lang/ClassLoader')}
  0x00000250862be0a0: 488b da48 | b810 0eb6 | 9a50 0200 | 0048 8380 | 1001 0000 | 0149 8bd8 | 4c8b c34c | 8bc9 488b 
  0x00000250862be0c0: ca48 8bd1 | 4889 9c24 | 8000 0000 

  0x00000250862be0cc: ;   {optimized virtual_call}
  0x00000250862be0cc: 6666 90e8 

  0x00000250862be0d0: ; ImmutableOopMap {[120]=Oop [128]=Oop [136]=Oop }
                      ;*invokevirtual preDefineClass {reexecute=0 rethrow=0 return_oop=0}
                      ; - java.lang.ClassLoader::defineClass@4 (line 1025)
  0x00000250862be0d0: cc0f 0000 

  0x00000250862be0d4: ;   {other}
  0x00000250862be0d4: 0f1f 8400 | c402 0000 | 4889 8424 | 9800 0000 | 488b 5424 

  0x00000250862be0e8: ;   {metadata(method data for {method} {0x000002509a027098} 'defineClass' '(Ljava/lang/String;[BIILjava/security/ProtectionDomain;)Ljava/lang/Class;' in 'java/lang/ClassLoader')}
  0x00000250862be0e8: 7849 b810 | 0eb6 9a50 | 0200 0049 | 8380 4801 

  0x00000250862be0f8: ;   {metadata(method data for {method} {0x000002509a026e48} 'defineClassSourceLocation' '(Ljava/security/ProtectionDomain;)Ljava/lang/String;' in 'java/lang/ClassLoader')}
  0x00000250862be0f8: 0000 0149 | b828 15b6 | 9a50 0200 | 0041 8b90 | cc00 0000 | 83c2 0241 | 8990 cc00 | 0000 81e2 
  0x00000250862be118: feff 1f00 | 85d2 0f84 | d702 0000 

  0x00000250862be124: ; implicit exception: dispatches to 0x00000250862be41c
  0x00000250862be124: 483b 004c 

  0x00000250862be128: ;   {metadata(method data for {method} {0x000002509a026e48} 'defineClassSourceLocation' '(Ljava/security/ProtectionDomain;)Ljava/lang/String;' in 'java/lang/ClassLoader')}
  0x00000250862be128: 8bc0 48ba | 2815 b69a | 5002 0000 | 4883 8210 | 0100 0001 | 448b 4010 

  0x00000250862be140: ;   {metadata(method data for {method} {0x000002509a026e48} 'defineClassSourceLocation' '(Ljava/security/ProtectionDomain;)Ljava/lang/String;' in 'java/lang/ClassLoader')}
  0x00000250862be140: 4d85 c048 | ba28 15b6 | 9a50 0200 | 0048 be58 | 0100 0000 | 0000 0075 | 0a48 be48 | 0100 0000 
  0x00000250862be160: 0000 0048 | 8b3c 3248 | 8d7f 0148 | 893c 320f | 850f 0000 

  0x00000250862be174: ;   {oop(nullptr)}
  0x00000250862be174: 0048 bb00 | 0000 0000 | 0000 00e9 | 9b01 0000 

  0x00000250862be184: ; implicit exception: dispatches to 0x00000250862be421
  0x00000250862be184: 493b 0049 

  0x00000250862be188: ;   {metadata(method data for {method} {0x000002509a026e48} 'defineClassSourceLocation' '(Ljava/security/ProtectionDomain;)Ljava/lang/String;' in 'java/lang/ClassLoader')}
  0x00000250862be188: 8bd0 48be | 2815 b69a | 5002 0000 | 4883 8668 | 0100 0001 | 418b 500c 

  0x00000250862be1a0: ;   {metadata(method data for {method} {0x000002509a026e48} 'defineClassSourceLocation' '(Ljava/security/ProtectionDomain;)Ljava/lang/String;' in 'java/lang/ClassLoader')}
  0x00000250862be1a0: 4885 d248 | be28 15b6 | 9a50 0200 | 0048 bfb0 | 0100 0000 | 0000 0075 | 0a48 bfa0 | 0100 0000 
  0x00000250862be1c0: 0000 0048 | 8b1c 3e48 | 8d5b 0148 | 891c 3e0f | 850f 0000 

  0x00000250862be1d4: ;   {oop(nullptr)}
  0x00000250862be1d4: 0048 bb00 | 0000 0000 | 0000 00e9 | 3b01 0000 

  0x00000250862be1e4: ;   {metadata(method data for {method} {0x000002509a026e48} 'defineClassSourceLocation' '(Ljava/security/ProtectionDomain;)Ljava/lang/String;' in 'java/lang/ClassLoader')}
  0x00000250862be1e4: 48be 2815 | b69a 5002 | 0000 4883 | 86c0 0100 | 0001 483b | 024c 8bc2 

  0x00000250862be1fc: ;   {metadata(method data for {method} {0x000002509a026e48} 'defineClassSourceLocation' '(Ljava/security/ProtectionDomain;)Ljava/lang/String;' in 'java/lang/ClassLoader')}
  0x00000250862be1fc: 48be 2815 | b69a 5002 | 0000 4883 | 86f8 0100 

  0x00000250862be20c: ;   {metadata(method data for {method} {0x000002509a100ff0} 'toString' '()Ljava/lang/String;' in 'java/net/URL')}
  0x00000250862be20c: 0001 49b8 | 9882 b09a | 5002 0000 | 418b b0cc | 0000 0083 | c602 4189 | b0cc 0000 | 0081 e6fe 
  0x00000250862be22c: ff1f 0085 | f60f 84f4 | 0100 004c 

  0x00000250862be238: ;   {metadata(method data for {method} {0x000002509a100ff0} 'toString' '()Ljava/lang/String;' in 'java/net/URL')}
  0x00000250862be238: 8bc2 48be | 9882 b09a | 5002 0000 | 4883 8610 | 0100 0001 

  0x00000250862be24c: ;   {metadata(method data for {method} {0x000002509a1010a0} 'toExternalForm' '()Ljava/lang/String;' in 'java/net/URL')}
  0x00000250862be24c: 49b8 7888 | 919a 5002 | 0000 418b | b0cc 0000 | 0083 c602 | 4189 b0cc | 0000 0081 | e6fe ff1f 
  0x00000250862be26c: 0085 f60f | 84d7 0100 | 008b 7238 

  0x00000250862be278: ; implicit exception: dispatches to 0x00000250862be46d
  0x00000250862be278: 483b 064c 

  0x00000250862be27c: ;   {metadata(method data for {method} {0x000002509a1010a0} 'toExternalForm' '()Ljava/lang/String;' in 'java/net/URL')}
  0x00000250862be27c: 8bc6 48bf | 7888 919a | 5002 0000 | 458b 4008 | 49c1 e003 | 4c3b 8720 | 0100 0075 | 0d48 8387 
  0x00000250862be29c: 2801 0000 | 01e9 6000 | 0000 4c3b | 8730 0100 | 0075 0d48 | 8387 3801 | 0000 01e9 | 4a00 0000 
  0x00000250862be2bc: 4883 bf20 | 0100 0000 | 7517 4c89 | 8720 0100 | 0048 c787 | 2801 0000 | 0100 0000 | e929 0000 
  0x00000250862be2dc: 0048 83bf | 3001 0000 | 0075 174c | 8987 3001 | 0000 48c7 | 8738 0100 | 0001 0000 | 00e9 0800 
  0x00000250862be2fc: 0000 4883 | 8710 0100 | 0001 4c8b | c248 8bd6 

  0x00000250862be30c: ;   {optimized virtual_call}
  0x00000250862be30c: 6666 90e8 

  0x00000250862be310: ; ImmutableOopMap {[120]=Oop [128]=Oop [136]=Oop [152]=Oop }
                      ;*invokevirtual toExternalForm {reexecute=0 rethrow=0 return_oop=0}
                      ; - java.net.URL::toExternalForm@5 (line 1203)
                      ; - java.net.URL::toString@1 (line 1189)
                      ; - java.lang.ClassLoader::defineClassSourceLocation@22 (line 927)
                      ; - java.lang.ClassLoader::defineClass@12 (line 1026)
  0x00000250862be310: 8c10 f5ff 

  0x00000250862be314: ;   {other}
  0x00000250862be314: 0f1f 8400 | 0405 0001 | 488b d848 | 8b84 2498 | 0000 008b | b424 9400 | 0000 8bbc | 2490 0000 
  0x00000250862be334: 004c 8b8c | 2488 0000 | 004c 8b84 | 2480 0000 | 0048 8b54 

  0x00000250862be348: ;   {metadata(method data for {method} {0x000002509a027098} 'defineClass' '(Ljava/lang/String;[BIILjava/security/ProtectionDomain;)Ljava/lang/Class;' in 'java/lang/ClassLoader')}
  0x00000250862be348: 2478 48b9 | 100e b69a | 5002 0000 | 4883 8180 | 0100 0001 | 4c8b da49 | 8bd3 488b | c848 891c 
  0x00000250862be368: 2466 0f1f 

  0x00000250862be36c: ;   {static_call}
  0x00000250862be36c: 4400 00e8 

  0x00000250862be370: ; ImmutableOopMap {[120]=Oop [152]=Oop }
                      ;*invokestatic defineClass1 {reexecute=0 rethrow=0 return_oop=0}
                      ; - java.lang.ClassLoader::defineClass@27 (line 1027)
  0x00000250862be370: 6482 9807 

  0x00000250862be374: ;   {other}
  0x00000250862be374: 0f1f 8400 | 6405 0002 | 488b 5424 

  0x00000250862be380: ;   {metadata(method data for {method} {0x000002509a027098} 'defineClass' '(Ljava/lang/String;[BIILjava/security/ProtectionDomain;)Ljava/lang/Class;' in 'java/lang/ClassLoader')}
  0x00000250862be380: 7849 b810 | 0eb6 9a50 | 0200 0049 | 8380 9001 | 0000 014c | 8bc0 4c8b | 8c24 9800 | 0000 488b 
  0x00000250862be3a0: 5424 7848 | 8984 24a0 | 0000 000f 

  0x00000250862be3ac: ;   {optimized virtual_call}
  0x00000250862be3ac: 1f40 00e8 

  0x00000250862be3b0: ; ImmutableOopMap {[160]=Oop }
                      ;*invokevirtual postDefineClass {reexecute=0 rethrow=0 return_oop=0}
                      ; - java.lang.ClassLoader::defineClass@37 (line 1028)
  0x00000250862be3b0: ecc5 0200 

  0x00000250862be3b4: ;   {other}
  0x00000250862be3b4: 0f1f 8400 | a405 0003 | 488b 8424 | a000 0000 | 4881 c4b0 | 0000 005d 

  0x00000250862be3cc: ;   {poll_return}
  0x00000250862be3cc: 493b a750 | 0400 000f | 8799 0000 

  0x00000250862be3d8: ;   {metadata({method} {0x000002509a027098} 'defineClass' '(Ljava/lang/String;[BIILjava/security/ProtectionDomain;)Ljava/lang/Class;' in 'java/lang/ClassLoader')}
  0x00000250862be3d8: 00c3 49ba | 9070 029a | 5002 0000 | 4c89 5424 | 0848 c704 | 24ff ffff 

  0x00000250862be3f0: ;   {runtime_call counter_overflow Runtime1 stub}
  0x00000250862be3f0: ffe8 8a74 

  0x00000250862be3f4: ; ImmutableOopMap {rdx=Oop r8=Oop r9=Oop rcx=Oop [120]=Oop }
                      ;*synchronization entry
                      ; - java.lang.ClassLoader::defineClass@-1 (line 1025)
  0x00000250862be3f4: 4b07 e98f 

  0x00000250862be3f8: ;   {metadata({method} {0x000002509a026e48} 'defineClassSourceLocation' '(Ljava/security/ProtectionDomain;)Ljava/lang/String;' in 'java/lang/ClassLoader')}
  0x00000250862be3f8: fcff ff49 | ba40 6e02 | 9a50 0200 | 004c 8954 | 2408 48c7 | 0424 ffff 

  0x00000250862be410: ;   {runtime_call counter_overflow Runtime1 stub}
  0x00000250862be410: ffff e869 

  0x00000250862be414: ; ImmutableOopMap {rax=Oop [120]=Oop [128]=Oop [136]=Oop [152]=Oop }
                      ;*synchronization entry
                      ; - java.lang.ClassLoader::defineClassSourceLocation@-1 (line 924)
                      ; - java.lang.ClassLoader::defineClass@12 (line 1026)
  0x00000250862be414: 744b 07e9 | 08fd ffff 

  0x00000250862be41c: ;   {runtime_call throw_null_pointer_exception Runtime1 stub}
  0x00000250862be41c: e85f 234b 

  0x00000250862be420: ; ImmutableOopMap {rax=Oop [120]=Oop [128]=Oop [136]=Oop [152]=Oop }
                      ;*invokevirtual getCodeSource {reexecute=0 rethrow=0 return_oop=0}
                      ; - java.lang.ClassLoader::defineClassSourceLocation@1 (line 924)
                      ; - java.lang.ClassLoader::defineClass@12 (line 1026)
                      ;   {runtime_call throw_null_pointer_exception Runtime1 stub}
  0x00000250862be420: 07e8 5a23 

  0x00000250862be424: ; ImmutableOopMap {rax=Oop r8=Oop [120]=Oop [128]=Oop [136]=Oop [152]=Oop }
                      ;*invokevirtual getLocation {reexecute=0 rethrow=0 return_oop=0}
                      ; - java.lang.ClassLoader::defineClassSourceLocation@12 (line 926)
                      ; - java.lang.ClassLoader::defineClass@12 (line 1026)
                      ;   {runtime_call throw_null_pointer_exception Runtime1 stub}
  0x00000250862be424: 4b07 e855 

  0x00000250862be428: ; ImmutableOopMap {rdx=Oop [120]=Oop [128]=Oop [136]=Oop [152]=Oop }
                      ;*invokevirtual toString {reexecute=0 rethrow=0 return_oop=0}
                      ; - java.lang.ClassLoader::defineClassSourceLocation@22 (line 927)
                      ; - java.lang.ClassLoader::defineClass@12 (line 1026)
                      ;   {metadata({method} {0x000002509a100ff0} 'toString' '()Ljava/lang/String;' in 'java/net/URL')}
  0x00000250862be428: 234b 0749 | bae8 0f10 | 9a50 0200 | 004c 8954 | 2408 48c7 | 0424 ffff 

  0x00000250862be440: ;   {runtime_call counter_overflow Runtime1 stub}
  0x00000250862be440: ffff e839 

  0x00000250862be444: ; ImmutableOopMap {rdx=Oop [120]=Oop [128]=Oop [136]=Oop [152]=Oop }
                      ;*synchronization entry
                      ; - java.net.URL::toString@-1 (line 1189)
                      ; - java.lang.ClassLoader::defineClassSourceLocation@22 (line 927)
                      ; - java.lang.ClassLoader::defineClass@12 (line 1026)
  0x00000250862be444: 744b 07e9 | ebfd ffff 

  0x00000250862be44c: ;   {metadata({method} {0x000002509a1010a0} 'toExternalForm' '()Ljava/lang/String;' in 'java/net/URL')}
  0x00000250862be44c: 49ba 9810 | 109a 5002 | 0000 4c89 | 5424 0848 | c704 24ff 

  0x00000250862be460: ;   {runtime_call counter_overflow Runtime1 stub}
  0x00000250862be460: ffff ffe8 

  0x00000250862be464: ; ImmutableOopMap {rdx=Oop [120]=Oop [128]=Oop [136]=Oop [152]=Oop }
                      ;*synchronization entry
                      ; - java.net.URL::toExternalForm@-1 (line 1203)
                      ; - java.net.URL::toString@1 (line 1189)
                      ; - java.lang.ClassLoader::defineClassSourceLocation@22 (line 927)
                      ; - java.lang.ClassLoader::defineClass@12 (line 1026)
  0x00000250862be464: 1874 4b07 | e908 feff 

  0x00000250862be46c: ;   {runtime_call throw_null_pointer_exception Runtime1 stub}
  0x00000250862be46c: ffe8 0e23 

  0x00000250862be470: ; ImmutableOopMap {rdx=Oop rsi=Oop [120]=Oop [128]=Oop [136]=Oop [152]=Oop }
                      ;*invokevirtual toExternalForm {reexecute=0 rethrow=0 return_oop=0}
                      ; - java.net.URL::toExternalForm@5 (line 1203)
                      ; - java.net.URL::toString@1 (line 1189)
                      ; - java.lang.ClassLoader::defineClassSourceLocation@22 (line 927)
                      ; - java.lang.ClassLoader::defineClass@12 (line 1026)
                      ;   {internal_word}
  0x00000250862be470: 4b07 49ba | cce3 2b86 | 5002 0000 | 4d89 9768 

  0x00000250862be480: ;   {runtime_call SafepointBlob}
  0x00000250862be480: 0400 00e9 | 7872 3f07 | 498b 8700 | 0500 0049 | c787 0005 | 0000 0000 | 0000 49c7 | 8708 0500 
  0x00000250862be4a0: 0000 0000 | 0048 81c4 | b000 0000 

  0x00000250862be4ac: ;   {runtime_call unwind_exception Runtime1 stub}
  0x00000250862be4ac: 5de9 ce13 | 4b07 f4f4 | f4f4 f4f4 
[Stub Code]
  0x00000250862be4b8: ;   {no_reloc}
  0x00000250862be4b8: 0f1f 4400 

  0x00000250862be4bc: ;   {static_stub}
  0x00000250862be4bc: 0048 bb00 | 0000 0000 

  0x00000250862be4c4: ;   {runtime_call}
  0x00000250862be4c4: 0000 00e9 | fbff ffff 

  0x00000250862be4cc: ;   {static_stub}
  0x00000250862be4cc: 48bb 486d | 029a 5002 

  0x00000250862be4d4: ;   {runtime_call I2C/C2I adapters}
  0x00000250862be4d4: 0000 e987 

  0x00000250862be4d8: ;   {static_stub}
  0x00000250862be4d8: c83e 0748 | bbb0 7202 | 9a50 0200 

  0x00000250862be4e4: ;   {runtime_call I2C/C2I adapters}
  0x00000250862be4e4: 00e9 0f51 

  0x00000250862be4e8: ;   {static_stub}
  0x00000250862be4e8: 3e07 48bb | 506f 029a | 5002 0000 

  0x00000250862be4f4: ;   {runtime_call I2C/C2I adapters}
  0x00000250862be4f4: e969 c83e 

  0x00000250862be4f8: ;   {runtime_call handle_exception_from_callee Runtime1 stub}
  0x00000250862be4f8: 07e8 8240 

  0x00000250862be4fc: ;   {external_word}
  0x00000250862be4fc: 4b07 48b9 | 70e0 262b | fe7f 0000 | 4883 e4f0 

  0x00000250862be50c: ;   {runtime_call}
  0x00000250862be50c: 48b8 60f6 | e92a fe7f | 0000 ffd0 

  0x00000250862be518: ;   {section_word}
  0x00000250862be518: f449 ba19 | e52b 8650 | 0200 0041 

  0x00000250862be524: ;   {runtime_call DeoptimizationBlob}
  0x00000250862be524: 52e9 7664 | 3f07 f4f4 | f4f4 f4f4 
[/MachCode]


Compiled method (c1)    1646  858       3       java.security.SecureClassLoader::defineClass (16 bytes)
 total in heap  [0x00000250862bd990,0x00000250862bdd90] = 1024
 relocation     [0x00000250862bdaf0,0x00000250862bdb40] = 80
 main code      [0x00000250862bdb40,0x00000250862bdc98] = 344
 stub code      [0x00000250862bdc98,0x00000250862bdce8] = 80
 metadata       [0x00000250862bdce8,0x00000250862bdcf0] = 8
 scopes data    [0x00000250862bdcf0,0x00000250862bdd38] = 72
 scopes pcs     [0x00000250862bdd38,0x00000250862bdd88] = 80
 dependencies   [0x00000250862bdd88,0x00000250862bdd90] = 8

[Constant Pool (empty)]

[MachCode]
[Entry Point]
  # {method} {0x000002509a040848} 'defineClass' '(Ljava/lang/String;[BIILjava/security/CodeSource;)Ljava/lang/Class;' in 'java/security/SecureClassLoader'
  # this:     rdx:rdx   = 'java/security/SecureClassLoader'
  # parm0:    r8:r8     = 'java/lang/String'
  # parm1:    r9:r9     = '[B'
  # parm2:    rdi       = int
  # parm3:    rsi       = int
  # parm4:    rcx:rcx   = 'java/security/CodeSource'
  #           [sp+0x80]  (sp of caller)
  0x00000250862bdb40: 448b 5208 | 49c1 e203 

  0x00000250862bdb48: ;   {runtime_call ic_miss_stub}
  0x00000250862bdb48: 4c3b d00f | 852f 0c3f | 0766 6666 | 0f1f 8400 | 0000 0000 | 6666 6690 
[Verified Entry Point]
  0x00000250862bdb60: 8984 2400 | 80ff ff55 | 4883 ec70 | 4181 7f20 | 0100 0000 

  0x00000250862bdb74: ;   {runtime_call StubRoutines (final stubs)}
  0x00000250862bdb74: 7405 e8a5 

  0x00000250862bdb78: ;   {metadata(method data for {method} {0x000002509a040848} 'defineClass' '(Ljava/lang/String;[BIILjava/security/CodeSource;)Ljava/lang/Class;' in 'java/security/SecureClassLoader')}
  0x00000250862bdb78: 713d 0748 | bb28 0cb6 | 9a50 0200 | 008b 83cc | 0000 0083 | c002 8983 | cc00 0000 | 25fe 0700 
  0x00000250862bdb98: 0085 c00f | 8496 0000 | 0089 7424 | 5c89 7c24 | 584c 894c | 2450 4c89 | 4424 4848 

  0x00000250862bdbb4: ;   {metadata(method data for {method} {0x000002509a040848} 'defineClass' '(Ljava/lang/String;[BIILjava/security/CodeSource;)Ljava/lang/Class;' in 'java/security/SecureClassLoader')}
  0x00000250862bdbb4: 8bda 48b8 | 280c b69a | 5002 0000 | 4883 8010 | 0100 0001 | 4c8b c148 | 8bc2 488b | d048 8944 
  0x00000250862bdbd4: ;   {optimized virtual_call}
  0x00000250862bdbd4: 2440 90e8 

  0x00000250862bdbd8: ; ImmutableOopMap {[64]=Oop [72]=Oop [80]=Oop }
                      ;*invokevirtual getProtectionDomain {reexecute=0 rethrow=0 return_oop=0}
                      ; - java.security.SecureClassLoader::defineClass@9 (line 150)
  0x00000250862bdbd8: c4d9 ffff 

  0x00000250862bdbdc: ;   {other}
  0x00000250862bdbdc: 0f1f 8400 | 4c02 0000 | 488b 5424 

  0x00000250862bdbe8: ;   {metadata(method data for {method} {0x000002509a040848} 'defineClass' '(Ljava/lang/String;[BIILjava/security/CodeSource;)Ljava/lang/Class;' in 'java/security/SecureClassLoader')}
  0x00000250862bdbe8: 4049 b828 | 0cb6 9a50 | 0200 0049 | 8380 4801 | 0000 014c | 8b44 2448 | 4c8b 4c24 | 508b 7c24 
  0x00000250862bdc08: 588b 7424 | 5c48 8bc8 | 488b 5424 

  0x00000250862bdc14: ;   {optimized virtual_call}
  0x00000250862bdc14: 4066 90e8 

  0x00000250862bdc18: ; ImmutableOopMap {}
                      ;*invokevirtual defineClass {reexecute=0 rethrow=0 return_oop=0}
                      ; - java.security.SecureClassLoader::defineClass@12 (line 150)
  0x00000250862bdc18: 2404 0000 

  0x00000250862bdc1c: ;   {other}
  0x00000250862bdc1c: 0f1f 8400 | 8c02 0001 | 4883 c470 

  0x00000250862bdc28: ;   {poll_return}
  0x00000250862bdc28: 5d49 3ba7 | 5004 0000 | 0f87 2200 

  0x00000250862bdc34: ;   {metadata({method} {0x000002509a040848} 'defineClass' '(Ljava/lang/String;[BIILjava/security/CodeSource;)Ljava/lang/Class;' in 'java/security/SecureClassLoader')}
  0x00000250862bdc34: 0000 c349 | ba40 0804 | 9a50 0200 | 004c 8954 | 2408 48c7 | 0424 ffff 

  0x00000250862bdc4c: ;   {runtime_call counter_overflow Runtime1 stub}
  0x00000250862bdc4c: ffff e82d 

  0x00000250862bdc50: ; ImmutableOopMap {rdx=Oop r8=Oop r9=Oop rcx=Oop }
                      ;*synchronization entry
                      ; - java.security.SecureClassLoader::defineClass@-1 (line 150)
  0x00000250862bdc50: 7c4b 07e9 | 49ff ffff 

  0x00000250862bdc58: ;   {internal_word}
  0x00000250862bdc58: 49ba 29dc | 2b86 5002 | 0000 4d89 | 9768 0400 

  0x00000250862bdc68: ;   {runtime_call SafepointBlob}
  0x00000250862bdc68: 00e9 927a | 3f07 498b | 8700 0500 | 0049 c787 | 0005 0000 | 0000 0000 | 49c7 8708 | 0500 0000 
  0x00000250862bdc88: 0000 0048 | 83c4 705d 

  0x00000250862bdc90: ;   {runtime_call unwind_exception Runtime1 stub}
  0x00000250862bdc90: e9eb 1b4b | 07f4 f4f4 
[Stub Code]
  0x00000250862bdc98: ;   {no_reloc}
  0x00000250862bdc98: 48bb 0000 | 0000 0000 

  0x00000250862bdca0: ;   {runtime_call}
  0x00000250862bdca0: 0000 e9fb 

  0x00000250862bdca4: ;   {static_stub}
  0x00000250862bdca4: ffff ff48 | bb00 0000 | 0000 0000 

  0x00000250862bdcb0: ;   {runtime_call}
  0x00000250862bdcb0: 00e9 fbff 

  0x00000250862bdcb4: ;   {runtime_call handle_exception_from_callee Runtime1 stub}
  0x00000250862bdcb4: ffff e8c5 

  0x00000250862bdcb8: ;   {external_word}
  0x00000250862bdcb8: 484b 0748 | b970 e026 | 2bfe 7f00 | 0048 83e4 

  0x00000250862bdcc8: ;   {runtime_call}
  0x00000250862bdcc8: f048 b860 | f6e9 2afe | 7f00 00ff 

  0x00000250862bdcd4: ;   {section_word}
  0x00000250862bdcd4: d0f4 49ba | d6dc 2b86 | 5002 0000 

  0x00000250862bdce0: ;   {runtime_call DeoptimizationBlob}
  0x00000250862bdce0: 4152 e9b9 | 6c3f 07f4 
[/MachCode]


---------------  P R O C E S S  ---------------

Threads class SMR info:
_java_thread_list=0x000002509f0225c0, length=11, elements={
0x000002508055d6d0, 0x000002509e04d410, 0x000002509e04f340, 0x000002509e057290,
0x000002509e055130, 0x000002509e0557a0, 0x000002509e056200, 0x000002509e0686a0,
0x000002509e087b80, 0x000002509e212ab0, 0x000002509e218710
}

Java Threads: ( => current thread )
=>0x000002508055d6d0 JavaThread "main"                              [_thread_in_vm, id=11136, stack(0x0000007684e00000,0x0000007684f00000) (1024K)]
  0x000002509e04d410 JavaThread "Reference Handler"          daemon [_thread_blocked, id=9692, stack(0x0000007685600000,0x0000007685700000) (1024K)]
  0x000002509e04f340 JavaThread "Finalizer"                  daemon [_thread_blocked, id=1212, stack(0x0000007685700000,0x0000007685800000) (1024K)]
  0x000002509e057290 JavaThread "Signal Dispatcher"          daemon [_thread_blocked, id=12024, stack(0x0000007685800000,0x0000007685900000) (1024K)]
  0x000002509e055130 JavaThread "Attach Listener"            daemon [_thread_blocked, id=2572, stack(0x0000007685900000,0x0000007685a00000) (1024K)]
  0x000002509e0557a0 JavaThread "Service Thread"             daemon [_thread_blocked, id=4412, stack(0x0000007685a00000,0x0000007685b00000) (1024K)]
  0x000002509e056200 JavaThread "Monitor Deflation Thread"   daemon [_thread_blocked, id=1912, stack(0x0000007685b00000,0x0000007685c00000) (1024K)]
  0x000002509e0686a0 JavaThread "C2 CompilerThread0"         daemon [_thread_blocked, id=4416, stack(0x0000007685c00000,0x0000007685d00000) (1024K)]
  0x000002509e087b80 JavaThread "C1 CompilerThread0"         daemon [_thread_blocked, id=5796, stack(0x0000007685d00000,0x0000007685e00000) (1024K)]
  0x000002509e212ab0 JavaThread "Notification Thread"        daemon [_thread_blocked, id=7776, stack(0x0000007685e00000,0x0000007685f00000) (1024K)]
  0x000002509e218710 JavaThread "Common-Cleaner"             daemon [_thread_blocked, id=6128, stack(0x0000007685f00000,0x0000007686000000) (1024K)]
Total: 11

Other Threads:
  0x0000025099dd9240 VMThread "VM Thread"                           [id=8052, stack(0x0000007685500000,0x0000007685600000) (1024K)]
  0x0000025099d56d80 WatcherThread "VM Periodic Task Thread"        [id=8728, stack(0x0000007685400000,0x0000007685500000) (1024K)]
  0x0000025082670dc0 WorkerThread "GC Thread#0"                     [id=512, stack(0x0000007684f00000,0x0000007685000000) (1024K)]
  0x000002509ec80cd0 WorkerThread "GC Thread#1"                     [id=7312, stack(0x0000007686000000,0x0000007686100000) (1024K)]
  0x000002509ec81070 WorkerThread "GC Thread#2"                     [id=8064, stack(0x0000007686100000,0x0000007686200000) (1024K)]
  0x000002509eadf590 WorkerThread "GC Thread#3"                     [id=7988, stack(0x0000007686200000,0x0000007686300000) (1024K)]
  0x0000025082682c20 ConcurrentGCThread "G1 Main Marker"            [id=4424, stack(0x0000007685000000,0x0000007685100000) (1024K)]
  0x0000025082683720 WorkerThread "G1 Conc#0"                       [id=136, stack(0x0000007685100000,0x0000007685200000) (1024K)]
  0x0000025099c180e0 ConcurrentGCThread "G1 Refine#0"               [id=6884, stack(0x0000007685200000,0x0000007685300000) (1024K)]
  0x0000025099c18a60 ConcurrentGCThread "G1 Service"                [id=5652, stack(0x0000007685300000,0x0000007685400000) (1024K)]
Total: 10

Threads with active compile tasks:
Total: 0

VM state: not at safepoint (normal execution)

VM Mutex/Monitor currently owned by a thread:  ([mutex/lock_event])
[0x00007ffe2b5200a8] Metaspace_lock - owner thread: 0x000002508055d6d0

Heap address: 0x0000000081a00000, size: 2022 MB, Compressed Oops mode: 32-bit

CDS archive(s) not mapped
Compressed class space mapped at: 0x0000000100000000-0x0000000140000000, reserved size: 1073741824
Narrow klass base: 0x0000000000000000, Narrow klass shift: 3, Narrow klass range: 0x140000000

GC Precious Log:
 CardTable entry size: 512
 Card Set container configuration: InlinePtr #cards 5 size 8 Array Of Cards #cards 12 size 40 Howl #buckets 4 coarsen threshold 1843 Howl Bitmap #cards 512 size 80 coarsen threshold 460 Card regions per heap region 1 cards per card region 2048
 CPUs: 4 total, 4 available
 Memory: 8080M
 Large Page Support: Disabled
 NUMA Support: Disabled
 Compressed Oops: Enabled (32-bit)
 Heap Region Size: 1M
 Heap Min Capacity: 8M
 Heap Initial Capacity: 128M
 Heap Max Capacity: 2022M
 Pre-touch: Disabled
 Parallel Workers: 4
 Concurrent Workers: 1
 Concurrent Refinement Workers: 4
 Periodic GC: Disabled

Heap:
 garbage-first heap   total 131072K, used 32940K [0x0000000081a00000, 0x0000000100000000)
  region size 1024K, 31 young (31744K), 1 survivors (1024K)
 Metaspace       used 20506K, committed 20672K, reserved 1114112K
  class space    used 2174K, committed 2240K, reserved 1048576K

Heap Regions: E=young(eden), S=young(survivor), O=old, HS=humongous(starts), HC=humongous(continues), CS=collection set, F=free, TAMS=top-at-mark-start, PB=parsable bottom
|   0|0x0000000081a00000, 0x0000000081b00000, 0x0000000081b00000|100%| O|  |TAMS 0x0000000081a00000| PB 0x0000000081a00000| Untracked 
|   1|0x0000000081b00000, 0x0000000081c00000, 0x0000000081c00000|100%| O|  |TAMS 0x0000000081b00000| PB 0x0000000081b00000| Untracked 
|   2|0x0000000081c00000, 0x0000000081d00000, 0x0000000081d00000|100%| O|  |TAMS 0x0000000081c00000| PB 0x0000000081c00000| Untracked 
|   3|0x0000000081d00000, 0x0000000081d5ce40, 0x0000000081e00000| 36%| O|  |TAMS 0x0000000081d00000| PB 0x0000000081d00000| Untracked 
|   4|0x0000000081e00000, 0x0000000081e00000, 0x0000000081f00000|  0%| F|  |TAMS 0x0000000081e00000| PB 0x0000000081e00000| Untracked 
|   5|0x0000000081f00000, 0x0000000081f00000, 0x0000000082000000|  0%| F|  |TAMS 0x0000000081f00000| PB 0x0000000081f00000| Untracked 
|   6|0x0000000082000000, 0x0000000082000000, 0x0000000082100000|  0%| F|  |TAMS 0x0000000082000000| PB 0x0000000082000000| Untracked 
|   7|0x0000000082100000, 0x0000000082100000, 0x0000000082200000|  0%| F|  |TAMS 0x0000000082100000| PB 0x0000000082100000| Untracked 
|   8|0x0000000082200000, 0x0000000082200000, 0x0000000082300000|  0%| F|  |TAMS 0x0000000082200000| PB 0x0000000082200000| Untracked 
|   9|0x0000000082300000, 0x0000000082300000, 0x0000000082400000|  0%| F|  |TAMS 0x0000000082300000| PB 0x0000000082300000| Untracked 
|  10|0x0000000082400000, 0x0000000082400000, 0x0000000082500000|  0%| F|  |TAMS 0x0000000082400000| PB 0x0000000082400000| Untracked 
|  11|0x0000000082500000, 0x0000000082500000, 0x0000000082600000|  0%| F|  |TAMS 0x0000000082500000| PB 0x0000000082500000| Untracked 
|  12|0x0000000082600000, 0x0000000082600000, 0x0000000082700000|  0%| F|  |TAMS 0x0000000082600000| PB 0x0000000082600000| Untracked 
|  13|0x0000000082700000, 0x0000000082700000, 0x0000000082800000|  0%| F|  |TAMS 0x0000000082700000| PB 0x0000000082700000| Untracked 
|  14|0x0000000082800000, 0x0000000082800000, 0x0000000082900000|  0%| F|  |TAMS 0x0000000082800000| PB 0x0000000082800000| Untracked 
|  15|0x0000000082900000, 0x0000000082900000, 0x0000000082a00000|  0%| F|  |TAMS 0x0000000082900000| PB 0x0000000082900000| Untracked 
|  16|0x0000000082a00000, 0x0000000082a00000, 0x0000000082b00000|  0%| F|  |TAMS 0x0000000082a00000| PB 0x0000000082a00000| Untracked 
|  17|0x0000000082b00000, 0x0000000082b00000, 0x0000000082c00000|  0%| F|  |TAMS 0x0000000082b00000| PB 0x0000000082b00000| Untracked 
|  18|0x0000000082c00000, 0x0000000082c00000, 0x0000000082d00000|  0%| F|  |TAMS 0x0000000082c00000| PB 0x0000000082c00000| Untracked 
|  19|0x0000000082d00000, 0x0000000082d00000, 0x0000000082e00000|  0%| F|  |TAMS 0x0000000082d00000| PB 0x0000000082d00000| Untracked 
|  20|0x0000000082e00000, 0x0000000082e00000, 0x0000000082f00000|  0%| F|  |TAMS 0x0000000082e00000| PB 0x0000000082e00000| Untracked 
|  21|0x0000000082f00000, 0x0000000082f00000, 0x0000000083000000|  0%| F|  |TAMS 0x0000000082f00000| PB 0x0000000082f00000| Untracked 
|  22|0x0000000083000000, 0x0000000083000000, 0x0000000083100000|  0%| F|  |TAMS 0x0000000083000000| PB 0x0000000083000000| Untracked 
|  23|0x0000000083100000, 0x0000000083100000, 0x0000000083200000|  0%| F|  |TAMS 0x0000000083100000| PB 0x0000000083100000| Untracked 
|  24|0x0000000083200000, 0x0000000083200000, 0x0000000083300000|  0%| F|  |TAMS 0x0000000083200000| PB 0x0000000083200000| Untracked 
|  25|0x0000000083300000, 0x0000000083300000, 0x0000000083400000|  0%| F|  |TAMS 0x0000000083300000| PB 0x0000000083300000| Untracked 
|  26|0x0000000083400000, 0x0000000083400000, 0x0000000083500000|  0%| F|  |TAMS 0x0000000083400000| PB 0x0000000083400000| Untracked 
|  27|0x0000000083500000, 0x0000000083500000, 0x0000000083600000|  0%| F|  |TAMS 0x0000000083500000| PB 0x0000000083500000| Untracked 
|  28|0x0000000083600000, 0x0000000083600000, 0x0000000083700000|  0%| F|  |TAMS 0x0000000083600000| PB 0x0000000083600000| Untracked 
|  29|0x0000000083700000, 0x0000000083700000, 0x0000000083800000|  0%| F|  |TAMS 0x0000000083700000| PB 0x0000000083700000| Untracked 
|  30|0x0000000083800000, 0x0000000083800000, 0x0000000083900000|  0%| F|  |TAMS 0x0000000083800000| PB 0x0000000083800000| Untracked 
|  31|0x0000000083900000, 0x0000000083900000, 0x0000000083a00000|  0%| F|  |TAMS 0x0000000083900000| PB 0x0000000083900000| Untracked 
|  32|0x0000000083a00000, 0x0000000083a00000, 0x0000000083b00000|  0%| F|  |TAMS 0x0000000083a00000| PB 0x0000000083a00000| Untracked 
|  33|0x0000000083b00000, 0x0000000083b00000, 0x0000000083c00000|  0%| F|  |TAMS 0x0000000083b00000| PB 0x0000000083b00000| Untracked 
|  34|0x0000000083c00000, 0x0000000083c00000, 0x0000000083d00000|  0%| F|  |TAMS 0x0000000083c00000| PB 0x0000000083c00000| Untracked 
|  35|0x0000000083d00000, 0x0000000083d00000, 0x0000000083e00000|  0%| F|  |TAMS 0x0000000083d00000| PB 0x0000000083d00000| Untracked 
|  36|0x0000000083e00000, 0x0000000083e00000, 0x0000000083f00000|  0%| F|  |TAMS 0x0000000083e00000| PB 0x0000000083e00000| Untracked 
|  37|0x0000000083f00000, 0x0000000083f00000, 0x0000000084000000|  0%| F|  |TAMS 0x0000000083f00000| PB 0x0000000083f00000| Untracked 
|  38|0x0000000084000000, 0x0000000084000000, 0x0000000084100000|  0%| F|  |TAMS 0x0000000084000000| PB 0x0000000084000000| Untracked 
|  39|0x0000000084100000, 0x0000000084100000, 0x0000000084200000|  0%| F|  |TAMS 0x0000000084100000| PB 0x0000000084100000| Untracked 
|  40|0x0000000084200000, 0x0000000084200000, 0x0000000084300000|  0%| F|  |TAMS 0x0000000084200000| PB 0x0000000084200000| Untracked 
|  41|0x0000000084300000, 0x0000000084300000, 0x0000000084400000|  0%| F|  |TAMS 0x0000000084300000| PB 0x0000000084300000| Untracked 
|  42|0x0000000084400000, 0x0000000084400000, 0x0000000084500000|  0%| F|  |TAMS 0x0000000084400000| PB 0x0000000084400000| Untracked 
|  43|0x0000000084500000, 0x0000000084500000, 0x0000000084600000|  0%| F|  |TAMS 0x0000000084500000| PB 0x0000000084500000| Untracked 
|  44|0x0000000084600000, 0x0000000084600000, 0x0000000084700000|  0%| F|  |TAMS 0x0000000084600000| PB 0x0000000084600000| Untracked 
|  45|0x0000000084700000, 0x0000000084700000, 0x0000000084800000|  0%| F|  |TAMS 0x0000000084700000| PB 0x0000000084700000| Untracked 
|  46|0x0000000084800000, 0x0000000084800000, 0x0000000084900000|  0%| F|  |TAMS 0x0000000084800000| PB 0x0000000084800000| Untracked 
|  47|0x0000000084900000, 0x0000000084900000, 0x0000000084a00000|  0%| F|  |TAMS 0x0000000084900000| PB 0x0000000084900000| Untracked 
|  48|0x0000000084a00000, 0x0000000084a00000, 0x0000000084b00000|  0%| F|  |TAMS 0x0000000084a00000| PB 0x0000000084a00000| Untracked 
|  49|0x0000000084b00000, 0x0000000084b00000, 0x0000000084c00000|  0%| F|  |TAMS 0x0000000084b00000| PB 0x0000000084b00000| Untracked 
|  50|0x0000000084c00000, 0x0000000084c00000, 0x0000000084d00000|  0%| F|  |TAMS 0x0000000084c00000| PB 0x0000000084c00000| Untracked 
|  51|0x0000000084d00000, 0x0000000084d00000, 0x0000000084e00000|  0%| F|  |TAMS 0x0000000084d00000| PB 0x0000000084d00000| Untracked 
|  52|0x0000000084e00000, 0x0000000084e00000, 0x0000000084f00000|  0%| F|  |TAMS 0x0000000084e00000| PB 0x0000000084e00000| Untracked 
|  53|0x0000000084f00000, 0x0000000084f00000, 0x0000000085000000|  0%| F|  |TAMS 0x0000000084f00000| PB 0x0000000084f00000| Untracked 
|  54|0x0000000085000000, 0x0000000085000000, 0x0000000085100000|  0%| F|  |TAMS 0x0000000085000000| PB 0x0000000085000000| Untracked 
|  55|0x0000000085100000, 0x0000000085100000, 0x0000000085200000|  0%| F|  |TAMS 0x0000000085100000| PB 0x0000000085100000| Untracked 
|  56|0x0000000085200000, 0x0000000085200000, 0x0000000085300000|  0%| F|  |TAMS 0x0000000085200000| PB 0x0000000085200000| Untracked 
|  57|0x0000000085300000, 0x0000000085300000, 0x0000000085400000|  0%| F|  |TAMS 0x0000000085300000| PB 0x0000000085300000| Untracked 
|  58|0x0000000085400000, 0x0000000085400000, 0x0000000085500000|  0%| F|  |TAMS 0x0000000085400000| PB 0x0000000085400000| Untracked 
|  59|0x0000000085500000, 0x0000000085500000, 0x0000000085600000|  0%| F|  |TAMS 0x0000000085500000| PB 0x0000000085500000| Untracked 
|  60|0x0000000085600000, 0x0000000085600000, 0x0000000085700000|  0%| F|  |TAMS 0x0000000085600000| PB 0x0000000085600000| Untracked 
|  61|0x0000000085700000, 0x0000000085700000, 0x0000000085800000|  0%| F|  |TAMS 0x0000000085700000| PB 0x0000000085700000| Untracked 
|  62|0x0000000085800000, 0x0000000085800000, 0x0000000085900000|  0%| F|  |TAMS 0x0000000085800000| PB 0x0000000085800000| Untracked 
|  63|0x0000000085900000, 0x0000000085900000, 0x0000000085a00000|  0%| F|  |TAMS 0x0000000085900000| PB 0x0000000085900000| Untracked 
|  64|0x0000000085a00000, 0x0000000085a00000, 0x0000000085b00000|  0%| F|  |TAMS 0x0000000085a00000| PB 0x0000000085a00000| Untracked 
|  65|0x0000000085b00000, 0x0000000085b00000, 0x0000000085c00000|  0%| F|  |TAMS 0x0000000085b00000| PB 0x0000000085b00000| Untracked 
|  66|0x0000000085c00000, 0x0000000085c00000, 0x0000000085d00000|  0%| F|  |TAMS 0x0000000085c00000| PB 0x0000000085c00000| Untracked 
|  67|0x0000000085d00000, 0x0000000085d00000, 0x0000000085e00000|  0%| F|  |TAMS 0x0000000085d00000| PB 0x0000000085d00000| Untracked 
|  68|0x0000000085e00000, 0x0000000085e00000, 0x0000000085f00000|  0%| F|  |TAMS 0x0000000085e00000| PB 0x0000000085e00000| Untracked 
|  69|0x0000000085f00000, 0x0000000085f00000, 0x0000000086000000|  0%| F|  |TAMS 0x0000000085f00000| PB 0x0000000085f00000| Untracked 
|  70|0x0000000086000000, 0x0000000086000000, 0x0000000086100000|  0%| F|  |TAMS 0x0000000086000000| PB 0x0000000086000000| Untracked 
|  71|0x0000000086100000, 0x0000000086100000, 0x0000000086200000|  0%| F|  |TAMS 0x0000000086100000| PB 0x0000000086100000| Untracked 
|  72|0x0000000086200000, 0x0000000086200000, 0x0000000086300000|  0%| F|  |TAMS 0x0000000086200000| PB 0x0000000086200000| Untracked 
|  73|0x0000000086300000, 0x0000000086300000, 0x0000000086400000|  0%| F|  |TAMS 0x0000000086300000| PB 0x0000000086300000| Untracked 
|  74|0x0000000086400000, 0x0000000086400000, 0x0000000086500000|  0%| F|  |TAMS 0x0000000086400000| PB 0x0000000086400000| Untracked 
|  75|0x0000000086500000, 0x0000000086500000, 0x0000000086600000|  0%| F|  |TAMS 0x0000000086500000| PB 0x0000000086500000| Untracked 
|  76|0x0000000086600000, 0x0000000086600000, 0x0000000086700000|  0%| F|  |TAMS 0x0000000086600000| PB 0x0000000086600000| Untracked 
|  77|0x0000000086700000, 0x0000000086700000, 0x0000000086800000|  0%| F|  |TAMS 0x0000000086700000| PB 0x0000000086700000| Untracked 
|  78|0x0000000086800000, 0x0000000086800000, 0x0000000086900000|  0%| F|  |TAMS 0x0000000086800000| PB 0x0000000086800000| Untracked 
|  79|0x0000000086900000, 0x0000000086900000, 0x0000000086a00000|  0%| F|  |TAMS 0x0000000086900000| PB 0x0000000086900000| Untracked 
|  80|0x0000000086a00000, 0x0000000086a00000, 0x0000000086b00000|  0%| F|  |TAMS 0x0000000086a00000| PB 0x0000000086a00000| Untracked 
|  81|0x0000000086b00000, 0x0000000086b00000, 0x0000000086c00000|  0%| F|  |TAMS 0x0000000086b00000| PB 0x0000000086b00000| Untracked 
|  82|0x0000000086c00000, 0x0000000086c00000, 0x0000000086d00000|  0%| F|  |TAMS 0x0000000086c00000| PB 0x0000000086c00000| Untracked 
|  83|0x0000000086d00000, 0x0000000086d00000, 0x0000000086e00000|  0%| F|  |TAMS 0x0000000086d00000| PB 0x0000000086d00000| Untracked 
|  84|0x0000000086e00000, 0x0000000086e00000, 0x0000000086f00000|  0%| F|  |TAMS 0x0000000086e00000| PB 0x0000000086e00000| Untracked 
|  85|0x0000000086f00000, 0x0000000086f00000, 0x0000000087000000|  0%| F|  |TAMS 0x0000000086f00000| PB 0x0000000086f00000| Untracked 
|  86|0x0000000087000000, 0x0000000087000000, 0x0000000087100000|  0%| F|  |TAMS 0x0000000087000000| PB 0x0000000087000000| Untracked 
|  87|0x0000000087100000, 0x0000000087100000, 0x0000000087200000|  0%| F|  |TAMS 0x0000000087100000| PB 0x0000000087100000| Untracked 
|  88|0x0000000087200000, 0x0000000087200000, 0x0000000087300000|  0%| F|  |TAMS 0x0000000087200000| PB 0x0000000087200000| Untracked 
|  89|0x0000000087300000, 0x0000000087300000, 0x0000000087400000|  0%| F|  |TAMS 0x0000000087300000| PB 0x0000000087300000| Untracked 
|  90|0x0000000087400000, 0x0000000087400000, 0x0000000087500000|  0%| F|  |TAMS 0x0000000087400000| PB 0x0000000087400000| Untracked 
|  91|0x0000000087500000, 0x0000000087500000, 0x0000000087600000|  0%| F|  |TAMS 0x0000000087500000| PB 0x0000000087500000| Untracked 
|  92|0x0000000087600000, 0x0000000087600000, 0x0000000087700000|  0%| F|  |TAMS 0x0000000087600000| PB 0x0000000087600000| Untracked 
|  93|0x0000000087700000, 0x0000000087700000, 0x0000000087800000|  0%| F|  |TAMS 0x0000000087700000| PB 0x0000000087700000| Untracked 
|  94|0x0000000087800000, 0x0000000087800000, 0x0000000087900000|  0%| F|  |TAMS 0x0000000087800000| PB 0x0000000087800000| Untracked 
|  95|0x0000000087900000, 0x0000000087900000, 0x0000000087a00000|  0%| F|  |TAMS 0x0000000087900000| PB 0x0000000087900000| Untracked 
|  96|0x0000000087a00000, 0x0000000087a00000, 0x0000000087b00000|  0%| F|  |TAMS 0x0000000087a00000| PB 0x0000000087a00000| Untracked 
|  97|0x0000000087b00000, 0x0000000087ba8850, 0x0000000087c00000| 65%| E|  |TAMS 0x0000000087b00000| PB 0x0000000087b00000| Complete 
|  98|0x0000000087c00000, 0x0000000087d00000, 0x0000000087d00000|100%| E|CS|TAMS 0x0000000087c00000| PB 0x0000000087c00000| Complete 
|  99|0x0000000087d00000, 0x0000000087e00000, 0x0000000087e00000|100%| E|CS|TAMS 0x0000000087d00000| PB 0x0000000087d00000| Complete 
| 100|0x0000000087e00000, 0x0000000087f00000, 0x0000000087f00000|100%| E|CS|TAMS 0x0000000087e00000| PB 0x0000000087e00000| Complete 
| 101|0x0000000087f00000, 0x0000000088000000, 0x0000000088000000|100%| E|CS|TAMS 0x0000000087f00000| PB 0x0000000087f00000| Complete 
| 102|0x0000000088000000, 0x00000000880ff9b8, 0x0000000088100000| 99%| E|  |TAMS 0x0000000088000000| PB 0x0000000088000000| Complete 
| 103|0x0000000088100000, 0x0000000088200000, 0x0000000088200000|100%| E|CS|TAMS 0x0000000088100000| PB 0x0000000088100000| Complete 
| 104|0x0000000088200000, 0x0000000088300000, 0x0000000088300000|100%| E|CS|TAMS 0x0000000088200000| PB 0x0000000088200000| Complete 
| 105|0x0000000088300000, 0x0000000088400000, 0x0000000088400000|100%| E|CS|TAMS 0x0000000088300000| PB 0x0000000088300000| Complete 
| 106|0x0000000088400000, 0x0000000088500000, 0x0000000088500000|100%| E|CS|TAMS 0x0000000088400000| PB 0x0000000088400000| Complete 
| 107|0x0000000088500000, 0x0000000088600000, 0x0000000088600000|100%| E|CS|TAMS 0x0000000088500000| PB 0x0000000088500000| Complete 
| 108|0x0000000088600000, 0x0000000088700000, 0x0000000088700000|100%| E|CS|TAMS 0x0000000088600000| PB 0x0000000088600000| Complete 
| 109|0x0000000088700000, 0x00000000887ce480, 0x0000000088800000| 80%| S|CS|TAMS 0x0000000088700000| PB 0x0000000088700000| Complete 
| 110|0x0000000088800000, 0x0000000088900000, 0x0000000088900000|100%| E|CS|TAMS 0x0000000088800000| PB 0x0000000088800000| Complete 
| 111|0x0000000088900000, 0x0000000088a00000, 0x0000000088a00000|100%| E|CS|TAMS 0x0000000088900000| PB 0x0000000088900000| Complete 
| 112|0x0000000088a00000, 0x0000000088b00000, 0x0000000088b00000|100%| E|CS|TAMS 0x0000000088a00000| PB 0x0000000088a00000| Complete 
| 113|0x0000000088b00000, 0x0000000088c00000, 0x0000000088c00000|100%| E|CS|TAMS 0x0000000088b00000| PB 0x0000000088b00000| Complete 
| 114|0x0000000088c00000, 0x0000000088d00000, 0x0000000088d00000|100%| E|CS|TAMS 0x0000000088c00000| PB 0x0000000088c00000| Complete 
| 115|0x0000000088d00000, 0x0000000088e00000, 0x0000000088e00000|100%| E|CS|TAMS 0x0000000088d00000| PB 0x0000000088d00000| Complete 
| 116|0x0000000088e00000, 0x0000000088f00000, 0x0000000088f00000|100%| E|CS|TAMS 0x0000000088e00000| PB 0x0000000088e00000| Complete 
| 117|0x0000000088f00000, 0x0000000089000000, 0x0000000089000000|100%| E|CS|TAMS 0x0000000088f00000| PB 0x0000000088f00000| Complete 
| 118|0x0000000089000000, 0x0000000089100000, 0x0000000089100000|100%| E|CS|TAMS 0x0000000089000000| PB 0x0000000089000000| Complete 
| 119|0x0000000089100000, 0x0000000089200000, 0x0000000089200000|100%| E|CS|TAMS 0x0000000089100000| PB 0x0000000089100000| Complete 
| 120|0x0000000089200000, 0x0000000089300000, 0x0000000089300000|100%| E|CS|TAMS 0x0000000089200000| PB 0x0000000089200000| Complete 
| 121|0x0000000089300000, 0x0000000089400000, 0x0000000089400000|100%| E|CS|TAMS 0x0000000089300000| PB 0x0000000089300000| Complete 
| 122|0x0000000089400000, 0x0000000089500000, 0x0000000089500000|100%| E|CS|TAMS 0x0000000089400000| PB 0x0000000089400000| Complete 
| 123|0x0000000089500000, 0x0000000089600000, 0x0000000089600000|100%| E|CS|TAMS 0x0000000089500000| PB 0x0000000089500000| Complete 
| 124|0x0000000089600000, 0x0000000089700000, 0x0000000089700000|100%| E|CS|TAMS 0x0000000089600000| PB 0x0000000089600000| Complete 
| 125|0x0000000089700000, 0x0000000089800000, 0x0000000089800000|100%| E|CS|TAMS 0x0000000089700000| PB 0x0000000089700000| Complete 
| 126|0x0000000089800000, 0x0000000089900000, 0x0000000089900000|100%| E|CS|TAMS 0x0000000089800000| PB 0x0000000089800000| Complete 
| 127|0x0000000089900000, 0x0000000089a00000, 0x0000000089a00000|100%| E|CS|TAMS 0x0000000089900000| PB 0x0000000089900000| Complete 

Card table byte_map: [0x0000025095530000,0x0000025095930000] _byte_map_base: 0x0000025095123000

Marking Bits: (CMBitMap*) 0x00000250826714c0
 Bits: [0x0000025095930000, 0x00000250978c8000)

Polling page: 0x00000250804d0000

Metaspace:

Usage:
  Non-class:     17.90 MB used.
      Class:      2.12 MB used.
       Both:     20.03 MB used.

Virtual space:
  Non-class space:       64.00 MB reserved,      18.00 MB ( 28%) committed,  1 nodes.
      Class space:        1.00 GB reserved,       2.19 MB ( <1%) committed,  1 nodes.
             Both:        1.06 GB reserved,      20.19 MB (  2%) committed. 

Chunk freelists:
   Non-Class:  13.67 MB
       Class:  13.75 MB
        Both:  27.42 MB

MaxMetaspaceSize: unlimited
CompressedClassSpaceSize: 1.00 GB
Initial GC threshold: 21.00 MB
Current GC threshold: 21.00 MB
CDS: off
 - commit_granule_bytes: 65536.
 - commit_granule_words: 8192.
 - virtual_space_node_default_size: 8388608.
 - enlarge_chunks_in_place: 1.
 - use_allocation_guard: 0.


Internal statistics:

num_allocs_failed_limit: 0.
num_arena_births: 116.
num_arena_deaths: 0.
num_vsnodes_births: 2.
num_vsnodes_deaths: 0.
num_space_committed: 323.
num_space_uncommitted: 0.
num_chunks_returned_to_freelist: 0.
num_chunks_taken_from_freelist: 518.
num_chunk_merges: 0.
num_chunk_splits: 349.
num_chunks_enlarged: 289.
num_inconsistent_stats: 0.

CodeHeap 'non-profiled nmethods': size=120000Kb used=831Kb max_used=831Kb free=119168Kb
 bounds [0x000002508dc00000, 0x000002508de70000, 0x0000025095130000]
CodeHeap 'profiled nmethods': size=120000Kb used=4054Kb max_used=4054Kb free=115945Kb
 bounds [0x0000025086130000, 0x0000025086530000, 0x000002508d660000]
CodeHeap 'non-nmethods': size=5760Kb used=1374Kb max_used=1409Kb free=4385Kb
 bounds [0x000002508d660000, 0x000002508d8d0000, 0x000002508dc00000]
 total_blobs=2585 nmethods=2113 adapters=376
 compilation: enabled
              stopped_count=0, restarted_count=0
 full_count=0

Compilation events (20 events):
Event: 1.557 Thread 0x000002509e087b80 nmethod 2103 0x0000025086520810 code [0x00000250865209e0, 0x0000025086520e38]
Event: 1.557 Thread 0x000002509e087b80 2104       3       java.util.stream.ReduceOps$3::makeSink (5 bytes)
Event: 1.557 Thread 0x000002509e087b80 nmethod 2104 0x0000025086521010 code [0x00000250865211c0, 0x0000025086521300]
Event: 1.557 Thread 0x000002509e087b80 2106       3       com.google.inject.internal.Scoping::makeInjectable (45 bytes)
Event: 1.558 Thread 0x000002509e087b80 nmethod 2106 0x0000025086521390 code [0x00000250865215c0, 0x0000025086521c68]
Event: 1.558 Thread 0x000002509e087b80 2110       3       java.lang.Class::copyConstructors (38 bytes)
Event: 1.558 Thread 0x000002509e087b80 nmethod 2110 0x0000025086521f10 code [0x0000025086522180, 0x0000025086522c90]
Event: 1.558 Thread 0x000002509e087b80 2107       3       java.util.Collection::stream (11 bytes)
Event: 1.559 Thread 0x000002509e087b80 nmethod 2107 0x0000025086523110 code [0x00000250865232c0, 0x00000250865234b8]
Event: 1.559 Thread 0x000002509e087b80 2108       3       java.lang.reflect.Executable::sharedGetParameterAnnotations (96 bytes)
Event: 1.559 Thread 0x000002509e087b80 nmethod 2108 0x0000025086523590 code [0x0000025086523840, 0x0000025086524538]
Event: 1.559 Thread 0x000002509e087b80 2109       3       java.lang.Class::getDeclaredConstructors (27 bytes)
Event: 1.560 Thread 0x000002509e087b80 nmethod 2109 0x0000025086524990 code [0x0000025086524b60, 0x0000025086524dc8]
Event: 1.560 Thread 0x000002509e087b80 2111   !   3       com.google.inject.spi.InjectionPoint::checkForMisplacedBindingAnnotations (61 bytes)
Event: 1.560 Thread 0x000002509e087b80 nmethod 2111 0x0000025086524f10 code [0x0000025086525140, 0x0000025086525888]
Event: 1.560 Thread 0x000002509e087b80 2105       1       com.google.inject.internal.KotlinSupport$KotlinUnsupported::isLocalClass (2 bytes)
Event: 1.560 Thread 0x000002509e087b80 nmethod 2105 0x000002508dcce290 code [0x000002508dcce420, 0x000002508dcce4e8]
Event: 1.563 Thread 0x000002509e0686a0 2112       4       java.util.jar.JarFile::maybeInstantiateVerifier (42 bytes)
Event: 1.564 Thread 0x000002509e0686a0 nmethod 2112 0x000002508dcce590 code [0x000002508dcce720, 0x000002508dcce830]
Event: 1.571 Thread 0x000002509e0686a0 2113       4       java.util.jar.JarFile::getVersionedEntry (133 bytes)

GC Heap History (4 events):
Event: 0.581 GC heap before
{Heap before GC invocations=0 (full 0):
 garbage-first heap   total 131072K, used 12288K [0x0000000081a00000, 0x0000000100000000)
  region size 1024K, 13 young (13312K), 0 survivors (0K)
 Metaspace       used 12568K, committed 12672K, reserved 1114112K
  class space    used 1156K, committed 1216K, reserved 1048576K
}
Event: 0.586 GC heap after
{Heap after GC invocations=1 (full 0):
 garbage-first heap   total 131072K, used 3285K [0x0000000081a00000, 0x0000000100000000)
  region size 1024K, 2 young (2048K), 2 survivors (2048K)
 Metaspace       used 12568K, committed 12672K, reserved 1114112K
  class space    used 1156K, committed 1216K, reserved 1048576K
}
Event: 0.890 GC heap before
{Heap before GC invocations=1 (full 0):
 garbage-first heap   total 131072K, used 18645K [0x0000000081a00000, 0x0000000100000000)
  region size 1024K, 18 young (18432K), 2 survivors (2048K)
 Metaspace       used 15243K, committed 15424K, reserved 1114112K
  class space    used 1518K, committed 1600K, reserved 1048576K
}
Event: 0.893 GC heap after
{Heap after GC invocations=2 (full 0):
 garbage-first heap   total 131072K, used 4268K [0x0000000081a00000, 0x0000000100000000)
  region size 1024K, 1 young (1024K), 1 survivors (1024K)
 Metaspace       used 15243K, committed 15424K, reserved 1114112K
  class space    used 1518K, committed 1600K, reserved 1048576K
}

Dll operation events (8 events):
Event: 0.006 Loaded shared library C:\eclipse-jee-2024-06-R-win32-x86_64\eclipse\plugins\org.eclipse.justj.openjdk.hotspot.jre.full.win32.x86_64_21.0.3.v20240426-1530\jre\bin\java.dll
Event: 0.013 Loaded shared library C:\eclipse-jee-2024-06-R-win32-x86_64\eclipse\plugins\org.eclipse.justj.openjdk.hotspot.jre.full.win32.x86_64_21.0.3.v20240426-1530\jre\bin\zip.dll
Event: 0.109 Loaded shared library C:\eclipse-jee-2024-06-R-win32-x86_64\eclipse\plugins\org.eclipse.justj.openjdk.hotspot.jre.full.win32.x86_64_21.0.3.v20240426-1530\jre\bin\net.dll
Event: 0.111 Loaded shared library C:\eclipse-jee-2024-06-R-win32-x86_64\eclipse\plugins\org.eclipse.justj.openjdk.hotspot.jre.full.win32.x86_64_21.0.3.v20240426-1530\jre\bin\nio.dll
Event: 0.118 Loaded shared library C:\eclipse-jee-2024-06-R-win32-x86_64\eclipse\plugins\org.eclipse.justj.openjdk.hotspot.jre.full.win32.x86_64_21.0.3.v20240426-1530\jre\bin\zip.dll
Event: 0.283 Loaded shared library C:\apache-maven-3.9.9\lib\jansi-native\Windows\x86_64\jansi.dll
Event: 0.285 Loaded shared library C:\eclipse-jee-2024-06-R-win32-x86_64\eclipse\plugins\org.eclipse.justj.openjdk.hotspot.jre.full.win32.x86_64_21.0.3.v20240426-1530\jre\bin\jimage.dll
Event: 0.300 Loaded shared library C:\eclipse-jee-2024-06-R-win32-x86_64\eclipse\plugins\org.eclipse.justj.openjdk.hotspot.jre.full.win32.x86_64_21.0.3.v20240426-1530\jre\bin\verify.dll

Deoptimization events (20 events):
Event: 1.430 Thread 0x000002508055d6d0 DEOPT PACKING pc=0x000002508dc41ae4 sp=0x0000007684efb170
Event: 1.430 Thread 0x000002508055d6d0 DEOPT UNPACKING pc=0x000002508d6b46a2 sp=0x0000007684efb0e8 mode 2
Event: 1.443 Thread 0x000002508055d6d0 Uncommon trap: trap_request=0xffffff45 fr.pc=0x000002508dcb909c relative=0x000000000000061c
Event: 1.443 Thread 0x000002508055d6d0 Uncommon trap: reason=unstable_if action=reinterpret pc=0x000002508dcb909c method=java.lang.Integer.getChars(II[B)I @ 25 c2
Event: 1.443 Thread 0x000002508055d6d0 DEOPT PACKING pc=0x000002508dcb909c sp=0x0000007684efdcc0
Event: 1.443 Thread 0x000002508055d6d0 DEOPT UNPACKING pc=0x000002508d6b46a2 sp=0x0000007684efdc08 mode 2
Event: 1.474 Thread 0x000002508055d6d0 Uncommon trap: trap_request=0xffffff45 fr.pc=0x000002508dc7b078 relative=0x0000000000000238
Event: 1.474 Thread 0x000002508055d6d0 Uncommon trap: reason=unstable_if action=reinterpret pc=0x000002508dc7b078 method=java.lang.ClassLoader.checkName(Ljava/lang/String;)Z @ 1 c2
Event: 1.474 Thread 0x000002508055d6d0 DEOPT PACKING pc=0x000002508dc7b078 sp=0x0000007684efda30
Event: 1.474 Thread 0x000002508055d6d0 DEOPT UNPACKING pc=0x000002508d6b46a2 sp=0x0000007684efd9c8 mode 2
Event: 1.475 Thread 0x000002508055d6d0 Uncommon trap: trap_request=0xffffff45 fr.pc=0x000002508dc0f868 relative=0x0000000000000048
Event: 1.475 Thread 0x000002508055d6d0 Uncommon trap: reason=unstable_if action=reinterpret pc=0x000002508dc0f868 method=java.lang.StringLatin1.canEncode(I)Z @ 4 c2
Event: 1.475 Thread 0x000002508055d6d0 DEOPT PACKING pc=0x000002508dc0f868 sp=0x0000007684efdba0
Event: 1.475 Thread 0x000002508055d6d0 DEOPT UNPACKING pc=0x000002508d6b46a2 sp=0x0000007684efdb30 mode 2
Event: 1.484 Thread 0x000002508055d6d0 Uncommon trap: trap_request=0xffffff45 fr.pc=0x000002508dcbb7d0 relative=0x0000000000000c50
Event: 1.484 Thread 0x000002508055d6d0 Uncommon trap: reason=unstable_if action=reinterpret pc=0x000002508dcbb7d0 method=jdk.internal.org.objectweb.asm.SymbolTable.put(Ljdk/internal/org/objectweb/asm/SymbolTable$Entry;)Ljdk/internal/org/objectweb/asm/SymbolTable$Entry; @ 13 c2
Event: 1.484 Thread 0x000002508055d6d0 DEOPT PACKING pc=0x000002508dcbb7d0 sp=0x0000007684efd760
Event: 1.484 Thread 0x000002508055d6d0 DEOPT UNPACKING pc=0x000002508d6b46a2 sp=0x0000007684efd698 mode 2
Event: 1.519 Thread 0x000002508055d6d0 DEOPT PACKING pc=0x00000250864bdbd4 sp=0x0000007684efdf10
Event: 1.519 Thread 0x000002508055d6d0 DEOPT UNPACKING pc=0x000002508d6b4e42 sp=0x0000007684efd470 mode 0

Classes loaded (20 events):
Event: 1.440 Loading class java/lang/ClassValue$ClassValueMap
Event: 1.440 Loading class java/lang/ClassValue$ClassValueMap done
Event: 1.443 Loading class java/util/TreeMap$Values
Event: 1.444 Loading class java/util/TreeMap$Values done
Event: 1.461 Loading class java/util/TreeMap$ValueIterator
Event: 1.462 Loading class java/util/TreeMap$ValueIterator done
Event: 1.465 Loading class sun/invoke/util/ValueConversions$1
Event: 1.465 Loading class sun/invoke/util/ValueConversions$1 done
Event: 1.466 Loading class java/lang/invoke/MethodHandles$1
Event: 1.466 Loading class java/lang/invoke/MethodHandles$1 done
Event: 1.466 Loading class java/lang/invoke/BoundMethodHandle$Species_LI
Event: 1.466 Loading class java/lang/invoke/BoundMethodHandle$Species_LI done
Event: 1.466 Loading class java/lang/invoke/ClassSpecializer$Factory$1Var
Event: 1.466 Loading class java/lang/invoke/ClassSpecializer$Factory$1Var done
Event: 1.471 Loading class java/lang/invoke/BoundMethodHandle$Species_LLLLL
Event: 1.471 Loading class java/lang/invoke/BoundMethodHandle$Species_LLLLL done
Event: 1.472 Loading class jdk/internal/org/objectweb/asm/ClassReader
Event: 1.473 Loading class jdk/internal/org/objectweb/asm/ClassReader done
Event: 1.474 Loading class java/util/function/ToIntFunction
Event: 1.475 Loading class java/util/function/ToIntFunction done

Classes unloaded (0 events):
No events

Classes redefined (0 events):
No events

Internal exceptions (20 events):
Event: 0.314 Thread 0x000002508055d6d0 Exception <a 'java/lang/NoSuchMethodError'{0x00000000894926a8}: 'void java.lang.invoke.DirectMethodHandle$Holder.invokeStaticInit(java.lang.Object, java.lang.Object)'> (0x00000000894926a8) 
thrown [s\src\hotspot\share\interpreter\linkResolver.cpp, line 773]
Event: 0.325 Thread 0x000002508055d6d0 Exception <a 'java/lang/NoSuchMethodError'{0x00000000894c5da8}: 'void java.lang.invoke.DirectMethodHandle$Holder.invokeStatic(java.lang.Object, java.lang.Object, java.lang.Object)'> (0x00000000894c5da8) 
thrown [s\src\hotspot\share\interpreter\linkResolver.cpp, line 773]
Event: 0.391 Thread 0x000002508055d6d0 Exception <a 'java/lang/NoSuchMethodError'{0x000000008922e588}: 'java.lang.Object java.lang.invoke.DirectMethodHandle$Holder.invokeSpecialIFC(java.lang.Object, java.lang.Object, java.lang.Object, java.lang.Object)'> (0x000000008922e588) 
thrown [s\src\hotspot\share\interpreter\linkResolver.cpp, line 773]
Event: 0.579 Thread 0x000002508055d6d0 Exception <a 'java/lang/NoSuchMethodError'{0x0000000088dce9d0}: 'void java.lang.invoke.DirectMethodHandle$Holder.invokeSpecial(java.lang.Object, java.lang.Object, java.lang.Object)'> (0x0000000088dce9d0) 
thrown [s\src\hotspot\share\interpreter\linkResolver.cpp, line 773]
Event: 0.617 Thread 0x000002508055d6d0 Exception <a 'java/lang/NoSuchMethodError'{0x0000000089853de0}: 'java.lang.Object java.lang.invoke.DirectMethodHandle$Holder.invokeInterface(java.lang.Object, java.lang.Object)'> (0x0000000089853de0) 
thrown [s\src\hotspot\share\interpreter\linkResolver.cpp, line 773]
Event: 0.631 Thread 0x000002508055d6d0 Exception <a 'java/lang/NoSuchMethodError'{0x00000000898eb248}: 'int java.lang.invoke.DirectMethodHandle$Holder.invokeStatic(java.lang.Object, java.lang.Object, java.lang.Object, java.lang.Object)'> (0x00000000898eb248) 
thrown [s\src\hotspot\share\interpreter\linkResolver.cpp, line 773]
Event: 0.631 Thread 0x000002508055d6d0 Exception <a 'java/lang/NoSuchMethodError'{0x00000000898ee8c8}: 'java.lang.Object java.lang.invoke.Invokers$Holder.invokeExact_MT(java.lang.Object, java.lang.Object, java.lang.Object, java.lang.Object, java.lang.Object, java.lang.Object)'> (0x00000000898ee8c8) 
thrown [s\src\hotspot\share\interpreter\linkResolver.cpp, line 773]
Event: 0.633 Thread 0x000002508055d6d0 Exception <a 'java/lang/NoSuchMethodError'{0x00000000898fcf78}: 'int java.lang.invoke.DirectMethodHandle$Holder.invokeSpecialIFC(java.lang.Object, java.lang.Object, java.lang.Object, java.lang.Object, java.lang.Object)'> (0x00000000898fcf78) 
thrown [s\src\hotspot\share\interpreter\linkResolver.cpp, line 773]
Event: 0.674 Thread 0x000002508055d6d0 Exception <a 'java/lang/NoSuchMethodError'{0x000000008967dc20}: 'java.lang.Object java.lang.invoke.DirectMethodHandle$Holder.newInvokeSpecial(java.lang.Object, java.lang.Object, java.lang.Object, java.lang.Object, java.lang.Object)'> (0x000000008967dc20) 
thrown [s\src\hotspot\share\interpreter\linkResolver.cpp, line 773]
Event: 0.699 Thread 0x000002508055d6d0 Exception <a 'java/lang/NoSuchMethodError'{0x0000000089578450}: 'int java.lang.invoke.DirectMethodHandle$Holder.invokeStaticInit(java.lang.Object, java.lang.Object)'> (0x0000000089578450) 
thrown [s\src\hotspot\share\interpreter\linkResolver.cpp, line 773]
Event: 0.705 Thread 0x000002508055d6d0 Exception <a 'java/lang/NoClassDefFoundError'{0x00000000895ad8b0}: javax/enterprise/inject/Typed> (0x00000000895ad8b0) 
thrown [s\src\hotspot\share\classfile\systemDictionary.cpp, line 301]
Event: 1.421 Thread 0x000002508055d6d0 Exception <a 'java/lang/NoSuchMethodError'{0x0000000087f202c8}: 'void java.lang.invoke.DirectMethodHandle$Holder.invokeStaticInit(java.lang.Object, java.lang.Object, java.lang.Object)'> (0x0000000087f202c8) 
thrown [s\src\hotspot\share\interpreter\linkResolver.cpp, line 773]
Event: 1.427 Thread 0x000002508055d6d0 Exception <a 'java/lang/ExceptionInInitializerError'{0x0000000087f4d4b0}> (0x0000000087f4d4b0) 
thrown [s\src\hotspot\share\oops\instanceKlass.cpp, line 1231]
Event: 1.465 Thread 0x000002508055d6d0 Exception <a 'java/lang/NoSuchMethodError'{0x0000000087e577e8}: 'long java.lang.invoke.DirectMethodHandle$Holder.invokeStatic(java.lang.Object, java.lang.Object, int)'> (0x0000000087e577e8) 
thrown [s\src\hotspot\share\interpreter\linkResolver.cpp, line 773]
Event: 1.467 Thread 0x000002508055d6d0 Exception <a 'java/lang/NoSuchMethodError'{0x0000000087e6a880}: 'java.lang.Object java.lang.invoke.DirectMethodHandle$Holder.invokeStatic(java.lang.Object, java.lang.Object, java.lang.Object, java.lang.Object, int)'> (0x0000000087e6a880) 
thrown [s\src\hotspot\share\interpreter\linkResolver.cpp, line 773]
Event: 1.468 Thread 0x000002508055d6d0 Exception <a 'java/lang/NoSuchMethodError'{0x0000000087e72798}: 'java.lang.Object java.lang.invoke.DirectMethodHandle$Holder.invokeSpecial(java.lang.Object, java.lang.Object, java.lang.Object, java.lang.Object, long)'> (0x0000000087e72798) 
thrown [s\src\hotspot\share\interpreter\linkResolver.cpp, line 773]
Event: 1.469 Thread 0x000002508055d6d0 Exception <a 'java/lang/NoSuchMethodError'{0x0000000087e7e288}: 'java.lang.Object java.lang.invoke.DirectMethodHandle$Holder.invokeSpecial(java.lang.Object, java.lang.Object, java.lang.Object, int, java.lang.Object)'> (0x0000000087e7e288) 
thrown [s\src\hotspot\share\interpreter\linkResolver.cpp, line 773]
Event: 1.470 Thread 0x000002508055d6d0 Exception <a 'java/lang/NoSuchMethodError'{0x0000000087e863a8}: 'int java.lang.invoke.DirectMethodHandle$Holder.invokeSpecial(java.lang.Object, java.lang.Object, java.lang.Object, int)'> (0x0000000087e863a8) 
thrown [s\src\hotspot\share\interpreter\linkResolver.cpp, line 773]
Event: 1.474 Thread 0x000002508055d6d0 Implicit null exception at 0x000002508dc7ae60 to 0x000002508dc7b064
Event: 1.476 Thread 0x000002508055d6d0 Exception <a 'java/lang/NoSuchMethodError'{0x0000000087eaabd8}: 'java.lang.Object java.lang.invoke.Invokers$Holder.invokeExact_MT(java.lang.Object, int, java.lang.Object)'> (0x0000000087eaabd8) 
thrown [s\src\hotspot\share\interpreter\linkResolver.cpp, line 773]

ZGC Phase Switch (0 events):
No events

VM Operations (20 events):
Event: 0.277 Executing VM operation: HandshakeAllThreads (Deoptimize)
Event: 0.277 Executing VM operation: HandshakeAllThreads (Deoptimize) done
Event: 0.289 Executing VM operation: HandshakeAllThreads (Deoptimize)
Event: 0.289 Executing VM operation: HandshakeAllThreads (Deoptimize) done
Event: 0.581 Executing VM operation: G1CollectForAllocation (G1 Evacuation Pause)
Event: 0.586 Executing VM operation: G1CollectForAllocation (G1 Evacuation Pause) done
Event: 0.890 Executing VM operation: G1CollectForAllocation (G1 Evacuation Pause)
Event: 0.893 Executing VM operation: G1CollectForAllocation (G1 Evacuation Pause) done
Event: 1.119 Executing VM operation: HandshakeAllThreads (Deoptimize)
Event: 1.119 Executing VM operation: HandshakeAllThreads (Deoptimize) done
Event: 1.212 Executing VM operation: HandshakeAllThreads (Deoptimize)
Event: 1.212 Executing VM operation: HandshakeAllThreads (Deoptimize) done
Event: 1.328 Executing VM operation: ICBufferFull
Event: 1.328 Executing VM operation: ICBufferFull done
Event: 1.441 Executing VM operation: HandshakeAllThreads (Deoptimize)
Event: 1.441 Executing VM operation: HandshakeAllThreads (Deoptimize) done
Event: 1.516 Executing VM operation: HandshakeAllThreads (Deoptimize)
Event: 1.516 Executing VM operation: HandshakeAllThreads (Deoptimize) done
Event: 1.518 Executing VM operation: HandshakeAllThreads (Deoptimize)
Event: 1.518 Executing VM operation: HandshakeAllThreads (Deoptimize) done

Events (15 events):
Event: 0.011 Thread 0x000002508055d6d0 Thread added: 0x000002508055d6d0
Event: 0.063 Thread 0x000002509e04d410 Thread added: 0x000002509e04d410
Event: 0.063 Thread 0x000002509e04f340 Thread added: 0x000002509e04f340
Event: 0.064 Thread 0x000002509e057290 Thread added: 0x000002509e057290
Event: 0.064 Thread 0x000002509e055130 Thread added: 0x000002509e055130
Event: 0.065 Thread 0x000002509e0557a0 Thread added: 0x000002509e0557a0
Event: 0.065 Thread 0x000002509e056200 Thread added: 0x000002509e056200
Event: 0.065 Thread 0x000002509e0686a0 Thread added: 0x000002509e0686a0
Event: 0.065 Thread 0x000002509e087b80 Thread added: 0x000002509e087b80
Event: 0.097 Thread 0x000002509e212ab0 Thread added: 0x000002509e212ab0
Event: 0.102 Thread 0x000002509e218710 Thread added: 0x000002509e218710
Event: 0.281 Thread 0x000002509e6cd3d0 Thread added: 0x000002509e6cd3d0
Event: 0.292 Thread 0x000002509e6cd3d0 Thread exited: 0x000002509e6cd3d0
Event: 0.710 Thread 0x000002509e088250 Thread added: 0x000002509e088250
Event: 1.430 Thread 0x000002509e088250 Thread exited: 0x000002509e088250


Dynamic libraries:
0x00007ff63e8c0000 - 0x00007ff63e8ce000 	C:\eclipse-jee-2024-06-R-win32-x86_64\eclipse\plugins\org.eclipse.justj.openjdk.hotspot.jre.full.win32.x86_64_21.0.3.v20240426-1530\jre\bin\java.exe
0x00007ffe8d870000 - 0x00007ffe8da68000 	C:\Windows\SYSTEM32\ntdll.dll
0x00007ffe8b930000 - 0x00007ffe8b9f2000 	C:\Windows\System32\KERNEL32.DLL
0x00007ffe8b4b0000 - 0x00007ffe8b7a7000 	C:\Windows\System32\KERNELBASE.dll
0x00007ffe8b250000 - 0x00007ffe8b350000 	C:\Windows\System32\ucrtbase.dll
0x00007ffe82de0000 - 0x00007ffe82dfb000 	C:\eclipse-jee-2024-06-R-win32-x86_64\eclipse\plugins\org.eclipse.justj.openjdk.hotspot.jre.full.win32.x86_64_21.0.3.v20240426-1530\jre\bin\VCRUNTIME140.dll
0x00007ffe82f40000 - 0x00007ffe82f58000 	C:\eclipse-jee-2024-06-R-win32-x86_64\eclipse\plugins\org.eclipse.justj.openjdk.hotspot.jre.full.win32.x86_64_21.0.3.v20240426-1530\jre\bin\jli.dll
0x00007ffe8c560000 - 0x00007ffe8c6fd000 	C:\Windows\System32\USER32.dll
0x00007ffe8af00000 - 0x00007ffe8af22000 	C:\Windows\System32\win32u.dll
0x00007ffe80310000 - 0x00007ffe805aa000 	C:\Windows\WinSxS\amd64_microsoft.windows.common-controls_6595b64144ccf1df_6.0.19041.5915_none_60b4b9d171f9c7c7\COMCTL32.dll
0x00007ffe8c950000 - 0x00007ffe8c97b000 	C:\Windows\System32\GDI32.dll
0x00007ffe8baa0000 - 0x00007ffe8bb3e000 	C:\Windows\System32\msvcrt.dll
0x00007ffe8b0a0000 - 0x00007ffe8b1b9000 	C:\Windows\System32\gdi32full.dll
0x00007ffe8b000000 - 0x00007ffe8b09d000 	C:\Windows\System32\msvcp_win.dll
0x00007ffe8b890000 - 0x00007ffe8b8bf000 	C:\Windows\System32\IMM32.DLL
0x00007ffe83c10000 - 0x00007ffe83c1c000 	C:\eclipse-jee-2024-06-R-win32-x86_64\eclipse\plugins\org.eclipse.justj.openjdk.hotspot.jre.full.win32.x86_64_21.0.3.v20240426-1530\jre\bin\vcruntime140_1.dll
0x00007ffe63e30000 - 0x00007ffe63ebe000 	C:\eclipse-jee-2024-06-R-win32-x86_64\eclipse\plugins\org.eclipse.justj.openjdk.hotspot.jre.full.win32.x86_64_21.0.3.v20240426-1530\jre\bin\msvcp140.dll
0x00007ffe2a880000 - 0x00007ffe2b602000 	C:\eclipse-jee-2024-06-R-win32-x86_64\eclipse\plugins\org.eclipse.justj.openjdk.hotspot.jre.full.win32.x86_64_21.0.3.v20240426-1530\jre\bin\server\jvm.dll
0x00007ffe8c890000 - 0x00007ffe8c941000 	C:\Windows\System32\ADVAPI32.dll
0x00007ffe8ba00000 - 0x00007ffe8ba9f000 	C:\Windows\System32\sechost.dll
0x00007ffe8cb60000 - 0x00007ffe8cc86000 	C:\Windows\System32\RPCRT4.dll
0x00007ffe8b7b0000 - 0x00007ffe8b7d7000 	C:\Windows\System32\bcrypt.dll
0x00007ffe8c700000 - 0x00007ffe8c76b000 	C:\Windows\System32\WS2_32.dll
0x00007ffe8ad60000 - 0x00007ffe8adab000 	C:\Windows\SYSTEM32\POWRPROF.dll
0x00007ffe80a30000 - 0x00007ffe80a57000 	C:\Windows\SYSTEM32\WINMM.dll
0x00007ffe841a0000 - 0x00007ffe841aa000 	C:\Windows\SYSTEM32\VERSION.dll
0x00007ffe8ad40000 - 0x00007ffe8ad52000 	C:\Windows\SYSTEM32\UMPDC.dll
0x00007ffe88d60000 - 0x00007ffe88d72000 	C:\Windows\SYSTEM32\kernel.appcore.dll
0x00007ffe7a6f0000 - 0x00007ffe7a6fa000 	C:\eclipse-jee-2024-06-R-win32-x86_64\eclipse\plugins\org.eclipse.justj.openjdk.hotspot.jre.full.win32.x86_64_21.0.3.v20240426-1530\jre\bin\jimage.dll
0x00007ffe84750000 - 0x00007ffe84951000 	C:\Windows\SYSTEM32\DBGHELP.DLL
0x00007ffe841b0000 - 0x00007ffe841e4000 	C:\Windows\SYSTEM32\dbgcore.DLL
0x00007ffe8b1c0000 - 0x00007ffe8b242000 	C:\Windows\System32\bcryptPrimitives.dll
0x00007ffe66a20000 - 0x00007ffe66a3f000 	C:\eclipse-jee-2024-06-R-win32-x86_64\eclipse\plugins\org.eclipse.justj.openjdk.hotspot.jre.full.win32.x86_64_21.0.3.v20240426-1530\jre\bin\java.dll
0x00007ffe66960000 - 0x00007ffe66978000 	C:\eclipse-jee-2024-06-R-win32-x86_64\eclipse\plugins\org.eclipse.justj.openjdk.hotspot.jre.full.win32.x86_64_21.0.3.v20240426-1530\jre\bin\zip.dll
0x00007ffe8bc00000 - 0x00007ffe8c36e000 	C:\Windows\System32\SHELL32.dll
0x00007ffe88f60000 - 0x00007ffe89704000 	C:\Windows\SYSTEM32\windows.storage.dll
0x00007ffe8cc90000 - 0x00007ffe8cfe3000 	C:\Windows\System32\combase.dll
0x00007ffe8a780000 - 0x00007ffe8a7ab000 	C:\Windows\SYSTEM32\Wldp.dll
0x00007ffe8c980000 - 0x00007ffe8ca4d000 	C:\Windows\System32\OLEAUT32.dll
0x00007ffe8c3d0000 - 0x00007ffe8c47d000 	C:\Windows\System32\SHCORE.dll
0x00007ffe8d360000 - 0x00007ffe8d3bb000 	C:\Windows\System32\shlwapi.dll
0x00007ffe8ae30000 - 0x00007ffe8ae54000 	C:\Windows\SYSTEM32\profapi.dll
0x00007ffe76580000 - 0x00007ffe76590000 	C:\eclipse-jee-2024-06-R-win32-x86_64\eclipse\plugins\org.eclipse.justj.openjdk.hotspot.jre.full.win32.x86_64_21.0.3.v20240426-1530\jre\bin\net.dll
0x00007ffe85800000 - 0x00007ffe8590a000 	C:\Windows\SYSTEM32\WINHTTP.dll
0x00007ffe8a560000 - 0x00007ffe8a5ca000 	C:\Windows\system32\mswsock.dll
0x00007ffe66590000 - 0x00007ffe665a6000 	C:\eclipse-jee-2024-06-R-win32-x86_64\eclipse\plugins\org.eclipse.justj.openjdk.hotspot.jre.full.win32.x86_64_21.0.3.v20240426-1530\jre\bin\nio.dll
0x00007ffe832b0000 - 0x00007ffe832d4000 	C:\apache-maven-3.9.9\lib\jansi-native\Windows\x86_64\jansi.dll
0x00007ffe73b40000 - 0x00007ffe73b50000 	C:\eclipse-jee-2024-06-R-win32-x86_64\eclipse\plugins\org.eclipse.justj.openjdk.hotspot.jre.full.win32.x86_64_21.0.3.v20240426-1530\jre\bin\verify.dll

dbghelp: loaded successfully - version: 4.0.5 - missing functions: none
symbol engine: initialized successfully - sym options: 0x614 - pdb path: .;C:\eclipse-jee-2024-06-R-win32-x86_64\eclipse\plugins\org.eclipse.justj.openjdk.hotspot.jre.full.win32.x86_64_21.0.3.v20240426-1530\jre\bin;C:\Windows\SYSTEM32;C:\Windows\WinSxS\amd64_microsoft.windows.common-controls_6595b64144ccf1df_6.0.19041.5915_none_60b4b9d171f9c7c7;C:\eclipse-jee-2024-06-R-win32-x86_64\eclipse\plugins\org.eclipse.justj.openjdk.hotspot.jre.full.win32.x86_64_21.0.3.v20240426-1530\jre\bin\server;C:\apache-maven-3.9.9\lib\jansi-native\Windows\x86_64

VM Arguments:
jvm_args: -Dclassworlds.conf=C:\apache-maven-3.9.9\bin\m2.conf -Dmaven.home=C:\apache-maven-3.9.9 -Dlibrary.jansi.path=C:\apache-maven-3.9.9\lib\jansi-native -Dmaven.multiModuleProjectDirectory=C:\Users\User\git\Virtual-Event-Management-Application- 
java_command: org.codehaus.plexus.classworlds.launcher.Launcher clean package
java_class_path (initial): C:\apache-maven-3.9.9\boot\plexus-classworlds-2.8.0.jar
Launcher Type: SUN_STANDARD

[Global flags]
     intx CICompilerCount                          = 3                                         {product} {ergonomic}
     uint ConcGCThreads                            = 1                                         {product} {ergonomic}
     uint G1ConcRefinementThreads                  = 4                                         {product} {ergonomic}
   size_t G1HeapRegionSize                         = 1048576                                   {product} {ergonomic}
    uintx GCDrainStackTargetSize                   = 64                                        {product} {ergonomic}
   size_t InitialHeapSize                          = 134217728                                 {product} {ergonomic}
   size_t MarkStackSize                            = 4194304                                   {product} {ergonomic}
   size_t MaxHeapSize                              = 2120220672                                {product} {ergonomic}
   size_t MaxNewSize                               = 1271922688                                {product} {ergonomic}
   size_t MinHeapDeltaBytes                        = 1048576                                   {product} {ergonomic}
   size_t MinHeapSize                              = 8388608                                   {product} {ergonomic}
    uintx NonNMethodCodeHeapSize                   = 5832780                                {pd product} {ergonomic}
    uintx NonProfiledCodeHeapSize                  = 122912730                              {pd product} {ergonomic}
    uintx ProfiledCodeHeapSize                     = 122912730                              {pd product} {ergonomic}
    uintx ReservedCodeCacheSize                    = 251658240                              {pd product} {ergonomic}
     bool SegmentedCodeCache                       = true                                      {product} {ergonomic}
   size_t SoftMaxHeapSize                          = 2120220672                             {manageable} {ergonomic}
     bool UseCompressedOops                        = true                           {product lp64_product} {ergonomic}
     bool UseG1GC                                  = true                                      {product} {ergonomic}
     bool UseLargePagesIndividualAllocation        = false                                  {pd product} {ergonomic}

Logging:
Log output configuration:
 #0: stdout all=warning uptime,level,tags foldmultilines=false
 #1: stderr all=off uptime,level,tags foldmultilines=false

Environment Variables:
CLASSPATH=C:\mysql-connector-j-9.0.0\mysql-connector-j-9.0.0\mysql-connector-j-9.0.0.jar
PATH=C:/eclipse-jee-2024-06-R-win32-x86_64/eclipse//plugins/org.eclipse.justj.openjdk.hotspot.jre.full.win32.x86_64_21.0.3.v20240426-1530/jre/bin/server;C:/eclipse-jee-2024-06-R-win32-x86_64/eclipse//plugins/org.eclipse.justj.openjdk.hotspot.jre.full.win32.x86_64_21.0.3.v20240426-1530/jre/bin;C:\Program Files\Python312\Scripts\;C:\Program Files\Python312\;C:\Users\User\AppData\Roaming\Python\Python312\Scripts;C:\Ruby34-x64\bin;C:\Program Files\Common Files\Oracle\Java\javapath;C:\Windows\system32;C:\Windows;C:\Windows\System32\Wbem;C:\Windows\System32\WindowsPowerShell\v1.0\;C:\Windows\System32\OpenSSH\;C:\Program Files\nodejs\;C:\Program Files\Git\cmd;C:\Program Files\Docker\Docker\resources\bin;C:\Program Files\dotnet\;C:\minikube;C:\mysql-connector-j-9.0.0\mysql-connector-j-9.0.0\mysql-connector-j-9.0.0.jar;C:\Program Files\Git\bin;C:\apache-maven-3.9.9\bin;C:\Program Files\MySQL\MySQL Shell 8.0\bin\;C:\Users\User\AppData\Local\Microsoft\WindowsApps;C:\Users\User\AppData\Local\Programs\Microsoft VS Code\bin;C:\Users\User\AppData\Roaming\npm;C:\Users\User\AppData\Local\GitHubDesktop\bin;C:\Users\User\AppData\Local\Programs\mongosh\;C:\Users\User\Desktop\Flutter_installation\flutter\bin;C:\eclipse-jee-2024-06-R-win32-x86_64\eclipse;
USERNAME=User
TERM=xterm
OS=Windows_NT
PROCESSOR_IDENTIFIER=Intel64 Family 6 Model 158 Stepping 9, GenuineIntel
TMP=C:\Users\User\AppData\Local\Temp
TEMP=C:\Users\User\AppData\Local\Temp




Periodic native trim disabled

---------------  S Y S T E M  ---------------

OS:
 Windows 10 , 64 bit Build 19041 (10.0.19041.5915)
OS uptime: 0 days 2:21 hours
Hyper-V role detected

CPU: total 4 (initial active 4) (4 cores per cpu, 1 threads per core) family 6 model 158 stepping 9 microcode 0xb4, cx8, cmov, fxsr, mmx, 3dnowpref, sse, sse2, sse3, ssse3, sse4.1, sse4.2, popcnt, lzcnt, tsc, tscinvbit, avx, avx2, aes, erms, clmul, bmi1, bmi2, rtm, adx, fma, vzeroupper, clflush, clflushopt, hv, rdtscp, f16c
Processor Information for all 4 processors :
  Max Mhz: 2712, Current Mhz: 2712, Mhz Limit: 2712

Memory: 4k page, system-wide physical 8080M (1410M free)
TotalPageFile size 10476M (AvailPageFile size 11M)
current process WorkingSet (physical memory assigned to process): 109M, peak: 109M
current process commit charge ("private bytes"): 232M, peak: 232M

vm_info: OpenJDK 64-Bit Server VM (21.0.3+9-LTS) for windows-amd64 JRE (21.0.3+9-LTS), built on 2024-04-16T00:00:00Z by "admin" with MS VC++ 17.7 (VS2022)

END.
