#
# There is insufficient memory for the Java Runtime Environment to continue.
# Native memory allocation (mmap) failed to map 134217728 bytes. Error detail: G1 virtual space
# Possible reasons:
#   The system is out of physical RAM or swap space
#   This process is running with CompressedOops enabled, and the Java Heap may be blocking the growth of the native heap
# Possible solutions:
#   Reduce memory load on the system
#   Increase physical memory or swap space
#   Check if swap backing store is full
#   Decrease Java heap size (-Xmx/-Xms)
#   Decrease number of Java threads
#   Decrease Java thread stack sizes (-Xss)
#   Set larger code cache with -XX:ReservedCodeCacheSize=
#   JVM is running with Unscaled Compressed Oops mode in which the Java heap is
#     placed in the first 4GB address space. The Java Heap base address is the
#     maximum limit for the native heap growth. Please use -XX:HeapBaseMinAddress
#     to set the Java Heap base and to place the Java Heap above 4GB virtual address.
# This output file may be truncated or incomplete.
#
#  Out of Memory Error (os_windows.cpp:3603), pid=4576, tid=11828
#
# JRE version:  (21.0.3+9) (build )
# Java VM: OpenJDK 64-Bit Server VM (21.0.3+9-LTS, mixed mode, sharing, tiered, compressed oops, compressed class ptrs, g1 gc, windows-amd64)
# No core dump will be written. Minidumps are not enabled by default on client versions of Windows
#

---------------  S U M M A R Y ------------

Command Line: -Dclassworlds.conf=C:\apache-maven-3.9.9\bin\m2.conf -Dmaven.home=C:\apache-maven-3.9.9 -Dlibrary.jansi.path=C:\apache-maven-3.9.9\lib\jansi-native -Dmaven.multiModuleProjectDirectory=C:\Users\User\git\Virtual-Event-Management-Application- org.codehaus.plexus.classworlds.launcher.Launcher jetty:run

Host: Intel(R) Core(TM) i5-7500T CPU @ 2.70GHz, 4 cores, 7G,  Windows 10 , 64 bit Build 19041 (10.0.19041.5915)
Time: Mon Sep 22 12:02:41 2025 India Standard Time elapsed time: 0.013309 seconds (0d 0h 0m 0s)

---------------  T H R E A D  ---------------

Current thread (0x00000235a73f3e80):  JavaThread "Unknown thread" [_thread_in_vm, id=11828, stack(0x0000006d9aa00000,0x0000006d9ab00000) (1024K)]

Stack: [0x0000006d9aa00000,0x0000006d9ab00000]
Native frames: (J=compiled Java code, j=interpreted, Vv=VM code, C=native code)
V  [jvm.dll+0x6c8699]
V  [jvm.dll+0x8a2061]
V  [jvm.dll+0x8a458e]
V  [jvm.dll+0x8a4c63]
V  [jvm.dll+0x27e476]
V  [jvm.dll+0x6c4e15]
V  [jvm.dll+0x6b9b0a]
V  [jvm.dll+0x3523ba]
V  [jvm.dll+0x359f66]
V  [jvm.dll+0x3ab1be]
V  [jvm.dll+0x3ab468]
V  [jvm.dll+0x3265fc]
V  [jvm.dll+0x32715b]
V  [jvm.dll+0x86b0b9]
V  [jvm.dll+0x3b81c1]
V  [jvm.dll+0x854318]
V  [jvm.dll+0x44c55e]
V  [jvm.dll+0x44e081]
C  [jli.dll+0x5278]
C  [ucrtbase.dll+0x21bb2]
C  [KERNEL32.DLL+0x17374]
C  [ntdll.dll+0x4cc91]


---------------  P R O C E S S  ---------------

Threads class SMR info:
_java_thread_list=0x00007ffe2b4ae048, length=0, elements={
}

Java Threads: ( => current thread )
Total: 0

Other Threads:
  0x00000235a94e3db0 WorkerThread "GC Thread#0"                     [id=4672, stack(0x0000006d9ab00000,0x0000006d9ac00000) (1024K)]
  0x00000235a94f6f30 ConcurrentGCThread "G1 Main Marker"            [id=6336, stack(0x0000006d9ac00000,0x0000006d9ad00000) (1024K)]
  0x00000235a94f80e0 WorkerThread "G1 Conc#0"                       [id=3888, stack(0x0000006d9ad00000,0x0000006d9ae00000) (1024K)]

[error occurred during error reporting (printing all threads), id 0xc0000005, EXCEPTION_ACCESS_VIOLATION (0xc0000005) at pc=0x00007ffe2abb8f27]
VM state: not at safepoint (not fully initialized)

VM Mutex/Monitor currently owned by a thread:  ([mutex/lock_event])
[0x00007ffe2b522228] Heap_lock - owner thread: 0x00000235a73f3e80

Heap address: 0x0000000081a00000, size: 2022 MB, Compressed Oops mode: 32-bit

CDS archive(s) mapped at: [0x0000000000000000-0x0000000000000000-0x0000000000000000), size 0, SharedBaseAddress: 0x0000000800000000, ArchiveRelocationMode: 1.
Narrow klass base: 0x0000000000000000, Narrow klass shift: 0, Narrow klass range: 0x0

GC Precious Log:
 CardTable entry size: 512
 Card Set container configuration: InlinePtr #cards 5 size 8 Array Of Cards #cards 12 size 40 Howl #buckets 4 coarsen threshold 1843 Howl Bitmap #cards 512 size 80 coarsen threshold 460 Card regions per heap region 1 cards per card region 2048

Heap:
 garbage-first heap   total 0K, used 0K [0x0000000081a00000, 0x0000000100000000)
  region size 1024K, 0 young (0K), 0 survivors (0K)

[error occurred during error reporting (printing heap information), id 0xc0000005, EXCEPTION_ACCESS_VIOLATION (0xc0000005) at pc=0x00007ffe2afa2069]
GC Heap History (0 events):
No events

Dll operation events (1 events):
Event: 0.008 Loaded shared library C:\eclipse-jee-2024-06-R-win32-x86_64\eclipse\plugins\org.eclipse.justj.openjdk.hotspot.jre.full.win32.x86_64_21.0.3.v20240426-1530\jre\bin\java.dll

Deoptimization events (0 events):
No events

Classes loaded (0 events):
No events

Classes unloaded (0 events):
No events

Classes redefined (0 events):
No events

Internal exceptions (0 events):
No events

ZGC Phase Switch (0 events):
No events

VM Operations (0 events):
No events

Events (0 events):
No events


Dynamic libraries:
0x00007ff63e8c0000 - 0x00007ff63e8ce000 	C:\eclipse-jee-2024-06-R-win32-x86_64\eclipse\plugins\org.eclipse.justj.openjdk.hotspot.jre.full.win32.x86_64_21.0.3.v20240426-1530\jre\bin\java.exe
0x00007ffe8d870000 - 0x00007ffe8da68000 	C:\Windows\SYSTEM32\ntdll.dll
0x00007ffe8b930000 - 0x00007ffe8b9f2000 	C:\Windows\System32\KERNEL32.DLL
0x00007ffe8b4b0000 - 0x00007ffe8b7a7000 	C:\Windows\System32\KERNELBASE.dll
0x00007ffe8b250000 - 0x00007ffe8b350000 	C:\Windows\System32\ucrtbase.dll
0x00007ffe82de0000 - 0x00007ffe82dfb000 	C:\eclipse-jee-2024-06-R-win32-x86_64\eclipse\plugins\org.eclipse.justj.openjdk.hotspot.jre.full.win32.x86_64_21.0.3.v20240426-1530\jre\bin\VCRUNTIME140.dll
0x00007ffe82f40000 - 0x00007ffe82f58000 	C:\eclipse-jee-2024-06-R-win32-x86_64\eclipse\plugins\org.eclipse.justj.openjdk.hotspot.jre.full.win32.x86_64_21.0.3.v20240426-1530\jre\bin\jli.dll
0x00007ffe8c560000 - 0x00007ffe8c6fd000 	C:\Windows\System32\USER32.dll
0x00007ffe8af00000 - 0x00007ffe8af22000 	C:\Windows\System32\win32u.dll
0x00007ffe80310000 - 0x00007ffe805aa000 	C:\Windows\WinSxS\amd64_microsoft.windows.common-controls_6595b64144ccf1df_6.0.19041.5915_none_60b4b9d171f9c7c7\COMCTL32.dll
0x00007ffe8c950000 - 0x00007ffe8c97b000 	C:\Windows\System32\GDI32.dll
0x00007ffe8baa0000 - 0x00007ffe8bb3e000 	C:\Windows\System32\msvcrt.dll
0x00007ffe8b0a0000 - 0x00007ffe8b1b9000 	C:\Windows\System32\gdi32full.dll
0x00007ffe8b000000 - 0x00007ffe8b09d000 	C:\Windows\System32\msvcp_win.dll
0x00007ffe8b890000 - 0x00007ffe8b8bf000 	C:\Windows\System32\IMM32.DLL
0x00007ffe83c10000 - 0x00007ffe83c1c000 	C:\eclipse-jee-2024-06-R-win32-x86_64\eclipse\plugins\org.eclipse.justj.openjdk.hotspot.jre.full.win32.x86_64_21.0.3.v20240426-1530\jre\bin\vcruntime140_1.dll
0x00007ffe63e30000 - 0x00007ffe63ebe000 	C:\eclipse-jee-2024-06-R-win32-x86_64\eclipse\plugins\org.eclipse.justj.openjdk.hotspot.jre.full.win32.x86_64_21.0.3.v20240426-1530\jre\bin\msvcp140.dll
0x00007ffe2a880000 - 0x00007ffe2b602000 	C:\eclipse-jee-2024-06-R-win32-x86_64\eclipse\plugins\org.eclipse.justj.openjdk.hotspot.jre.full.win32.x86_64_21.0.3.v20240426-1530\jre\bin\server\jvm.dll
0x00007ffe8c890000 - 0x00007ffe8c941000 	C:\Windows\System32\ADVAPI32.dll
0x00007ffe8ba00000 - 0x00007ffe8ba9f000 	C:\Windows\System32\sechost.dll
0x00007ffe8cb60000 - 0x00007ffe8cc86000 	C:\Windows\System32\RPCRT4.dll
0x00007ffe8b7b0000 - 0x00007ffe8b7d7000 	C:\Windows\System32\bcrypt.dll
0x00007ffe8c700000 - 0x00007ffe8c76b000 	C:\Windows\System32\WS2_32.dll
0x00007ffe8ad60000 - 0x00007ffe8adab000 	C:\Windows\SYSTEM32\POWRPROF.dll
0x00007ffe80a30000 - 0x00007ffe80a57000 	C:\Windows\SYSTEM32\WINMM.dll
0x00007ffe841a0000 - 0x00007ffe841aa000 	C:\Windows\SYSTEM32\VERSION.dll
0x00007ffe8ad40000 - 0x00007ffe8ad52000 	C:\Windows\SYSTEM32\UMPDC.dll
0x00007ffe88d60000 - 0x00007ffe88d72000 	C:\Windows\SYSTEM32\kernel.appcore.dll
0x00007ffe7a6f0000 - 0x00007ffe7a6fa000 	C:\eclipse-jee-2024-06-R-win32-x86_64\eclipse\plugins\org.eclipse.justj.openjdk.hotspot.jre.full.win32.x86_64_21.0.3.v20240426-1530\jre\bin\jimage.dll
0x00007ffe84750000 - 0x00007ffe84951000 	C:\Windows\SYSTEM32\DBGHELP.DLL
0x00007ffe841b0000 - 0x00007ffe841e4000 	C:\Windows\SYSTEM32\dbgcore.DLL
0x00007ffe8b1c0000 - 0x00007ffe8b242000 	C:\Windows\System32\bcryptPrimitives.dll
0x00007ffe66a20000 - 0x00007ffe66a3f000 	C:\eclipse-jee-2024-06-R-win32-x86_64\eclipse\plugins\org.eclipse.justj.openjdk.hotspot.jre.full.win32.x86_64_21.0.3.v20240426-1530\jre\bin\java.dll

dbghelp: loaded successfully - version: 4.0.5 - missing functions: none
symbol engine: initialized successfully - sym options: 0x614 - pdb path: .;C:\eclipse-jee-2024-06-R-win32-x86_64\eclipse\plugins\org.eclipse.justj.openjdk.hotspot.jre.full.win32.x86_64_21.0.3.v20240426-1530\jre\bin;C:\Windows\SYSTEM32;C:\Windows\WinSxS\amd64_microsoft.windows.common-controls_6595b64144ccf1df_6.0.19041.5915_none_60b4b9d171f9c7c7;C:\eclipse-jee-2024-06-R-win32-x86_64\eclipse\plugins\org.eclipse.justj.openjdk.hotspot.jre.full.win32.x86_64_21.0.3.v20240426-1530\jre\bin\server

VM Arguments:
jvm_args: -Dclassworlds.conf=C:\apache-maven-3.9.9\bin\m2.conf -Dmaven.home=C:\apache-maven-3.9.9 -Dlibrary.jansi.path=C:\apache-maven-3.9.9\lib\jansi-native -Dmaven.multiModuleProjectDirectory=C:\Users\User\git\Virtual-Event-Management-Application- 
java_command: org.codehaus.plexus.classworlds.launcher.Launcher jetty:run
java_class_path (initial): C:\apache-maven-3.9.9\boot\plexus-classworlds-2.8.0.jar
Launcher Type: SUN_STANDARD

[Global flags]
     intx CICompilerCount                          = 3                                         {product} {ergonomic}
     uint ConcGCThreads                            = 1                                         {product} {ergonomic}
     uint G1ConcRefinementThreads                  = 4                                         {product} {ergonomic}
   size_t G1HeapRegionSize                         = 1048576                                   {product} {ergonomic}
    uintx GCDrainStackTargetSize                   = 64                                        {product} {ergonomic}
   size_t InitialHeapSize                          = 134217728                                 {product} {ergonomic}
   size_t MarkStackSize                            = 4194304                                   {product} {ergonomic}
   size_t MaxHeapSize                              = 2120220672                                {product} {ergonomic}
   size_t MinHeapDeltaBytes                        = 1048576                                   {product} {ergonomic}
   size_t MinHeapSize                              = 8388608                                   {product} {ergonomic}
    uintx NonNMethodCodeHeapSize                   = 5832780                                {pd product} {ergonomic}
    uintx NonProfiledCodeHeapSize                  = 122912730                              {pd product} {ergonomic}
    uintx ProfiledCodeHeapSize                     = 122912730                              {pd product} {ergonomic}
    uintx ReservedCodeCacheSize                    = 251658240                              {pd product} {ergonomic}
     bool SegmentedCodeCache                       = true                                      {product} {ergonomic}
   size_t SoftMaxHeapSize                          = 2120220672                             {manageable} {ergonomic}
     bool UseCompressedOops                        = true                           {product lp64_product} {ergonomic}
     bool UseG1GC                                  = true                                      {product} {ergonomic}
     bool UseLargePagesIndividualAllocation        = false                                  {pd product} {ergonomic}

Logging:
Log output configuration:
 #0: stdout all=warning uptime,level,tags foldmultilines=false
 #1: stderr all=off uptime,level,tags foldmultilines=false

Environment Variables:
CLASSPATH=C:\mysql-connector-j-9.0.0\mysql-connector-j-9.0.0\mysql-connector-j-9.0.0.jar
PATH=C:/eclipse-jee-2024-06-R-win32-x86_64/eclipse//plugins/org.eclipse.justj.openjdk.hotspot.jre.full.win32.x86_64_21.0.3.v20240426-1530/jre/bin/server;C:/eclipse-jee-2024-06-R-win32-x86_64/eclipse//plugins/org.eclipse.justj.openjdk.hotspot.jre.full.win32.x86_64_21.0.3.v20240426-1530/jre/bin;C:\Program Files\Python312\Scripts\;C:\Program Files\Python312\;C:\Users\User\AppData\Roaming\Python\Python312\Scripts;C:\Ruby34-x64\bin;C:\Program Files\Common Files\Oracle\Java\javapath;C:\Windows\system32;C:\Windows;C:\Windows\System32\Wbem;C:\Windows\System32\WindowsPowerShell\v1.0\;C:\Windows\System32\OpenSSH\;C:\Program Files\nodejs\;C:\Program Files\Git\cmd;C:\Program Files\Docker\Docker\resources\bin;C:\Program Files\dotnet\;C:\minikube;C:\mysql-connector-j-9.0.0\mysql-connector-j-9.0.0\mysql-connector-j-9.0.0.jar;C:\Program Files\Git\bin;C:\apache-maven-3.9.9\bin;C:\Program Files\MySQL\MySQL Shell 8.0\bin\;C:\Users\User\AppData\Local\Microsoft\WindowsApps;C:\Users\User\AppData\Local\Programs\Microsoft VS Code\bin;C:\Users\User\AppData\Roaming\npm;C:\Users\User\AppData\Local\GitHubDesktop\bin;C:\Users\User\AppData\Local\Programs\mongosh\;C:\Users\User\Desktop\Flutter_installation\flutter\bin;C:\eclipse-jee-2024-06-R-win32-x86_64\eclipse;
USERNAME=User
TERM=xterm
OS=Windows_NT
PROCESSOR_IDENTIFIER=Intel64 Family 6 Model 158 Stepping 9, GenuineIntel
TMP=C:\Users\User\AppData\Local\Temp
TEMP=C:\Users\User\AppData\Local\Temp




Periodic native trim disabled

---------------  S Y S T E M  ---------------

OS:
 Windows 10 , 64 bit Build 19041 (10.0.19041.5915)
OS uptime: 0 days 2:19 hours
Hyper-V role detected

CPU: total 4 (initial active 4) (4 cores per cpu, 1 threads per core) family 6 model 158 stepping 9 microcode 0xb4, cx8, cmov, fxsr, mmx, 3dnowpref, sse, sse2, sse3, ssse3, sse4.1, sse4.2, popcnt, lzcnt, tsc, tscinvbit, avx, avx2, aes, erms, clmul, bmi1, bmi2, rtm, adx, fma, vzeroupper, clflush, clflushopt, hv, rdtscp, f16c
Processor Information for all 4 processors :
  Max Mhz: 2712, Current Mhz: 2712, Mhz Limit: 2712

Memory: 4k page, system-wide physical 8080M (1274M free)
TotalPageFile size 10476M (AvailPageFile size 5M)
current process WorkingSet (physical memory assigned to process): 10M, peak: 10M
current process commit charge ("private bytes"): 51M, peak: 179M

vm_info: OpenJDK 64-Bit Server VM (21.0.3+9-LTS) for windows-amd64 JRE (21.0.3+9-LTS), built on 2024-04-16T00:00:00Z by "admin" with MS VC++ 17.7 (VS2022)

END.
