#
# There is insufficient memory for the Java Runtime Environment to continue.
# Native memory allocation (malloc) failed to allocate 726544 bytes. Error detail: Chunk::new
# Possible reasons:
#   The system is out of physical RAM or swap space
#   This process is running with CompressedOops enabled, and the Java Heap may be blocking the growth of the native heap
# Possible solutions:
#   Reduce memory load on the system
#   Increase physical memory or swap space
#   Check if swap backing store is full
#   Decrease Java heap size (-Xmx/-Xms)
#   Decrease number of Java threads
#   Decrease Java thread stack sizes (-Xss)
#   Set larger code cache with -XX:ReservedCodeCacheSize=
#   JVM is running with Unscaled Compressed Oops mode in which the Java heap is
#     placed in the first 4GB address space. The Java Heap base address is the
#     maximum limit for the native heap growth. Please use -XX:HeapBaseMinAddress
#     to set the Java Heap base and to place the Java Heap above 4GB virtual address.
# This output file may be truncated or incomplete.
#
#  Out of Memory Error (arena.cpp:168), pid=8048, tid=10484
#
# JRE version: OpenJDK Runtime Environment Temurin-21.0.3+9 (21.0.3+9) (build 21.0.3+9-LTS)
# Java VM: OpenJDK 64-Bit Server VM Temurin-21.0.3+9 (21.0.3+9-LTS, mixed mode, tiered, compressed oops, compressed class ptrs, g1 gc, windows-amd64)
# No core dump will be written. Minidumps are not enabled by default on client versions of Windows
#

---------------  S U M M A R Y ------------

Command Line: -Dmaven.home=EMBEDDED -Dclassworlds.conf=C:\Users\User\eclipse-workspace\.metadata\.plugins\org.eclipse.m2e.launching\launches\m2conf10752972462419012044.tmp -Dmaven.multiModuleProjectDirectory=C:\Users\User\git\Virtual-Event-Management-Application- -Dm2e.build.project.data.socket.port=50510 -Dfile.encoding=UTF-8 -Dstdout.encoding=UTF-8 -Dstderr.encoding=UTF-8 -XX:+ShowCodeDetailsInExceptionMessages org.codehaus.plexus.classworlds.launcher.Launcher -B -Dstyle.color=always install

Host: Intel(R) Core(TM) i5-7500T CPU @ 2.70GHz, 4 cores, 7G,  Windows 10 , 64 bit Build 19041 (10.0.19041.5915)
Time: Mon Sep 22 11:49:36 2025 India Standard Time elapsed time: 1.269170 seconds (0d 0h 0m 1s)

---------------  T H R E A D  ---------------

Current thread (0x000002b41eafa930):  JavaThread "C2 CompilerThread1" daemon [_thread_in_native, id=10484, stack(0x000000c462e00000,0x000000c462f00000) (1024K)]


Current CompileTask:
C2:   1269 1232       4       sun.nio.cs.StreamDecoder::lockedRead (189 bytes)

Stack: [0x000000c462e00000,0x000000c462f00000]
Native frames: (J=compiled Java code, j=interpreted, Vv=VM code, C=native code)
V  [jvm.dll+0x6c8699]
V  [jvm.dll+0x8a2061]
V  [jvm.dll+0x8a458e]
V  [jvm.dll+0x8a4c63]
V  [jvm.dll+0x27e476]
V  [jvm.dll+0xc4a1d]
V  [jvm.dll+0xc4f53]
V  [jvm.dll+0x3b265c]
V  [jvm.dll+0x37efa5]
V  [jvm.dll+0x37e40a]
V  [jvm.dll+0x2469c0]
V  [jvm.dll+0x245f9f]
V  [jvm.dll+0x1c6f4e]
V  [jvm.dll+0x255719]
V  [jvm.dll+0x253cba]
V  [jvm.dll+0x3ec1e6]
V  [jvm.dll+0x84bf8b]
V  [jvm.dll+0x6c6dcd]
C  [ucrtbase.dll+0x21bb2]
C  [KERNEL32.DLL+0x17374]
C  [ntdll.dll+0x4cc91]


---------------  P R O C E S S  ---------------

Threads class SMR info:
_java_thread_list=0x000002b41969e7d0, length=12, elements={
0x000002b47facde50, 0x000002b419586080, 0x000002b419551780, 0x000002b4195549d0,
0x000002b419555430, 0x000002b41958b600, 0x000002b41958c9b0, 0x000002b419591590,
0x000002b419561510, 0x000002b4197347b0, 0x000002b41973cc40, 0x000002b41eafa930
}

Java Threads: ( => current thread )
  0x000002b47facde50 JavaThread "main"                              [_thread_in_vm, id=11632, stack(0x000000c461700000,0x000000c461800000) (1024K)]
  0x000002b419586080 JavaThread "Reference Handler"          daemon [_thread_blocked, id=5148, stack(0x000000c462100000,0x000000c462200000) (1024K)]
  0x000002b419551780 JavaThread "Finalizer"                  daemon [_thread_blocked, id=7052, stack(0x000000c462200000,0x000000c462300000) (1024K)]
  0x000002b4195549d0 JavaThread "Signal Dispatcher"          daemon [_thread_blocked, id=9956, stack(0x000000c462300000,0x000000c462400000) (1024K)]
  0x000002b419555430 JavaThread "Attach Listener"            daemon [_thread_blocked, id=2536, stack(0x000000c462400000,0x000000c462500000) (1024K)]
  0x000002b41958b600 JavaThread "Service Thread"             daemon [_thread_blocked, id=6044, stack(0x000000c462500000,0x000000c462600000) (1024K)]
  0x000002b41958c9b0 JavaThread "Monitor Deflation Thread"   daemon [_thread_blocked, id=11284, stack(0x000000c462600000,0x000000c462700000) (1024K)]
  0x000002b419591590 JavaThread "C2 CompilerThread0"         daemon [_thread_in_native, id=1716, stack(0x000000c462700000,0x000000c462800000) (1024K)]
  0x000002b419561510 JavaThread "C1 CompilerThread0"         daemon [_thread_blocked, id=10396, stack(0x000000c462800000,0x000000c462900000) (1024K)]
  0x000002b4197347b0 JavaThread "Notification Thread"        daemon [_thread_blocked, id=11828, stack(0x000000c462900000,0x000000c462a00000) (1024K)]
  0x000002b41973cc40 JavaThread "Common-Cleaner"             daemon [_thread_blocked, id=11640, stack(0x000000c462a00000,0x000000c462b00000) (1024K)]
=>0x000002b41eafa930 JavaThread "C2 CompilerThread1"         daemon [_thread_in_native, id=10484, stack(0x000000c462e00000,0x000000c462f00000) (1024K)]
Total: 12

Other Threads:
  0x000002b4193f48b0 VMThread "VM Thread"                           [id=7312, stack(0x000000c461f00000,0x000000c462000000) (1024K)]
  0x000002b419372c00 WatcherThread "VM Periodic Task Thread"        [id=1876, stack(0x000000c461e00000,0x000000c461f00000) (1024K)]
  0x000002b401c92350 WorkerThread "GC Thread#0"                     [id=4216, stack(0x000000c461900000,0x000000c461a00000) (1024K)]
  0x000002b41e8ff110 WorkerThread "GC Thread#1"                     [id=10612, stack(0x000000c462b00000,0x000000c462c00000) (1024K)]
  0x000002b41e07e810 WorkerThread "GC Thread#2"                     [id=7244, stack(0x000000c462c00000,0x000000c462d00000) (1024K)]
  0x000002b41e07ebb0 WorkerThread "GC Thread#3"                     [id=1984, stack(0x000000c462d00000,0x000000c462e00000) (1024K)]
  0x000002b401ca2f00 ConcurrentGCThread "G1 Main Marker"            [id=10592, stack(0x000000c461a00000,0x000000c461b00000) (1024K)]
  0x000002b401ca4260 WorkerThread "G1 Conc#0"                       [id=10752, stack(0x000000c461b00000,0x000000c461c00000) (1024K)]
  0x000002b401d0e2b0 ConcurrentGCThread "G1 Refine#0"               [id=9016, stack(0x000000c461c00000,0x000000c461d00000) (1024K)]
  0x000002b4192380e0 ConcurrentGCThread "G1 Service"                [id=1088, stack(0x000000c461d00000,0x000000c461e00000) (1024K)]
Total: 10

Threads with active compile tasks:
C2 CompilerThread0     1291 1231   !   4       sun.nio.cs.StreamDecoder::read (78 bytes)
C2 CompilerThread1     1291 1232       4       sun.nio.cs.StreamDecoder::lockedRead (189 bytes)
Total: 2

VM state: not at safepoint (normal execution)

VM Mutex/Monitor currently owned by a thread: None

Heap address: 0x0000000081a00000, size: 2022 MB, Compressed Oops mode: 32-bit

CDS archive(s) not mapped
Compressed class space mapped at: 0x0000000100000000-0x0000000140000000, reserved size: 1073741824
Narrow klass base: 0x0000000000000000, Narrow klass shift: 3, Narrow klass range: 0x140000000

GC Precious Log:
 CardTable entry size: 512
 Card Set container configuration: InlinePtr #cards 5 size 8 Array Of Cards #cards 12 size 40 Howl #buckets 4 coarsen threshold 1843 Howl Bitmap #cards 512 size 80 coarsen threshold 460 Card regions per heap region 1 cards per card region 2048
 CPUs: 4 total, 4 available
 Memory: 8080M
 Large Page Support: Disabled
 NUMA Support: Disabled
 Compressed Oops: Enabled (32-bit)
 Heap Region Size: 1M
 Heap Min Capacity: 8M
 Heap Initial Capacity: 128M
 Heap Max Capacity: 2022M
 Pre-touch: Disabled
 Parallel Workers: 4
 Concurrent Workers: 1
 Concurrent Refinement Workers: 4
 Periodic GC: Disabled

Heap:
 garbage-first heap   total 131072K, used 16272K [0x0000000081a00000, 0x0000000100000000)
  region size 1024K, 15 young (15360K), 2 survivors (2048K)
 Metaspace       used 17358K, committed 17536K, reserved 1114112K
  class space    used 1676K, committed 1792K, reserved 1048576K

Heap Regions: E=young(eden), S=young(survivor), O=old, HS=humongous(starts), HC=humongous(continues), CS=collection set, F=free, TAMS=top-at-mark-start, PB=parsable bottom
|   0|0x0000000081a00000, 0x0000000081b00000, 0x0000000081b00000|100%| O|  |TAMS 0x0000000081a00000| PB 0x0000000081a00000| Untracked 
|   1|0x0000000081b00000, 0x0000000081be41b0, 0x0000000081c00000| 89%| O|  |TAMS 0x0000000081b00000| PB 0x0000000081b00000| Untracked 
|   2|0x0000000081c00000, 0x0000000081c00000, 0x0000000081d00000|  0%| F|  |TAMS 0x0000000081c00000| PB 0x0000000081c00000| Untracked 
|   3|0x0000000081d00000, 0x0000000081d00000, 0x0000000081e00000|  0%| F|  |TAMS 0x0000000081d00000| PB 0x0000000081d00000| Untracked 
|   4|0x0000000081e00000, 0x0000000081e00000, 0x0000000081f00000|  0%| F|  |TAMS 0x0000000081e00000| PB 0x0000000081e00000| Untracked 
|   5|0x0000000081f00000, 0x0000000081f00000, 0x0000000082000000|  0%| F|  |TAMS 0x0000000081f00000| PB 0x0000000081f00000| Untracked 
|   6|0x0000000082000000, 0x0000000082000000, 0x0000000082100000|  0%| F|  |TAMS 0x0000000082000000| PB 0x0000000082000000| Untracked 
|   7|0x0000000082100000, 0x0000000082100000, 0x0000000082200000|  0%| F|  |TAMS 0x0000000082100000| PB 0x0000000082100000| Untracked 
|   8|0x0000000082200000, 0x0000000082200000, 0x0000000082300000|  0%| F|  |TAMS 0x0000000082200000| PB 0x0000000082200000| Untracked 
|   9|0x0000000082300000, 0x0000000082300000, 0x0000000082400000|  0%| F|  |TAMS 0x0000000082300000| PB 0x0000000082300000| Untracked 
|  10|0x0000000082400000, 0x0000000082400000, 0x0000000082500000|  0%| F|  |TAMS 0x0000000082400000| PB 0x0000000082400000| Untracked 
|  11|0x0000000082500000, 0x0000000082500000, 0x0000000082600000|  0%| F|  |TAMS 0x0000000082500000| PB 0x0000000082500000| Untracked 
|  12|0x0000000082600000, 0x0000000082600000, 0x0000000082700000|  0%| F|  |TAMS 0x0000000082600000| PB 0x0000000082600000| Untracked 
|  13|0x0000000082700000, 0x0000000082700000, 0x0000000082800000|  0%| F|  |TAMS 0x0000000082700000| PB 0x0000000082700000| Untracked 
|  14|0x0000000082800000, 0x0000000082800000, 0x0000000082900000|  0%| F|  |TAMS 0x0000000082800000| PB 0x0000000082800000| Untracked 
|  15|0x0000000082900000, 0x0000000082900000, 0x0000000082a00000|  0%| F|  |TAMS 0x0000000082900000| PB 0x0000000082900000| Untracked 
|  16|0x0000000082a00000, 0x0000000082a00000, 0x0000000082b00000|  0%| F|  |TAMS 0x0000000082a00000| PB 0x0000000082a00000| Untracked 
|  17|0x0000000082b00000, 0x0000000082b00000, 0x0000000082c00000|  0%| F|  |TAMS 0x0000000082b00000| PB 0x0000000082b00000| Untracked 
|  18|0x0000000082c00000, 0x0000000082c00000, 0x0000000082d00000|  0%| F|  |TAMS 0x0000000082c00000| PB 0x0000000082c00000| Untracked 
|  19|0x0000000082d00000, 0x0000000082d00000, 0x0000000082e00000|  0%| F|  |TAMS 0x0000000082d00000| PB 0x0000000082d00000| Untracked 
|  20|0x0000000082e00000, 0x0000000082e00000, 0x0000000082f00000|  0%| F|  |TAMS 0x0000000082e00000| PB 0x0000000082e00000| Untracked 
|  21|0x0000000082f00000, 0x0000000082f00000, 0x0000000083000000|  0%| F|  |TAMS 0x0000000082f00000| PB 0x0000000082f00000| Untracked 
|  22|0x0000000083000000, 0x0000000083000000, 0x0000000083100000|  0%| F|  |TAMS 0x0000000083000000| PB 0x0000000083000000| Untracked 
|  23|0x0000000083100000, 0x0000000083100000, 0x0000000083200000|  0%| F|  |TAMS 0x0000000083100000| PB 0x0000000083100000| Untracked 
|  24|0x0000000083200000, 0x0000000083200000, 0x0000000083300000|  0%| F|  |TAMS 0x0000000083200000| PB 0x0000000083200000| Untracked 
|  25|0x0000000083300000, 0x0000000083300000, 0x0000000083400000|  0%| F|  |TAMS 0x0000000083300000| PB 0x0000000083300000| Untracked 
|  26|0x0000000083400000, 0x0000000083400000, 0x0000000083500000|  0%| F|  |TAMS 0x0000000083400000| PB 0x0000000083400000| Untracked 
|  27|0x0000000083500000, 0x0000000083500000, 0x0000000083600000|  0%| F|  |TAMS 0x0000000083500000| PB 0x0000000083500000| Untracked 
|  28|0x0000000083600000, 0x0000000083600000, 0x0000000083700000|  0%| F|  |TAMS 0x0000000083600000| PB 0x0000000083600000| Untracked 
|  29|0x0000000083700000, 0x0000000083700000, 0x0000000083800000|  0%| F|  |TAMS 0x0000000083700000| PB 0x0000000083700000| Untracked 
|  30|0x0000000083800000, 0x0000000083800000, 0x0000000083900000|  0%| F|  |TAMS 0x0000000083800000| PB 0x0000000083800000| Untracked 
|  31|0x0000000083900000, 0x0000000083900000, 0x0000000083a00000|  0%| F|  |TAMS 0x0000000083900000| PB 0x0000000083900000| Untracked 
|  32|0x0000000083a00000, 0x0000000083a00000, 0x0000000083b00000|  0%| F|  |TAMS 0x0000000083a00000| PB 0x0000000083a00000| Untracked 
|  33|0x0000000083b00000, 0x0000000083b00000, 0x0000000083c00000|  0%| F|  |TAMS 0x0000000083b00000| PB 0x0000000083b00000| Untracked 
|  34|0x0000000083c00000, 0x0000000083c00000, 0x0000000083d00000|  0%| F|  |TAMS 0x0000000083c00000| PB 0x0000000083c00000| Untracked 
|  35|0x0000000083d00000, 0x0000000083d00000, 0x0000000083e00000|  0%| F|  |TAMS 0x0000000083d00000| PB 0x0000000083d00000| Untracked 
|  36|0x0000000083e00000, 0x0000000083e00000, 0x0000000083f00000|  0%| F|  |TAMS 0x0000000083e00000| PB 0x0000000083e00000| Untracked 
|  37|0x0000000083f00000, 0x0000000083f00000, 0x0000000084000000|  0%| F|  |TAMS 0x0000000083f00000| PB 0x0000000083f00000| Untracked 
|  38|0x0000000084000000, 0x0000000084000000, 0x0000000084100000|  0%| F|  |TAMS 0x0000000084000000| PB 0x0000000084000000| Untracked 
|  39|0x0000000084100000, 0x0000000084100000, 0x0000000084200000|  0%| F|  |TAMS 0x0000000084100000| PB 0x0000000084100000| Untracked 
|  40|0x0000000084200000, 0x0000000084200000, 0x0000000084300000|  0%| F|  |TAMS 0x0000000084200000| PB 0x0000000084200000| Untracked 
|  41|0x0000000084300000, 0x0000000084300000, 0x0000000084400000|  0%| F|  |TAMS 0x0000000084300000| PB 0x0000000084300000| Untracked 
|  42|0x0000000084400000, 0x0000000084400000, 0x0000000084500000|  0%| F|  |TAMS 0x0000000084400000| PB 0x0000000084400000| Untracked 
|  43|0x0000000084500000, 0x0000000084500000, 0x0000000084600000|  0%| F|  |TAMS 0x0000000084500000| PB 0x0000000084500000| Untracked 
|  44|0x0000000084600000, 0x0000000084600000, 0x0000000084700000|  0%| F|  |TAMS 0x0000000084600000| PB 0x0000000084600000| Untracked 
|  45|0x0000000084700000, 0x0000000084700000, 0x0000000084800000|  0%| F|  |TAMS 0x0000000084700000| PB 0x0000000084700000| Untracked 
|  46|0x0000000084800000, 0x0000000084800000, 0x0000000084900000|  0%| F|  |TAMS 0x0000000084800000| PB 0x0000000084800000| Untracked 
|  47|0x0000000084900000, 0x0000000084900000, 0x0000000084a00000|  0%| F|  |TAMS 0x0000000084900000| PB 0x0000000084900000| Untracked 
|  48|0x0000000084a00000, 0x0000000084a00000, 0x0000000084b00000|  0%| F|  |TAMS 0x0000000084a00000| PB 0x0000000084a00000| Untracked 
|  49|0x0000000084b00000, 0x0000000084b00000, 0x0000000084c00000|  0%| F|  |TAMS 0x0000000084b00000| PB 0x0000000084b00000| Untracked 
|  50|0x0000000084c00000, 0x0000000084c00000, 0x0000000084d00000|  0%| F|  |TAMS 0x0000000084c00000| PB 0x0000000084c00000| Untracked 
|  51|0x0000000084d00000, 0x0000000084d00000, 0x0000000084e00000|  0%| F|  |TAMS 0x0000000084d00000| PB 0x0000000084d00000| Untracked 
|  52|0x0000000084e00000, 0x0000000084e00000, 0x0000000084f00000|  0%| F|  |TAMS 0x0000000084e00000| PB 0x0000000084e00000| Untracked 
|  53|0x0000000084f00000, 0x0000000084f00000, 0x0000000085000000|  0%| F|  |TAMS 0x0000000084f00000| PB 0x0000000084f00000| Untracked 
|  54|0x0000000085000000, 0x0000000085000000, 0x0000000085100000|  0%| F|  |TAMS 0x0000000085000000| PB 0x0000000085000000| Untracked 
|  55|0x0000000085100000, 0x0000000085100000, 0x0000000085200000|  0%| F|  |TAMS 0x0000000085100000| PB 0x0000000085100000| Untracked 
|  56|0x0000000085200000, 0x0000000085200000, 0x0000000085300000|  0%| F|  |TAMS 0x0000000085200000| PB 0x0000000085200000| Untracked 
|  57|0x0000000085300000, 0x0000000085300000, 0x0000000085400000|  0%| F|  |TAMS 0x0000000085300000| PB 0x0000000085300000| Untracked 
|  58|0x0000000085400000, 0x0000000085400000, 0x0000000085500000|  0%| F|  |TAMS 0x0000000085400000| PB 0x0000000085400000| Untracked 
|  59|0x0000000085500000, 0x0000000085500000, 0x0000000085600000|  0%| F|  |TAMS 0x0000000085500000| PB 0x0000000085500000| Untracked 
|  60|0x0000000085600000, 0x0000000085600000, 0x0000000085700000|  0%| F|  |TAMS 0x0000000085600000| PB 0x0000000085600000| Untracked 
|  61|0x0000000085700000, 0x0000000085700000, 0x0000000085800000|  0%| F|  |TAMS 0x0000000085700000| PB 0x0000000085700000| Untracked 
|  62|0x0000000085800000, 0x0000000085800000, 0x0000000085900000|  0%| F|  |TAMS 0x0000000085800000| PB 0x0000000085800000| Untracked 
|  63|0x0000000085900000, 0x0000000085900000, 0x0000000085a00000|  0%| F|  |TAMS 0x0000000085900000| PB 0x0000000085900000| Untracked 
|  64|0x0000000085a00000, 0x0000000085a00000, 0x0000000085b00000|  0%| F|  |TAMS 0x0000000085a00000| PB 0x0000000085a00000| Untracked 
|  65|0x0000000085b00000, 0x0000000085b00000, 0x0000000085c00000|  0%| F|  |TAMS 0x0000000085b00000| PB 0x0000000085b00000| Untracked 
|  66|0x0000000085c00000, 0x0000000085c00000, 0x0000000085d00000|  0%| F|  |TAMS 0x0000000085c00000| PB 0x0000000085c00000| Untracked 
|  67|0x0000000085d00000, 0x0000000085d00000, 0x0000000085e00000|  0%| F|  |TAMS 0x0000000085d00000| PB 0x0000000085d00000| Untracked 
|  68|0x0000000085e00000, 0x0000000085e00000, 0x0000000085f00000|  0%| F|  |TAMS 0x0000000085e00000| PB 0x0000000085e00000| Untracked 
|  69|0x0000000085f00000, 0x0000000085f00000, 0x0000000086000000|  0%| F|  |TAMS 0x0000000085f00000| PB 0x0000000085f00000| Untracked 
|  70|0x0000000086000000, 0x0000000086000000, 0x0000000086100000|  0%| F|  |TAMS 0x0000000086000000| PB 0x0000000086000000| Untracked 
|  71|0x0000000086100000, 0x0000000086100000, 0x0000000086200000|  0%| F|  |TAMS 0x0000000086100000| PB 0x0000000086100000| Untracked 
|  72|0x0000000086200000, 0x0000000086200000, 0x0000000086300000|  0%| F|  |TAMS 0x0000000086200000| PB 0x0000000086200000| Untracked 
|  73|0x0000000086300000, 0x0000000086300000, 0x0000000086400000|  0%| F|  |TAMS 0x0000000086300000| PB 0x0000000086300000| Untracked 
|  74|0x0000000086400000, 0x0000000086400000, 0x0000000086500000|  0%| F|  |TAMS 0x0000000086400000| PB 0x0000000086400000| Untracked 
|  75|0x0000000086500000, 0x0000000086500000, 0x0000000086600000|  0%| F|  |TAMS 0x0000000086500000| PB 0x0000000086500000| Untracked 
|  76|0x0000000086600000, 0x0000000086600000, 0x0000000086700000|  0%| F|  |TAMS 0x0000000086600000| PB 0x0000000086600000| Untracked 
|  77|0x0000000086700000, 0x0000000086700000, 0x0000000086800000|  0%| F|  |TAMS 0x0000000086700000| PB 0x0000000086700000| Untracked 
|  78|0x0000000086800000, 0x0000000086800000, 0x0000000086900000|  0%| F|  |TAMS 0x0000000086800000| PB 0x0000000086800000| Untracked 
|  79|0x0000000086900000, 0x0000000086900000, 0x0000000086a00000|  0%| F|  |TAMS 0x0000000086900000| PB 0x0000000086900000| Untracked 
|  80|0x0000000086a00000, 0x0000000086a00000, 0x0000000086b00000|  0%| F|  |TAMS 0x0000000086a00000| PB 0x0000000086a00000| Untracked 
|  81|0x0000000086b00000, 0x0000000086b00000, 0x0000000086c00000|  0%| F|  |TAMS 0x0000000086b00000| PB 0x0000000086b00000| Untracked 
|  82|0x0000000086c00000, 0x0000000086c00000, 0x0000000086d00000|  0%| F|  |TAMS 0x0000000086c00000| PB 0x0000000086c00000| Untracked 
|  83|0x0000000086d00000, 0x0000000086d00000, 0x0000000086e00000|  0%| F|  |TAMS 0x0000000086d00000| PB 0x0000000086d00000| Untracked 
|  84|0x0000000086e00000, 0x0000000086e00000, 0x0000000086f00000|  0%| F|  |TAMS 0x0000000086e00000| PB 0x0000000086e00000| Untracked 
|  85|0x0000000086f00000, 0x0000000086f00000, 0x0000000087000000|  0%| F|  |TAMS 0x0000000086f00000| PB 0x0000000086f00000| Untracked 
|  86|0x0000000087000000, 0x0000000087000000, 0x0000000087100000|  0%| F|  |TAMS 0x0000000087000000| PB 0x0000000087000000| Untracked 
|  87|0x0000000087100000, 0x0000000087100000, 0x0000000087200000|  0%| F|  |TAMS 0x0000000087100000| PB 0x0000000087100000| Untracked 
|  88|0x0000000087200000, 0x0000000087200000, 0x0000000087300000|  0%| F|  |TAMS 0x0000000087200000| PB 0x0000000087200000| Untracked 
|  89|0x0000000087300000, 0x0000000087300000, 0x0000000087400000|  0%| F|  |TAMS 0x0000000087300000| PB 0x0000000087300000| Untracked 
|  90|0x0000000087400000, 0x0000000087400000, 0x0000000087500000|  0%| F|  |TAMS 0x0000000087400000| PB 0x0000000087400000| Untracked 
|  91|0x0000000087500000, 0x0000000087500000, 0x0000000087600000|  0%| F|  |TAMS 0x0000000087500000| PB 0x0000000087500000| Untracked 
|  92|0x0000000087600000, 0x0000000087600000, 0x0000000087700000|  0%| F|  |TAMS 0x0000000087600000| PB 0x0000000087600000| Untracked 
|  93|0x0000000087700000, 0x0000000087700000, 0x0000000087800000|  0%| F|  |TAMS 0x0000000087700000| PB 0x0000000087700000| Untracked 
|  94|0x0000000087800000, 0x0000000087800000, 0x0000000087900000|  0%| F|  |TAMS 0x0000000087800000| PB 0x0000000087800000| Untracked 
|  95|0x0000000087900000, 0x0000000087900000, 0x0000000087a00000|  0%| F|  |TAMS 0x0000000087900000| PB 0x0000000087900000| Untracked 
|  96|0x0000000087a00000, 0x0000000087a00000, 0x0000000087b00000|  0%| F|  |TAMS 0x0000000087a00000| PB 0x0000000087a00000| Untracked 
|  97|0x0000000087b00000, 0x0000000087b00000, 0x0000000087c00000|  0%| F|  |TAMS 0x0000000087b00000| PB 0x0000000087b00000| Untracked 
|  98|0x0000000087c00000, 0x0000000087c00000, 0x0000000087d00000|  0%| F|  |TAMS 0x0000000087c00000| PB 0x0000000087c00000| Untracked 
|  99|0x0000000087d00000, 0x0000000087d00000, 0x0000000087e00000|  0%| F|  |TAMS 0x0000000087d00000| PB 0x0000000087d00000| Untracked 
| 100|0x0000000087e00000, 0x0000000087e00000, 0x0000000087f00000|  0%| F|  |TAMS 0x0000000087e00000| PB 0x0000000087e00000| Untracked 
| 101|0x0000000087f00000, 0x0000000087f00000, 0x0000000088000000|  0%| F|  |TAMS 0x0000000087f00000| PB 0x0000000087f00000| Untracked 
| 102|0x0000000088000000, 0x0000000088000000, 0x0000000088100000|  0%| F|  |TAMS 0x0000000088000000| PB 0x0000000088000000| Untracked 
| 103|0x0000000088100000, 0x0000000088100000, 0x0000000088200000|  0%| F|  |TAMS 0x0000000088100000| PB 0x0000000088100000| Untracked 
| 104|0x0000000088200000, 0x0000000088200000, 0x0000000088300000|  0%| F|  |TAMS 0x0000000088200000| PB 0x0000000088200000| Untracked 
| 105|0x0000000088300000, 0x0000000088300000, 0x0000000088400000|  0%| F|  |TAMS 0x0000000088300000| PB 0x0000000088300000| Untracked 
| 106|0x0000000088400000, 0x0000000088400000, 0x0000000088500000|  0%| F|  |TAMS 0x0000000088400000| PB 0x0000000088400000| Untracked 
| 107|0x0000000088500000, 0x0000000088500000, 0x0000000088600000|  0%| F|  |TAMS 0x0000000088500000| PB 0x0000000088500000| Untracked 
| 108|0x0000000088600000, 0x0000000088600000, 0x0000000088700000|  0%| F|  |TAMS 0x0000000088600000| PB 0x0000000088600000| Untracked 
| 109|0x0000000088700000, 0x0000000088700000, 0x0000000088800000|  0%| F|  |TAMS 0x0000000088700000| PB 0x0000000088700000| Untracked 
| 110|0x0000000088800000, 0x0000000088800000, 0x0000000088900000|  0%| F|  |TAMS 0x0000000088800000| PB 0x0000000088800000| Untracked 
| 111|0x0000000088900000, 0x0000000088900000, 0x0000000088a00000|  0%| F|  |TAMS 0x0000000088900000| PB 0x0000000088900000| Untracked 
| 112|0x0000000088a00000, 0x0000000088a00000, 0x0000000088b00000|  0%| F|  |TAMS 0x0000000088a00000| PB 0x0000000088a00000| Untracked 
| 113|0x0000000088b00000, 0x0000000088c00000, 0x0000000088c00000|100%| S|CS|TAMS 0x0000000088b00000| PB 0x0000000088b00000| Complete 
| 114|0x0000000088c00000, 0x0000000088d00000, 0x0000000088d00000|100%| S|CS|TAMS 0x0000000088c00000| PB 0x0000000088c00000| Complete 
| 115|0x0000000088d00000, 0x0000000088da9128, 0x0000000088e00000| 66%| E|  |TAMS 0x0000000088d00000| PB 0x0000000088d00000| Complete 
| 116|0x0000000088e00000, 0x0000000088f00000, 0x0000000088f00000|100%| E|CS|TAMS 0x0000000088e00000| PB 0x0000000088e00000| Complete 
| 117|0x0000000088f00000, 0x0000000089000000, 0x0000000089000000|100%| E|CS|TAMS 0x0000000088f00000| PB 0x0000000088f00000| Complete 
| 118|0x0000000089000000, 0x0000000089100000, 0x0000000089100000|100%| E|CS|TAMS 0x0000000089000000| PB 0x0000000089000000| Complete 
| 119|0x0000000089100000, 0x0000000089200000, 0x0000000089200000|100%| E|CS|TAMS 0x0000000089100000| PB 0x0000000089100000| Complete 
| 120|0x0000000089200000, 0x0000000089300000, 0x0000000089300000|100%| E|CS|TAMS 0x0000000089200000| PB 0x0000000089200000| Complete 
| 121|0x0000000089300000, 0x0000000089400000, 0x0000000089400000|100%| E|CS|TAMS 0x0000000089300000| PB 0x0000000089300000| Complete 
| 122|0x0000000089400000, 0x0000000089500000, 0x0000000089500000|100%| E|CS|TAMS 0x0000000089400000| PB 0x0000000089400000| Complete 
| 123|0x0000000089500000, 0x0000000089600000, 0x0000000089600000|100%| E|CS|TAMS 0x0000000089500000| PB 0x0000000089500000| Complete 
| 124|0x0000000089600000, 0x0000000089700000, 0x0000000089700000|100%| E|CS|TAMS 0x0000000089600000| PB 0x0000000089600000| Complete 
| 125|0x0000000089700000, 0x0000000089800000, 0x0000000089800000|100%| E|CS|TAMS 0x0000000089700000| PB 0x0000000089700000| Complete 
| 126|0x0000000089800000, 0x0000000089900000, 0x0000000089900000|100%| E|CS|TAMS 0x0000000089800000| PB 0x0000000089800000| Complete 
| 127|0x0000000089900000, 0x0000000089a00000, 0x0000000089a00000|100%| E|CS|TAMS 0x0000000089900000| PB 0x0000000089900000| Complete 

Card table byte_map: [0x000002b414b50000,0x000002b414f50000] _byte_map_base: 0x000002b414743000

Marking Bits: (CMBitMap*) 0x000002b401c92960
 Bits: [0x000002b414f50000, 0x000002b416ee8000)

Polling page: 0x000002b401410000

Metaspace:

Usage:
  Non-class:     15.31 MB used.
      Class:      1.64 MB used.
       Both:     16.95 MB used.

Virtual space:
  Non-class space:       64.00 MB reserved,      15.38 MB ( 24%) committed,  1 nodes.
      Class space:        1.00 GB reserved,       1.75 MB ( <1%) committed,  1 nodes.
             Both:        1.06 GB reserved,      17.12 MB (  2%) committed. 

Chunk freelists:
   Non-Class:  144.00 KB
       Class:  14.30 MB
        Both:  14.44 MB

MaxMetaspaceSize: unlimited
CompressedClassSpaceSize: 1.00 GB
Initial GC threshold: 21.00 MB
Current GC threshold: 21.00 MB
CDS: off
 - commit_granule_bytes: 65536.
 - commit_granule_words: 8192.
 - virtual_space_node_default_size: 8388608.
 - enlarge_chunks_in_place: 1.
 - use_allocation_guard: 0.


Internal statistics:

num_allocs_failed_limit: 0.
num_arena_births: 64.
num_arena_deaths: 0.
num_vsnodes_births: 2.
num_vsnodes_deaths: 0.
num_space_committed: 274.
num_space_uncommitted: 0.
num_chunks_returned_to_freelist: 0.
num_chunks_taken_from_freelist: 283.
num_chunk_merges: 0.
num_chunk_splits: 158.
num_chunks_enlarged: 117.
num_inconsistent_stats: 0.

CodeHeap 'non-profiled nmethods': size=120000Kb used=385Kb max_used=385Kb free=119614Kb
 bounds [0x000002b40d220000, 0x000002b40d490000, 0x000002b414750000]
CodeHeap 'profiled nmethods': size=120000Kb used=2415Kb max_used=2415Kb free=117584Kb
 bounds [0x000002b405750000, 0x000002b4059c0000, 0x000002b40cc80000]
CodeHeap 'non-nmethods': size=5760Kb used=1425Kb max_used=1425Kb free=4334Kb
 bounds [0x000002b40cc80000, 0x000002b40cef0000, 0x000002b40d220000]
 total_blobs=1745 nmethods=1252 adapters=396
 compilation: enabled
              stopped_count=0, restarted_count=0
 full_count=0

Compilation events (20 events):
Event: 1.245 Thread 0x000002b419561510 1250       3       org.codehaus.plexus.util.xml.pull.MXParser::newString (11 bytes)
Event: 1.245 Thread 0x000002b419561510 nmethod 1250 0x000002b4059a6110 code [0x000002b4059a62c0, 0x000002b4059a6460]
Event: 1.247 Thread 0x000002b419561510 1251       3       org.codehaus.plexus.util.xml.pull.MXParser::getName (84 bytes)
Event: 1.248 Thread 0x000002b419561510 nmethod 1251 0x000002b4059a6510 code [0x000002b4059a66e0, 0x000002b4059a6a70]
Event: 1.248 Thread 0x000002b419561510 1253       3       org.codehaus.plexus.util.xml.pull.MXParser::ensureElementsCapacity (265 bytes)
Event: 1.249 Thread 0x000002b419561510 nmethod 1253 0x000002b4059a6b90 code [0x000002b4059a6e00, 0x000002b4059a7e38]
Event: 1.249 Thread 0x000002b419561510 1252       3       org.codehaus.plexus.util.xml.pull.MXParser::getText (125 bytes)
Event: 1.249 Thread 0x000002b419561510 nmethod 1252 0x000002b4059a8110 code [0x000002b4059a8300, 0x000002b4059a8810]
Event: 1.252 Thread 0x000002b419561510 1256       3       org.eclipse.sisu.plexus.PlexusXmlScanner::TEXT (10 bytes)
Event: 1.252 Thread 0x000002b419561510 nmethod 1256 0x000002b4059a8910 code [0x000002b4059a8b00, 0x000002b4059a8e90]
Event: 1.252 Thread 0x000002b419561510 1257       3       org.codehaus.plexus.util.xml.pull.MXParser::nextText (103 bytes)
Event: 1.253 Thread 0x000002b419561510 nmethod 1257 0x000002b4059a9010 code [0x000002b4059a92e0, 0x000002b4059a9e80]
Event: 1.254 Thread 0x000002b419561510 1258       3       java.lang.Character::isLetterOrDigit (5 bytes)
Event: 1.254 Thread 0x000002b419561510 nmethod 1258 0x000002b4059aa310 code [0x000002b4059aa4e0, 0x000002b4059aa7f0]
Event: 1.254 Thread 0x000002b419561510 1259       3       java.lang.Character::isLetterOrDigit (19 bytes)
Event: 1.254 Thread 0x000002b419561510 nmethod 1259 0x000002b4059aa910 code [0x000002b4059aaae0, 0x000002b4059aad88]
Event: 1.254 Thread 0x000002b419561510 1260       3       java.lang.Class::getComponentType (14 bytes)
Event: 1.254 Thread 0x000002b419561510 nmethod 1260 0x000002b4059aae90 code [0x000002b4059ab040, 0x000002b4059ab1f8]
Event: 1.267 Thread 0x000002b419561510 1270       1       org.codehaus.plexus.util.xml.pull.MXParser::getDepth (5 bytes)
Event: 1.267 Thread 0x000002b419561510 nmethod 1270 0x000002b40d280190 code [0x000002b40d280320, 0x000002b40d2803e8]

GC Heap History (2 events):
Event: 1.013 GC heap before
{Heap before GC invocations=0 (full 0):
 garbage-first heap   total 131072K, used 12288K [0x0000000081a00000, 0x0000000100000000)
  region size 1024K, 13 young (13312K), 0 survivors (0K)
 Metaspace       used 14358K, committed 14528K, reserved 1114112K
  class space    used 1274K, committed 1344K, reserved 1048576K
}
Event: 1.018 GC heap after
{Heap after GC invocations=1 (full 0):
 garbage-first heap   total 131072K, used 3984K [0x0000000081a00000, 0x0000000100000000)
  region size 1024K, 2 young (2048K), 2 survivors (2048K)
 Metaspace       used 14358K, committed 14528K, reserved 1114112K
  class space    used 1274K, committed 1344K, reserved 1048576K
}

Dll operation events (7 events):
Event: 0.023 Loaded shared library C:\eclipse-jee-2024-06-R-win32-x86_64\eclipse\plugins\org.eclipse.justj.openjdk.hotspot.jre.full.win32.x86_64_21.0.3.v20240426-1530\jre\bin\java.dll
Event: 0.036 Loaded shared library C:\eclipse-jee-2024-06-R-win32-x86_64\eclipse\plugins\org.eclipse.justj.openjdk.hotspot.jre.full.win32.x86_64_21.0.3.v20240426-1530\jre\bin\zip.dll
Event: 0.437 Loaded shared library C:\eclipse-jee-2024-06-R-win32-x86_64\eclipse\plugins\org.eclipse.justj.openjdk.hotspot.jre.full.win32.x86_64_21.0.3.v20240426-1530\jre\bin\net.dll
Event: 0.438 Loaded shared library C:\eclipse-jee-2024-06-R-win32-x86_64\eclipse\plugins\org.eclipse.justj.openjdk.hotspot.jre.full.win32.x86_64_21.0.3.v20240426-1530\jre\bin\nio.dll
Event: 0.446 Loaded shared library C:\eclipse-jee-2024-06-R-win32-x86_64\eclipse\plugins\org.eclipse.justj.openjdk.hotspot.jre.full.win32.x86_64_21.0.3.v20240426-1530\jre\bin\zip.dll
Event: 0.591 Loaded shared library C:\eclipse-jee-2024-06-R-win32-x86_64\eclipse\plugins\org.eclipse.justj.openjdk.hotspot.jre.full.win32.x86_64_21.0.3.v20240426-1530\jre\bin\jimage.dll
Event: 0.659 Loaded shared library C:\Users\User\AppData\Local\Temp\jansi-2.4.1-9463fde81696e46c-jansi.dll

Deoptimization events (20 events):
Event: 1.127 Thread 0x000002b47facde50 DEOPT PACKING pc=0x000002b4058eb305 sp=0x000000c4617f6fd0
Event: 1.127 Thread 0x000002b47facde50 DEOPT UNPACKING pc=0x000002b40ccd4e42 sp=0x000000c4617f6440 mode 0
Event: 1.149 Thread 0x000002b47facde50 DEOPT PACKING pc=0x000002b4058eb305 sp=0x000000c4617f8dc0
Event: 1.149 Thread 0x000002b47facde50 DEOPT UNPACKING pc=0x000002b40ccd4e42 sp=0x000000c4617f8230 mode 0
Event: 1.211 Thread 0x000002b47facde50 Uncommon trap: trap_request=0xffffff6e fr.pc=0x000002b40d2494d8 relative=0x0000000000000498
Event: 1.211 Thread 0x000002b47facde50 Uncommon trap: reason=loop_limit_check action=maybe_recompile pc=0x000002b40d2494d8 method=java.lang.StringLatin1.indexOf([BI[BII)I @ 37 c2
Event: 1.211 Thread 0x000002b47facde50 DEOPT PACKING pc=0x000002b40d2494d8 sp=0x000000c4617fda40
Event: 1.211 Thread 0x000002b47facde50 DEOPT UNPACKING pc=0x000002b40ccd46a2 sp=0x000000c4617fd9a0 mode 2
Event: 1.212 Thread 0x000002b47facde50 Uncommon trap: trap_request=0xffffff76 fr.pc=0x000002b40d252d44 relative=0x0000000000000364
Event: 1.212 Thread 0x000002b47facde50 Uncommon trap: reason=predicate action=maybe_recompile pc=0x000002b40d252d44 method=java.util.regex.Pattern$BmpCharPropertyGreedy.match(Ljava/util/regex/Matcher;ILjava/lang/CharSequence;)Z @ 12 c2
Event: 1.212 Thread 0x000002b47facde50 DEOPT PACKING pc=0x000002b40d252d44 sp=0x000000c4617fdb00
Event: 1.212 Thread 0x000002b47facde50 DEOPT UNPACKING pc=0x000002b40ccd46a2 sp=0x000000c4617fdab8 mode 2
Event: 1.212 Thread 0x000002b47facde50 Uncommon trap: trap_request=0xffffff45 fr.pc=0x000002b40d24a1ec relative=0x00000000000000cc
Event: 1.212 Thread 0x000002b47facde50 Uncommon trap: reason=unstable_if action=reinterpret pc=0x000002b40d24a1ec method=org.codehaus.plexus.util.xml.pull.MXParser.more()C @ 8 c2
Event: 1.212 Thread 0x000002b47facde50 DEOPT PACKING pc=0x000002b40d24a1ec sp=0x000000c4617fded0
Event: 1.212 Thread 0x000002b47facde50 DEOPT UNPACKING pc=0x000002b40ccd46a2 sp=0x000000c4617fde60 mode 2
Event: 1.227 Thread 0x000002b47facde50 Uncommon trap: trap_request=0xffffffc6 fr.pc=0x000002b40d277900 relative=0x0000000000000940
Event: 1.227 Thread 0x000002b47facde50 Uncommon trap: reason=bimorphic_or_optimized_type_check action=maybe_recompile pc=0x000002b40d277900 method=java.util.HashMap.putVal(ILjava/lang/Object;Ljava/lang/Object;ZZ)Ljava/lang/Object; @ 91 c2
Event: 1.227 Thread 0x000002b47facde50 DEOPT PACKING pc=0x000002b40d277900 sp=0x000000c4617fdf90
Event: 1.227 Thread 0x000002b47facde50 DEOPT UNPACKING pc=0x000002b40ccd46a2 sp=0x000000c4617fdeb8 mode 2

Classes loaded (20 events):
Event: 1.186 Loading class java/lang/invoke/DirectMethodHandle$StaticAccessor
Event: 1.186 Loading class java/lang/invoke/DirectMethodHandle$StaticAccessor done
Event: 1.187 Loading class jdk/internal/reflect/MethodHandleObjectFieldAccessorImpl
Event: 1.187 Loading class jdk/internal/reflect/MethodHandleFieldAccessorImpl
Event: 1.187 Loading class jdk/internal/reflect/MethodHandleFieldAccessorImpl done
Event: 1.187 Loading class jdk/internal/reflect/MethodHandleObjectFieldAccessorImpl done
Event: 1.192 Loading class java/lang/reflect/ParameterizedType
Event: 1.192 Loading class java/lang/reflect/ParameterizedType done
Event: 1.195 Loading class java/lang/reflect/WildcardType
Event: 1.195 Loading class java/lang/reflect/WildcardType done
Event: 1.197 Loading class sun/reflect/generics/tree/TypeVariableSignature
Event: 1.197 Loading class sun/reflect/generics/tree/TypeVariableSignature done
Event: 1.208 Loading class java/lang/annotation/IncompleteAnnotationException
Event: 1.208 Loading class java/lang/annotation/IncompleteAnnotationException done
Event: 1.210 Loading class jdk/internal/foreign/MemorySessionImpl
Event: 1.210 Loading class java/lang/foreign/MemorySegment$Scope
Event: 1.210 Loading class java/lang/foreign/MemorySegment$Scope done
Event: 1.210 Loading class jdk/internal/foreign/MemorySessionImpl done
Event: 1.263 Loading class java/lang/foreign/MemorySegment
Event: 1.263 Loading class java/lang/foreign/MemorySegment done

Classes unloaded (0 events):
No events

Classes redefined (0 events):
No events

Internal exceptions (20 events):
Event: 0.669 Thread 0x000002b47facde50 Exception <a 'sun/nio/fs/WindowsException'{0x00000000894453b0}> (0x00000000894453b0) 
thrown [s\src\hotspot\share\prims\jni.cpp, line 520]
Event: 0.669 Thread 0x000002b47facde50 Exception <a 'sun/nio/fs/WindowsException'{0x0000000089445a20}> (0x0000000089445a20) 
thrown [s\src\hotspot\share\prims\jni.cpp, line 520]
Event: 0.669 Thread 0x000002b47facde50 Exception <a 'sun/nio/fs/WindowsException'{0x0000000089445f78}> (0x0000000089445f78) 
thrown [s\src\hotspot\share\prims\jni.cpp, line 520]
Event: 0.669 Thread 0x000002b47facde50 Exception <a 'sun/nio/fs/WindowsException'{0x0000000089446480}> (0x0000000089446480) 
thrown [s\src\hotspot\share\prims\jni.cpp, line 520]
Event: 0.669 Thread 0x000002b47facde50 Exception <a 'sun/nio/fs/WindowsException'{0x0000000089446940}> (0x0000000089446940) 
thrown [s\src\hotspot\share\prims\jni.cpp, line 520]
Event: 0.680 Thread 0x000002b47facde50 Exception <a 'java/lang/NoSuchMethodError'{0x000000008949b860}: 'void java.lang.invoke.DirectMethodHandle$Holder.invokeStatic(java.lang.Object, java.lang.Object)'> (0x000000008949b860) 
thrown [s\src\hotspot\share\interpreter\linkResolver.cpp, line 773]
Event: 0.680 Thread 0x000002b47facde50 Exception <a 'java/lang/NoSuchMethodError'{0x000000008949ec30}: 'void java.lang.invoke.DirectMethodHandle$Holder.invokeStaticInit(java.lang.Object, java.lang.Object)'> (0x000000008949ec30) 
thrown [s\src\hotspot\share\interpreter\linkResolver.cpp, line 773]
Event: 0.690 Thread 0x000002b47facde50 Exception <a 'java/lang/NoSuchMethodError'{0x00000000894e46f0}: 'void java.lang.invoke.DirectMethodHandle$Holder.invokeStatic(java.lang.Object, java.lang.Object, java.lang.Object)'> (0x00000000894e46f0) 
thrown [s\src\hotspot\share\interpreter\linkResolver.cpp, line 773]
Event: 0.740 Thread 0x000002b47facde50 Exception <a 'java/lang/NullPointerException'{0x0000000089202020}> (0x0000000089202020) 
thrown [s\src\hotspot\share\interpreter\linkResolver.cpp, line 1372]
Event: 0.740 Thread 0x000002b47facde50 Exception <a 'java/lang/NullPointerException'{0x0000000089208878}> (0x0000000089208878) 
thrown [s\src\hotspot\share\interpreter\linkResolver.cpp, line 1372]
Event: 0.773 Thread 0x000002b47facde50 Exception <a 'java/lang/NoSuchMethodError'{0x00000000892f8208}: 'java.lang.Object java.lang.invoke.DirectMethodHandle$Holder.invokeSpecialIFC(java.lang.Object, java.lang.Object, java.lang.Object, java.lang.Object)'> (0x00000000892f8208) 
thrown [s\src\hotspot\share\interpreter\linkResolver.cpp, line 773]
Event: 0.931 Thread 0x000002b47facde50 Exception <a 'java/lang/NoSuchMethodError'{0x0000000088e143c0}: 'void java.lang.invoke.DirectMethodHandle$Holder.invokeVirtual(java.lang.Object, java.lang.Object)'> (0x0000000088e143c0) 
thrown [s\src\hotspot\share\interpreter\linkResolver.cpp, line 773]
Event: 1.081 Thread 0x000002b47facde50 Exception <a 'java/lang/NoSuchMethodError'{0x00000000897bc9c0}: 'void java.lang.invoke.DirectMethodHandle$Holder.invokeSpecial(java.lang.Object, java.lang.Object, java.lang.Object)'> (0x00000000897bc9c0) 
thrown [s\src\hotspot\share\interpreter\linkResolver.cpp, line 773]
Event: 1.114 Thread 0x000002b47facde50 Exception <a 'java/lang/NoSuchMethodError'{0x0000000089510348}: 'java.lang.Object java.lang.invoke.DirectMethodHandle$Holder.invokeInterface(java.lang.Object, java.lang.Object)'> (0x0000000089510348) 
thrown [s\src\hotspot\share\interpreter\linkResolver.cpp, line 773]
Event: 1.131 Thread 0x000002b47facde50 Exception <a 'java/lang/NoSuchMethodError'{0x00000000895acba8}: 'int java.lang.invoke.DirectMethodHandle$Holder.invokeStatic(java.lang.Object, java.lang.Object, java.lang.Object, java.lang.Object)'> (0x00000000895acba8) 
thrown [s\src\hotspot\share\interpreter\linkResolver.cpp, line 773]
Event: 1.131 Thread 0x000002b47facde50 Exception <a 'java/lang/NoSuchMethodError'{0x00000000895b0228}: 'java.lang.Object java.lang.invoke.Invokers$Holder.invokeExact_MT(java.lang.Object, java.lang.Object, java.lang.Object, java.lang.Object, java.lang.Object, java.lang.Object)'> (0x00000000895b0228) 
thrown [s\src\hotspot\share\interpreter\linkResolver.cpp, line 773]
Event: 1.133 Thread 0x000002b47facde50 Exception <a 'java/lang/NoSuchMethodError'{0x00000000895c1fc0}: 'int java.lang.invoke.DirectMethodHandle$Holder.invokeSpecialIFC(java.lang.Object, java.lang.Object, java.lang.Object, java.lang.Object, java.lang.Object)'> (0x00000000895c1fc0) 
thrown [s\src\hotspot\share\interpreter\linkResolver.cpp, line 773]
Event: 1.176 Thread 0x000002b47facde50 Exception <a 'java/lang/NoSuchMethodError'{0x000000008934b8f8}: 'java.lang.Object java.lang.invoke.DirectMethodHandle$Holder.newInvokeSpecial(java.lang.Object, java.lang.Object, java.lang.Object, java.lang.Object, java.lang.Object)'> (0x000000008934b8f8) 
thrown [s\src\hotspot\share\interpreter\linkResolver.cpp, line 773]
Event: 1.202 Thread 0x000002b47facde50 Exception <a 'java/lang/NoSuchMethodError'{0x000000008924ea30}: 'int java.lang.invoke.DirectMethodHandle$Holder.invokeStaticInit(java.lang.Object, java.lang.Object)'> (0x000000008924ea30) 
thrown [s\src\hotspot\share\interpreter\linkResolver.cpp, line 773]
Event: 1.208 Thread 0x000002b47facde50 Exception <a 'java/lang/NoClassDefFoundError'{0x0000000089284398}: javax/enterprise/inject/Typed> (0x0000000089284398) 
thrown [s\src\hotspot\share\classfile\systemDictionary.cpp, line 301]

ZGC Phase Switch (0 events):
No events

VM Operations (10 events):
Event: 0.449 Executing VM operation: HandshakeAllThreads (Deoptimize)
Event: 0.449 Executing VM operation: HandshakeAllThreads (Deoptimize) done
Event: 0.584 Executing VM operation: HandshakeAllThreads (Deoptimize)
Event: 0.584 Executing VM operation: HandshakeAllThreads (Deoptimize) done
Event: 0.598 Executing VM operation: HandshakeAllThreads (Deoptimize)
Event: 0.598 Executing VM operation: HandshakeAllThreads (Deoptimize) done
Event: 0.920 Executing VM operation: HandshakeAllThreads (Deoptimize)
Event: 0.920 Executing VM operation: HandshakeAllThreads (Deoptimize) done
Event: 1.013 Executing VM operation: G1CollectForAllocation (G1 Evacuation Pause)
Event: 1.018 Executing VM operation: G1CollectForAllocation (G1 Evacuation Pause) done

Events (14 events):
Event: 0.035 Thread 0x000002b47facde50 Thread added: 0x000002b47facde50
Event: 0.360 Thread 0x000002b419586080 Thread added: 0x000002b419586080
Event: 0.360 Thread 0x000002b419551780 Thread added: 0x000002b419551780
Event: 0.362 Thread 0x000002b4195549d0 Thread added: 0x000002b4195549d0
Event: 0.363 Thread 0x000002b419555430 Thread added: 0x000002b419555430
Event: 0.363 Thread 0x000002b41958b600 Thread added: 0x000002b41958b600
Event: 0.363 Thread 0x000002b41958c9b0 Thread added: 0x000002b41958c9b0
Event: 0.363 Thread 0x000002b419591590 Thread added: 0x000002b419591590
Event: 0.364 Thread 0x000002b419561510 Thread added: 0x000002b419561510
Event: 0.418 Thread 0x000002b4197347b0 Thread added: 0x000002b4197347b0
Event: 0.427 Thread 0x000002b41973cc40 Thread added: 0x000002b41973cc40
Event: 0.588 Thread 0x000002b41e031460 Thread added: 0x000002b41e031460
Event: 0.619 Thread 0x000002b41e031460 Thread exited: 0x000002b41e031460
Event: 1.233 Thread 0x000002b41eafa930 Thread added: 0x000002b41eafa930


Dynamic libraries:
0x00007ff78efd0000 - 0x00007ff78efde000 	C:\eclipse-jee-2024-06-R-win32-x86_64\eclipse\plugins\org.eclipse.justj.openjdk.hotspot.jre.full.win32.x86_64_21.0.3.v20240426-1530\jre\bin\javaw.exe
0x00007ffe8d870000 - 0x00007ffe8da68000 	C:\Windows\SYSTEM32\ntdll.dll
0x00007ffe8b930000 - 0x00007ffe8b9f2000 	C:\Windows\System32\KERNEL32.DLL
0x00007ffe8b4b0000 - 0x00007ffe8b7a7000 	C:\Windows\System32\KERNELBASE.dll
0x00007ffe8b250000 - 0x00007ffe8b350000 	C:\Windows\System32\ucrtbase.dll
0x00007ffe82ce0000 - 0x00007ffe82cf8000 	C:\eclipse-jee-2024-06-R-win32-x86_64\eclipse\plugins\org.eclipse.justj.openjdk.hotspot.jre.full.win32.x86_64_21.0.3.v20240426-1530\jre\bin\jli.dll
0x00007ffe8c560000 - 0x00007ffe8c6fd000 	C:\Windows\System32\USER32.dll
0x00007ffe8af00000 - 0x00007ffe8af22000 	C:\Windows\System32\win32u.dll
0x00007ffe8c950000 - 0x00007ffe8c97b000 	C:\Windows\System32\GDI32.dll
0x00007ffe8b0a0000 - 0x00007ffe8b1b9000 	C:\Windows\System32\gdi32full.dll
0x00007ffe8b000000 - 0x00007ffe8b09d000 	C:\Windows\System32\msvcp_win.dll
0x00007ffe82cc0000 - 0x00007ffe82cdb000 	C:\eclipse-jee-2024-06-R-win32-x86_64\eclipse\plugins\org.eclipse.justj.openjdk.hotspot.jre.full.win32.x86_64_21.0.3.v20240426-1530\jre\bin\VCRUNTIME140.dll
0x00007ffe80310000 - 0x00007ffe805aa000 	C:\Windows\WinSxS\amd64_microsoft.windows.common-controls_6595b64144ccf1df_6.0.19041.5915_none_60b4b9d171f9c7c7\COMCTL32.dll
0x00007ffe8baa0000 - 0x00007ffe8bb3e000 	C:\Windows\System32\msvcrt.dll
0x00007ffe8b890000 - 0x00007ffe8b8bf000 	C:\Windows\System32\IMM32.DLL
0x00007ffe82cb0000 - 0x00007ffe82cbc000 	C:\eclipse-jee-2024-06-R-win32-x86_64\eclipse\plugins\org.eclipse.justj.openjdk.hotspot.jre.full.win32.x86_64_21.0.3.v20240426-1530\jre\bin\vcruntime140_1.dll
0x00007ffe82c20000 - 0x00007ffe82cae000 	C:\eclipse-jee-2024-06-R-win32-x86_64\eclipse\plugins\org.eclipse.justj.openjdk.hotspot.jre.full.win32.x86_64_21.0.3.v20240426-1530\jre\bin\msvcp140.dll
0x00007ffe2a880000 - 0x00007ffe2b602000 	C:\eclipse-jee-2024-06-R-win32-x86_64\eclipse\plugins\org.eclipse.justj.openjdk.hotspot.jre.full.win32.x86_64_21.0.3.v20240426-1530\jre\bin\server\jvm.dll
0x00007ffe8c890000 - 0x00007ffe8c941000 	C:\Windows\System32\ADVAPI32.dll
0x00007ffe8ba00000 - 0x00007ffe8ba9f000 	C:\Windows\System32\sechost.dll
0x00007ffe8cb60000 - 0x00007ffe8cc86000 	C:\Windows\System32\RPCRT4.dll
0x00007ffe8b7b0000 - 0x00007ffe8b7d7000 	C:\Windows\System32\bcrypt.dll
0x00007ffe8c700000 - 0x00007ffe8c76b000 	C:\Windows\System32\WS2_32.dll
0x00007ffe8ad60000 - 0x00007ffe8adab000 	C:\Windows\SYSTEM32\POWRPROF.dll
0x00007ffe80a30000 - 0x00007ffe80a57000 	C:\Windows\SYSTEM32\WINMM.dll
0x00007ffe841a0000 - 0x00007ffe841aa000 	C:\Windows\SYSTEM32\VERSION.dll
0x00007ffe8ad40000 - 0x00007ffe8ad52000 	C:\Windows\SYSTEM32\UMPDC.dll
0x00007ffe88d60000 - 0x00007ffe88d72000 	C:\Windows\SYSTEM32\kernel.appcore.dll
0x00007ffe7a6f0000 - 0x00007ffe7a6fa000 	C:\eclipse-jee-2024-06-R-win32-x86_64\eclipse\plugins\org.eclipse.justj.openjdk.hotspot.jre.full.win32.x86_64_21.0.3.v20240426-1530\jre\bin\jimage.dll
0x00007ffe84750000 - 0x00007ffe84951000 	C:\Windows\SYSTEM32\DBGHELP.DLL
0x00007ffe841b0000 - 0x00007ffe841e4000 	C:\Windows\SYSTEM32\dbgcore.DLL
0x00007ffe8b1c0000 - 0x00007ffe8b242000 	C:\Windows\System32\bcryptPrimitives.dll
0x00007ffe66a20000 - 0x00007ffe66a3f000 	C:\eclipse-jee-2024-06-R-win32-x86_64\eclipse\plugins\org.eclipse.justj.openjdk.hotspot.jre.full.win32.x86_64_21.0.3.v20240426-1530\jre\bin\java.dll
0x00007ffe66960000 - 0x00007ffe66978000 	C:\eclipse-jee-2024-06-R-win32-x86_64\eclipse\plugins\org.eclipse.justj.openjdk.hotspot.jre.full.win32.x86_64_21.0.3.v20240426-1530\jre\bin\zip.dll
0x00007ffe8bc00000 - 0x00007ffe8c36e000 	C:\Windows\System32\SHELL32.dll
0x00007ffe88f60000 - 0x00007ffe89704000 	C:\Windows\SYSTEM32\windows.storage.dll
0x00007ffe8cc90000 - 0x00007ffe8cfe3000 	C:\Windows\System32\combase.dll
0x00007ffe8a780000 - 0x00007ffe8a7ab000 	C:\Windows\SYSTEM32\Wldp.dll
0x00007ffe8c980000 - 0x00007ffe8ca4d000 	C:\Windows\System32\OLEAUT32.dll
0x00007ffe8c3d0000 - 0x00007ffe8c47d000 	C:\Windows\System32\SHCORE.dll
0x00007ffe8d360000 - 0x00007ffe8d3bb000 	C:\Windows\System32\shlwapi.dll
0x00007ffe8ae30000 - 0x00007ffe8ae54000 	C:\Windows\SYSTEM32\profapi.dll
0x00007ffe76580000 - 0x00007ffe76590000 	C:\eclipse-jee-2024-06-R-win32-x86_64\eclipse\plugins\org.eclipse.justj.openjdk.hotspot.jre.full.win32.x86_64_21.0.3.v20240426-1530\jre\bin\net.dll
0x00007ffe85800000 - 0x00007ffe8590a000 	C:\Windows\SYSTEM32\WINHTTP.dll
0x00007ffe8a560000 - 0x00007ffe8a5ca000 	C:\Windows\system32\mswsock.dll
0x00007ffe66590000 - 0x00007ffe665a6000 	C:\eclipse-jee-2024-06-R-win32-x86_64\eclipse\plugins\org.eclipse.justj.openjdk.hotspot.jre.full.win32.x86_64_21.0.3.v20240426-1530\jre\bin\nio.dll
0x00007ffe82dd0000 - 0x00007ffe82df4000 	C:\Users\User\AppData\Local\Temp\jansi-2.4.1-9463fde81696e46c-jansi.dll

dbghelp: loaded successfully - version: 4.0.5 - missing functions: none
symbol engine: initialized successfully - sym options: 0x614 - pdb path: .;C:\eclipse-jee-2024-06-R-win32-x86_64\eclipse\plugins\org.eclipse.justj.openjdk.hotspot.jre.full.win32.x86_64_21.0.3.v20240426-1530\jre\bin;C:\Windows\SYSTEM32;C:\Windows\WinSxS\amd64_microsoft.windows.common-controls_6595b64144ccf1df_6.0.19041.5915_none_60b4b9d171f9c7c7;C:\eclipse-jee-2024-06-R-win32-x86_64\eclipse\plugins\org.eclipse.justj.openjdk.hotspot.jre.full.win32.x86_64_21.0.3.v20240426-1530\jre\bin\server;C:\Users\User\AppData\Local\Temp

VM Arguments:
jvm_args: -Dmaven.home=EMBEDDED -Dclassworlds.conf=C:\Users\User\eclipse-workspace\.metadata\.plugins\org.eclipse.m2e.launching\launches\m2conf10752972462419012044.tmp -Dmaven.multiModuleProjectDirectory=C:\Users\User\git\Virtual-Event-Management-Application- -Dm2e.build.project.data.socket.port=50510 -Dfile.encoding=UTF-8 -Dstdout.encoding=UTF-8 -Dstderr.encoding=UTF-8 -XX:+ShowCodeDetailsInExceptionMessages 
java_command: org.codehaus.plexus.classworlds.launcher.Launcher -B -Dstyle.color=always install
java_class_path (initial): C:\eclipse-jee-2024-06-R-win32-x86_64\eclipse\plugins\org.eclipse.m2e.maven.runtime_3.9.700.20240602-2313\jars\plexus-classworlds-2.8.0.jar
Launcher Type: SUN_STANDARD

[Global flags]
     intx CICompilerCount                          = 3                                         {product} {ergonomic}
     uint ConcGCThreads                            = 1                                         {product} {ergonomic}
     uint G1ConcRefinementThreads                  = 4                                         {product} {ergonomic}
   size_t G1HeapRegionSize                         = 1048576                                   {product} {ergonomic}
    uintx GCDrainStackTargetSize                   = 64                                        {product} {ergonomic}
   size_t InitialHeapSize                          = 134217728                                 {product} {ergonomic}
   size_t MarkStackSize                            = 4194304                                   {product} {ergonomic}
   size_t MaxHeapSize                              = 2120220672                                {product} {ergonomic}
   size_t MaxNewSize                               = 1271922688                                {product} {ergonomic}
   size_t MinHeapDeltaBytes                        = 1048576                                   {product} {ergonomic}
   size_t MinHeapSize                              = 8388608                                   {product} {ergonomic}
    uintx NonNMethodCodeHeapSize                   = 5832780                                {pd product} {ergonomic}
    uintx NonProfiledCodeHeapSize                  = 122912730                              {pd product} {ergonomic}
    uintx ProfiledCodeHeapSize                     = 122912730                              {pd product} {ergonomic}
    uintx ReservedCodeCacheSize                    = 251658240                              {pd product} {ergonomic}
     bool SegmentedCodeCache                       = true                                      {product} {ergonomic}
     bool ShowCodeDetailsInExceptionMessages       = true                                   {manageable} {command line}
   size_t SoftMaxHeapSize                          = 2120220672                             {manageable} {ergonomic}
     bool UseCompressedOops                        = true                           {product lp64_product} {ergonomic}
     bool UseG1GC                                  = true                                      {product} {ergonomic}
     bool UseLargePagesIndividualAllocation        = false                                  {pd product} {ergonomic}

Logging:
Log output configuration:
 #0: stdout all=warning uptime,level,tags foldmultilines=false
 #1: stderr all=off uptime,level,tags foldmultilines=false

Environment Variables:
CLASSPATH=C:\mysql-connector-j-9.0.0\mysql-connector-j-9.0.0\mysql-connector-j-9.0.0.jar
PATH=C:/eclipse-jee-2024-06-R-win32-x86_64/eclipse//plugins/org.eclipse.justj.openjdk.hotspot.jre.full.win32.x86_64_21.0.3.v20240426-1530/jre/bin/server;C:/eclipse-jee-2024-06-R-win32-x86_64/eclipse//plugins/org.eclipse.justj.openjdk.hotspot.jre.full.win32.x86_64_21.0.3.v20240426-1530/jre/bin;C:\Program Files\Python312\Scripts\;C:\Program Files\Python312\;C:\Users\User\AppData\Roaming\Python\Python312\Scripts;C:\Ruby34-x64\bin;C:\Program Files\Common Files\Oracle\Java\javapath;C:\Windows\system32;C:\Windows;C:\Windows\System32\Wbem;C:\Windows\System32\WindowsPowerShell\v1.0\;C:\Windows\System32\OpenSSH\;C:\Program Files\nodejs\;C:\Program Files\Git\cmd;C:\Program Files\Docker\Docker\resources\bin;C:\Program Files\dotnet\;C:\minikube;C:\mysql-connector-j-9.0.0\mysql-connector-j-9.0.0\mysql-connector-j-9.0.0.jar;C:\Program Files\Git\bin;C:\apache-maven-3.9.9\bin;C:\Program Files\MySQL\MySQL Shell 8.0\bin\;C:\Users\User\AppData\Local\Microsoft\WindowsApps;C:\Users\User\AppData\Local\Programs\Microsoft VS Code\bin;C:\Users\User\AppData\Roaming\npm;C:\Users\User\AppData\Local\GitHubDesktop\bin;C:\Users\User\AppData\Local\Programs\mongosh\;C:\Users\User\Desktop\Flutter_installation\flutter\bin;C:\eclipse-jee-2024-06-R-win32-x86_64\eclipse;
USERNAME=User
OS=Windows_NT
PROCESSOR_IDENTIFIER=Intel64 Family 6 Model 158 Stepping 9, GenuineIntel
TMP=C:\Users\User\AppData\Local\Temp
TEMP=C:\Users\User\AppData\Local\Temp




Periodic native trim disabled

---------------  S Y S T E M  ---------------

OS:
 Windows 10 , 64 bit Build 19041 (10.0.19041.5915)
OS uptime: 0 days 2:06 hours
Hyper-V role detected

CPU: total 4 (initial active 4) (4 cores per cpu, 1 threads per core) family 6 model 158 stepping 9 microcode 0xb4, cx8, cmov, fxsr, mmx, 3dnowpref, sse, sse2, sse3, ssse3, sse4.1, sse4.2, popcnt, lzcnt, tsc, tscinvbit, avx, avx2, aes, erms, clmul, bmi1, bmi2, rtm, adx, fma, vzeroupper, clflush, clflushopt, hv, rdtscp, f16c
Processor Information for all 4 processors :
  Max Mhz: 2712, Current Mhz: 2712, Mhz Limit: 2712

Memory: 4k page, system-wide physical 8080M (1386M free)
TotalPageFile size 10348M (AvailPageFile size 6M)
current process WorkingSet (physical memory assigned to process): 84M, peak: 86M
current process commit charge ("private bytes"): 224M, peak: 226M

vm_info: OpenJDK 64-Bit Server VM (21.0.3+9-LTS) for windows-amd64 JRE (21.0.3+9-LTS), built on 2024-04-16T00:00:00Z by "admin" with MS VC++ 17.7 (VS2022)

END.
