#
# There is insufficient memory for the Java Runtime Environment to continue.
# Native memory allocation (malloc) failed to allocate 656336 bytes. Error detail: Chunk::new
# Possible reasons:
#   The system is out of physical RAM or swap space
#   This process is running with CompressedOops enabled, and the Java Heap may be blocking the growth of the native heap
# Possible solutions:
#   Reduce memory load on the system
#   Increase physical memory or swap space
#   Check if swap backing store is full
#   Decrease Java heap size (-Xmx/-Xms)
#   Decrease number of Java threads
#   Decrease Java thread stack sizes (-Xss)
#   Set larger code cache with -XX:ReservedCodeCacheSize=
#   JVM is running with Unscaled Compressed Oops mode in which the Java heap is
#     placed in the first 4GB address space. The Java Heap base address is the
#     maximum limit for the native heap growth. Please use -XX:HeapBaseMinAddress
#     to set the Java Heap base and to place the Java Heap above 4GB virtual address.
# This output file may be truncated or incomplete.
#
#  Out of Memory Error (arena.cpp:168), pid=7248, tid=10956
#
# JRE version: OpenJDK Runtime Environment Temurin-21.0.3+9 (21.0.3+9) (build 21.0.3+9-LTS)
# Java VM: OpenJDK 64-Bit Server VM Temurin-21.0.3+9 (21.0.3+9-LTS, mixed mode, tiered, compressed oops, compressed class ptrs, g1 gc, windows-amd64)
# No core dump will be written. Minidumps are not enabled by default on client versions of Windows
#

---------------  S U M M A R Y ------------

Command Line: -Dclassworlds.conf=C:\apache-maven-3.9.9\bin\m2.conf -Dmaven.home=C:\apache-maven-3.9.9 -Dlibrary.jansi.path=C:\apache-maven-3.9.9\lib\jansi-native -Dmaven.multiModuleProjectDirectory=C:\Users\User\git\Virtual-Event-Management-Application- org.codehaus.plexus.classworlds.launcher.Launcher jetty:run

Host: Intel(R) Core(TM) i5-7500T CPU @ 2.70GHz, 4 cores, 7G,  Windows 10 , 64 bit Build 19041 (10.0.19041.5915)
Time: Mon Sep 22 12:04:13 2025 India Standard Time elapsed time: 0.845094 seconds (0d 0h 0m 0s)

---------------  T H R E A D  ---------------

Current thread (0x0000020731071bf0):  JavaThread "C2 CompilerThread0" daemon [_thread_in_native, id=10956, stack(0x0000003313c00000,0x0000003313d00000) (1024K)]


Current CompileTask:
C2:    845 1103   !   4       sun.nio.cs.StreamDecoder::read (78 bytes)

Stack: [0x0000003313c00000,0x0000003313d00000]
Native frames: (J=compiled Java code, j=interpreted, Vv=VM code, C=native code)
V  [jvm.dll+0x6c8699]
V  [jvm.dll+0x8a2061]
V  [jvm.dll+0x8a458e]
V  [jvm.dll+0x8a4c63]
V  [jvm.dll+0x27e476]
V  [jvm.dll+0xc4a1d]
V  [jvm.dll+0xc4f53]
V  [jvm.dll+0x3b2622]
V  [jvm.dll+0x37efa5]
V  [jvm.dll+0x37e40a]
V  [jvm.dll+0x2469c0]
V  [jvm.dll+0x245f9f]
V  [jvm.dll+0x1c6f4e]
V  [jvm.dll+0x255719]
V  [jvm.dll+0x253cba]
V  [jvm.dll+0x3ec1e6]
V  [jvm.dll+0x84bf8b]
V  [jvm.dll+0x6c6dcd]
C  [ucrtbase.dll+0x21bb2]
C  [KERNEL32.DLL+0x17374]
C  [ntdll.dll+0x4cc91]


---------------  P R O C E S S  ---------------

Threads class SMR info:
_java_thread_list=0x0000020731ec2f40, length=12, elements={
0x00000207156a0650, 0x00000207310220f0, 0x0000020731022f10, 0x000002073105fef0,
0x0000020731023d90, 0x00000207310247f0, 0x000002073105e780, 0x0000020731071bf0,
0x0000020731072690, 0x00000207312032e0, 0x0000020731208970, 0x0000020731ec3c70
}

Java Threads: ( => current thread )
  0x00000207156a0650 JavaThread "main"                              [_thread_in_Java, id=12084, stack(0x0000003312e00000,0x0000003312f00000) (1024K)]
  0x00000207310220f0 JavaThread "Reference Handler"          daemon [_thread_blocked, id=6384, stack(0x0000003313600000,0x0000003313700000) (1024K)]
  0x0000020731022f10 JavaThread "Finalizer"                  daemon [_thread_blocked, id=10256, stack(0x0000003313700000,0x0000003313800000) (1024K)]
  0x000002073105fef0 JavaThread "Signal Dispatcher"          daemon [_thread_blocked, id=4248, stack(0x0000003313800000,0x0000003313900000) (1024K)]
  0x0000020731023d90 JavaThread "Attach Listener"            daemon [_thread_blocked, id=7188, stack(0x0000003313900000,0x0000003313a00000) (1024K)]
  0x00000207310247f0 JavaThread "Service Thread"             daemon [_thread_blocked, id=10640, stack(0x0000003313a00000,0x0000003313b00000) (1024K)]
  0x000002073105e780 JavaThread "Monitor Deflation Thread"   daemon [_thread_blocked, id=5752, stack(0x0000003313b00000,0x0000003313c00000) (1024K)]
=>0x0000020731071bf0 JavaThread "C2 CompilerThread0"         daemon [_thread_in_native, id=10956, stack(0x0000003313c00000,0x0000003313d00000) (1024K)]
  0x0000020731072690 JavaThread "C1 CompilerThread0"         daemon [_thread_blocked, id=5184, stack(0x0000003313d00000,0x0000003313e00000) (1024K)]
  0x00000207312032e0 JavaThread "Notification Thread"        daemon [_thread_blocked, id=12036, stack(0x0000003313e00000,0x0000003313f00000) (1024K)]
  0x0000020731208970 JavaThread "Common-Cleaner"             daemon [_thread_blocked, id=1636, stack(0x0000003313f00000,0x0000003314000000) (1024K)]
  0x0000020731ec3c70 JavaThread "C2 CompilerThread1"         daemon [_thread_in_native, id=11840, stack(0x0000003314300000,0x0000003314400000) (1024K)]
Total: 12

Other Threads:
  0x00000207134a0e40 VMThread "VM Thread"                           [id=6300, stack(0x0000003313500000,0x0000003313600000) (1024K)]
  0x000002072cdda9f0 WatcherThread "VM Periodic Task Thread"        [id=12268, stack(0x0000003313400000,0x0000003313500000) (1024K)]
  0x000002071349ffc0 WorkerThread "GC Thread#0"                     [id=5416, stack(0x0000003312f00000,0x0000003313000000) (1024K)]
  0x00000207134a1920 WorkerThread "GC Thread#1"                     [id=11920, stack(0x0000003314000000,0x0000003314100000) (1024K)]
  0x00000207134a1580 WorkerThread "GC Thread#2"                     [id=2000, stack(0x0000003314100000,0x0000003314200000) (1024K)]
  0x0000020731bfc3f0 WorkerThread "GC Thread#3"                     [id=8824, stack(0x0000003314200000,0x0000003314300000) (1024K)]
  0x0000020715705a10 ConcurrentGCThread "G1 Main Marker"            [id=7228, stack(0x0000003313000000,0x0000003313100000) (1024K)]
  0x00000207134a0700 WorkerThread "G1 Conc#0"                       [id=3876, stack(0x0000003313100000,0x0000003313200000) (1024K)]
  0x000002072cca20c0 ConcurrentGCThread "G1 Refine#0"               [id=4708, stack(0x0000003313200000,0x0000003313300000) (1024K)]
  0x000002072cca2b40 ConcurrentGCThread "G1 Service"                [id=8240, stack(0x0000003313300000,0x0000003313400000) (1024K)]
Total: 10

Threads with active compile tasks:
C2 CompilerThread0      866 1103   !   4       sun.nio.cs.StreamDecoder::read (78 bytes)
C2 CompilerThread1      866 1104       4       sun.nio.cs.StreamDecoder::lockedRead (189 bytes)
Total: 2

VM state: not at safepoint (normal execution)

VM Mutex/Monitor currently owned by a thread: None

Heap address: 0x0000000081a00000, size: 2022 MB, Compressed Oops mode: 32-bit

CDS archive(s) not mapped
Compressed class space mapped at: 0x0000000100000000-0x0000000140000000, reserved size: 1073741824
Narrow klass base: 0x0000000000000000, Narrow klass shift: 3, Narrow klass range: 0x140000000

GC Precious Log:
 CardTable entry size: 512
 Card Set container configuration: InlinePtr #cards 5 size 8 Array Of Cards #cards 12 size 40 Howl #buckets 4 coarsen threshold 1843 Howl Bitmap #cards 512 size 80 coarsen threshold 460 Card regions per heap region 1 cards per card region 2048
 CPUs: 4 total, 4 available
 Memory: 8080M
 Large Page Support: Disabled
 NUMA Support: Disabled
 Compressed Oops: Enabled (32-bit)
 Heap Region Size: 1M
 Heap Min Capacity: 8M
 Heap Initial Capacity: 128M
 Heap Max Capacity: 2022M
 Pre-touch: Disabled
 Parallel Workers: 4
 Concurrent Workers: 1
 Concurrent Refinement Workers: 4
 Periodic GC: Disabled

Heap:
 garbage-first heap   total 131072K, used 12437K [0x0000000081a00000, 0x0000000100000000)
  region size 1024K, 13 young (13312K), 2 survivors (2048K)
 Metaspace       used 14635K, committed 14720K, reserved 1114112K
  class space    used 1446K, committed 1472K, reserved 1048576K

Heap Regions: E=young(eden), S=young(survivor), O=old, HS=humongous(starts), HC=humongous(continues), CS=collection set, F=free, TAMS=top-at-mark-start, PB=parsable bottom
|   0|0x0000000081a00000, 0x0000000081b00000, 0x0000000081b00000|100%| O|  |TAMS 0x0000000081a00000| PB 0x0000000081a00000| Untracked 
|   1|0x0000000081b00000, 0x0000000081b25530, 0x0000000081c00000| 14%| O|  |TAMS 0x0000000081b00000| PB 0x0000000081b00000| Untracked 
|   2|0x0000000081c00000, 0x0000000081c00000, 0x0000000081d00000|  0%| F|  |TAMS 0x0000000081c00000| PB 0x0000000081c00000| Untracked 
|   3|0x0000000081d00000, 0x0000000081d00000, 0x0000000081e00000|  0%| F|  |TAMS 0x0000000081d00000| PB 0x0000000081d00000| Untracked 
|   4|0x0000000081e00000, 0x0000000081e00000, 0x0000000081f00000|  0%| F|  |TAMS 0x0000000081e00000| PB 0x0000000081e00000| Untracked 
|   5|0x0000000081f00000, 0x0000000081f00000, 0x0000000082000000|  0%| F|  |TAMS 0x0000000081f00000| PB 0x0000000081f00000| Untracked 
|   6|0x0000000082000000, 0x0000000082000000, 0x0000000082100000|  0%| F|  |TAMS 0x0000000082000000| PB 0x0000000082000000| Untracked 
|   7|0x0000000082100000, 0x0000000082100000, 0x0000000082200000|  0%| F|  |TAMS 0x0000000082100000| PB 0x0000000082100000| Untracked 
|   8|0x0000000082200000, 0x0000000082200000, 0x0000000082300000|  0%| F|  |TAMS 0x0000000082200000| PB 0x0000000082200000| Untracked 
|   9|0x0000000082300000, 0x0000000082300000, 0x0000000082400000|  0%| F|  |TAMS 0x0000000082300000| PB 0x0000000082300000| Untracked 
|  10|0x0000000082400000, 0x0000000082400000, 0x0000000082500000|  0%| F|  |TAMS 0x0000000082400000| PB 0x0000000082400000| Untracked 
|  11|0x0000000082500000, 0x0000000082500000, 0x0000000082600000|  0%| F|  |TAMS 0x0000000082500000| PB 0x0000000082500000| Untracked 
|  12|0x0000000082600000, 0x0000000082600000, 0x0000000082700000|  0%| F|  |TAMS 0x0000000082600000| PB 0x0000000082600000| Untracked 
|  13|0x0000000082700000, 0x0000000082700000, 0x0000000082800000|  0%| F|  |TAMS 0x0000000082700000| PB 0x0000000082700000| Untracked 
|  14|0x0000000082800000, 0x0000000082800000, 0x0000000082900000|  0%| F|  |TAMS 0x0000000082800000| PB 0x0000000082800000| Untracked 
|  15|0x0000000082900000, 0x0000000082900000, 0x0000000082a00000|  0%| F|  |TAMS 0x0000000082900000| PB 0x0000000082900000| Untracked 
|  16|0x0000000082a00000, 0x0000000082a00000, 0x0000000082b00000|  0%| F|  |TAMS 0x0000000082a00000| PB 0x0000000082a00000| Untracked 
|  17|0x0000000082b00000, 0x0000000082b00000, 0x0000000082c00000|  0%| F|  |TAMS 0x0000000082b00000| PB 0x0000000082b00000| Untracked 
|  18|0x0000000082c00000, 0x0000000082c00000, 0x0000000082d00000|  0%| F|  |TAMS 0x0000000082c00000| PB 0x0000000082c00000| Untracked 
|  19|0x0000000082d00000, 0x0000000082d00000, 0x0000000082e00000|  0%| F|  |TAMS 0x0000000082d00000| PB 0x0000000082d00000| Untracked 
|  20|0x0000000082e00000, 0x0000000082e00000, 0x0000000082f00000|  0%| F|  |TAMS 0x0000000082e00000| PB 0x0000000082e00000| Untracked 
|  21|0x0000000082f00000, 0x0000000082f00000, 0x0000000083000000|  0%| F|  |TAMS 0x0000000082f00000| PB 0x0000000082f00000| Untracked 
|  22|0x0000000083000000, 0x0000000083000000, 0x0000000083100000|  0%| F|  |TAMS 0x0000000083000000| PB 0x0000000083000000| Untracked 
|  23|0x0000000083100000, 0x0000000083100000, 0x0000000083200000|  0%| F|  |TAMS 0x0000000083100000| PB 0x0000000083100000| Untracked 
|  24|0x0000000083200000, 0x0000000083200000, 0x0000000083300000|  0%| F|  |TAMS 0x0000000083200000| PB 0x0000000083200000| Untracked 
|  25|0x0000000083300000, 0x0000000083300000, 0x0000000083400000|  0%| F|  |TAMS 0x0000000083300000| PB 0x0000000083300000| Untracked 
|  26|0x0000000083400000, 0x0000000083400000, 0x0000000083500000|  0%| F|  |TAMS 0x0000000083400000| PB 0x0000000083400000| Untracked 
|  27|0x0000000083500000, 0x0000000083500000, 0x0000000083600000|  0%| F|  |TAMS 0x0000000083500000| PB 0x0000000083500000| Untracked 
|  28|0x0000000083600000, 0x0000000083600000, 0x0000000083700000|  0%| F|  |TAMS 0x0000000083600000| PB 0x0000000083600000| Untracked 
|  29|0x0000000083700000, 0x0000000083700000, 0x0000000083800000|  0%| F|  |TAMS 0x0000000083700000| PB 0x0000000083700000| Untracked 
|  30|0x0000000083800000, 0x0000000083800000, 0x0000000083900000|  0%| F|  |TAMS 0x0000000083800000| PB 0x0000000083800000| Untracked 
|  31|0x0000000083900000, 0x0000000083900000, 0x0000000083a00000|  0%| F|  |TAMS 0x0000000083900000| PB 0x0000000083900000| Untracked 
|  32|0x0000000083a00000, 0x0000000083a00000, 0x0000000083b00000|  0%| F|  |TAMS 0x0000000083a00000| PB 0x0000000083a00000| Untracked 
|  33|0x0000000083b00000, 0x0000000083b00000, 0x0000000083c00000|  0%| F|  |TAMS 0x0000000083b00000| PB 0x0000000083b00000| Untracked 
|  34|0x0000000083c00000, 0x0000000083c00000, 0x0000000083d00000|  0%| F|  |TAMS 0x0000000083c00000| PB 0x0000000083c00000| Untracked 
|  35|0x0000000083d00000, 0x0000000083d00000, 0x0000000083e00000|  0%| F|  |TAMS 0x0000000083d00000| PB 0x0000000083d00000| Untracked 
|  36|0x0000000083e00000, 0x0000000083e00000, 0x0000000083f00000|  0%| F|  |TAMS 0x0000000083e00000| PB 0x0000000083e00000| Untracked 
|  37|0x0000000083f00000, 0x0000000083f00000, 0x0000000084000000|  0%| F|  |TAMS 0x0000000083f00000| PB 0x0000000083f00000| Untracked 
|  38|0x0000000084000000, 0x0000000084000000, 0x0000000084100000|  0%| F|  |TAMS 0x0000000084000000| PB 0x0000000084000000| Untracked 
|  39|0x0000000084100000, 0x0000000084100000, 0x0000000084200000|  0%| F|  |TAMS 0x0000000084100000| PB 0x0000000084100000| Untracked 
|  40|0x0000000084200000, 0x0000000084200000, 0x0000000084300000|  0%| F|  |TAMS 0x0000000084200000| PB 0x0000000084200000| Untracked 
|  41|0x0000000084300000, 0x0000000084300000, 0x0000000084400000|  0%| F|  |TAMS 0x0000000084300000| PB 0x0000000084300000| Untracked 
|  42|0x0000000084400000, 0x0000000084400000, 0x0000000084500000|  0%| F|  |TAMS 0x0000000084400000| PB 0x0000000084400000| Untracked 
|  43|0x0000000084500000, 0x0000000084500000, 0x0000000084600000|  0%| F|  |TAMS 0x0000000084500000| PB 0x0000000084500000| Untracked 
|  44|0x0000000084600000, 0x0000000084600000, 0x0000000084700000|  0%| F|  |TAMS 0x0000000084600000| PB 0x0000000084600000| Untracked 
|  45|0x0000000084700000, 0x0000000084700000, 0x0000000084800000|  0%| F|  |TAMS 0x0000000084700000| PB 0x0000000084700000| Untracked 
|  46|0x0000000084800000, 0x0000000084800000, 0x0000000084900000|  0%| F|  |TAMS 0x0000000084800000| PB 0x0000000084800000| Untracked 
|  47|0x0000000084900000, 0x0000000084900000, 0x0000000084a00000|  0%| F|  |TAMS 0x0000000084900000| PB 0x0000000084900000| Untracked 
|  48|0x0000000084a00000, 0x0000000084a00000, 0x0000000084b00000|  0%| F|  |TAMS 0x0000000084a00000| PB 0x0000000084a00000| Untracked 
|  49|0x0000000084b00000, 0x0000000084b00000, 0x0000000084c00000|  0%| F|  |TAMS 0x0000000084b00000| PB 0x0000000084b00000| Untracked 
|  50|0x0000000084c00000, 0x0000000084c00000, 0x0000000084d00000|  0%| F|  |TAMS 0x0000000084c00000| PB 0x0000000084c00000| Untracked 
|  51|0x0000000084d00000, 0x0000000084d00000, 0x0000000084e00000|  0%| F|  |TAMS 0x0000000084d00000| PB 0x0000000084d00000| Untracked 
|  52|0x0000000084e00000, 0x0000000084e00000, 0x0000000084f00000|  0%| F|  |TAMS 0x0000000084e00000| PB 0x0000000084e00000| Untracked 
|  53|0x0000000084f00000, 0x0000000084f00000, 0x0000000085000000|  0%| F|  |TAMS 0x0000000084f00000| PB 0x0000000084f00000| Untracked 
|  54|0x0000000085000000, 0x0000000085000000, 0x0000000085100000|  0%| F|  |TAMS 0x0000000085000000| PB 0x0000000085000000| Untracked 
|  55|0x0000000085100000, 0x0000000085100000, 0x0000000085200000|  0%| F|  |TAMS 0x0000000085100000| PB 0x0000000085100000| Untracked 
|  56|0x0000000085200000, 0x0000000085200000, 0x0000000085300000|  0%| F|  |TAMS 0x0000000085200000| PB 0x0000000085200000| Untracked 
|  57|0x0000000085300000, 0x0000000085300000, 0x0000000085400000|  0%| F|  |TAMS 0x0000000085300000| PB 0x0000000085300000| Untracked 
|  58|0x0000000085400000, 0x0000000085400000, 0x0000000085500000|  0%| F|  |TAMS 0x0000000085400000| PB 0x0000000085400000| Untracked 
|  59|0x0000000085500000, 0x0000000085500000, 0x0000000085600000|  0%| F|  |TAMS 0x0000000085500000| PB 0x0000000085500000| Untracked 
|  60|0x0000000085600000, 0x0000000085600000, 0x0000000085700000|  0%| F|  |TAMS 0x0000000085600000| PB 0x0000000085600000| Untracked 
|  61|0x0000000085700000, 0x0000000085700000, 0x0000000085800000|  0%| F|  |TAMS 0x0000000085700000| PB 0x0000000085700000| Untracked 
|  62|0x0000000085800000, 0x0000000085800000, 0x0000000085900000|  0%| F|  |TAMS 0x0000000085800000| PB 0x0000000085800000| Untracked 
|  63|0x0000000085900000, 0x0000000085900000, 0x0000000085a00000|  0%| F|  |TAMS 0x0000000085900000| PB 0x0000000085900000| Untracked 
|  64|0x0000000085a00000, 0x0000000085a00000, 0x0000000085b00000|  0%| F|  |TAMS 0x0000000085a00000| PB 0x0000000085a00000| Untracked 
|  65|0x0000000085b00000, 0x0000000085b00000, 0x0000000085c00000|  0%| F|  |TAMS 0x0000000085b00000| PB 0x0000000085b00000| Untracked 
|  66|0x0000000085c00000, 0x0000000085c00000, 0x0000000085d00000|  0%| F|  |TAMS 0x0000000085c00000| PB 0x0000000085c00000| Untracked 
|  67|0x0000000085d00000, 0x0000000085d00000, 0x0000000085e00000|  0%| F|  |TAMS 0x0000000085d00000| PB 0x0000000085d00000| Untracked 
|  68|0x0000000085e00000, 0x0000000085e00000, 0x0000000085f00000|  0%| F|  |TAMS 0x0000000085e00000| PB 0x0000000085e00000| Untracked 
|  69|0x0000000085f00000, 0x0000000085f00000, 0x0000000086000000|  0%| F|  |TAMS 0x0000000085f00000| PB 0x0000000085f00000| Untracked 
|  70|0x0000000086000000, 0x0000000086000000, 0x0000000086100000|  0%| F|  |TAMS 0x0000000086000000| PB 0x0000000086000000| Untracked 
|  71|0x0000000086100000, 0x0000000086100000, 0x0000000086200000|  0%| F|  |TAMS 0x0000000086100000| PB 0x0000000086100000| Untracked 
|  72|0x0000000086200000, 0x0000000086200000, 0x0000000086300000|  0%| F|  |TAMS 0x0000000086200000| PB 0x0000000086200000| Untracked 
|  73|0x0000000086300000, 0x0000000086300000, 0x0000000086400000|  0%| F|  |TAMS 0x0000000086300000| PB 0x0000000086300000| Untracked 
|  74|0x0000000086400000, 0x0000000086400000, 0x0000000086500000|  0%| F|  |TAMS 0x0000000086400000| PB 0x0000000086400000| Untracked 
|  75|0x0000000086500000, 0x0000000086500000, 0x0000000086600000|  0%| F|  |TAMS 0x0000000086500000| PB 0x0000000086500000| Untracked 
|  76|0x0000000086600000, 0x0000000086600000, 0x0000000086700000|  0%| F|  |TAMS 0x0000000086600000| PB 0x0000000086600000| Untracked 
|  77|0x0000000086700000, 0x0000000086700000, 0x0000000086800000|  0%| F|  |TAMS 0x0000000086700000| PB 0x0000000086700000| Untracked 
|  78|0x0000000086800000, 0x0000000086800000, 0x0000000086900000|  0%| F|  |TAMS 0x0000000086800000| PB 0x0000000086800000| Untracked 
|  79|0x0000000086900000, 0x0000000086900000, 0x0000000086a00000|  0%| F|  |TAMS 0x0000000086900000| PB 0x0000000086900000| Untracked 
|  80|0x0000000086a00000, 0x0000000086a00000, 0x0000000086b00000|  0%| F|  |TAMS 0x0000000086a00000| PB 0x0000000086a00000| Untracked 
|  81|0x0000000086b00000, 0x0000000086b00000, 0x0000000086c00000|  0%| F|  |TAMS 0x0000000086b00000| PB 0x0000000086b00000| Untracked 
|  82|0x0000000086c00000, 0x0000000086c00000, 0x0000000086d00000|  0%| F|  |TAMS 0x0000000086c00000| PB 0x0000000086c00000| Untracked 
|  83|0x0000000086d00000, 0x0000000086d00000, 0x0000000086e00000|  0%| F|  |TAMS 0x0000000086d00000| PB 0x0000000086d00000| Untracked 
|  84|0x0000000086e00000, 0x0000000086e00000, 0x0000000086f00000|  0%| F|  |TAMS 0x0000000086e00000| PB 0x0000000086e00000| Untracked 
|  85|0x0000000086f00000, 0x0000000086f00000, 0x0000000087000000|  0%| F|  |TAMS 0x0000000086f00000| PB 0x0000000086f00000| Untracked 
|  86|0x0000000087000000, 0x0000000087000000, 0x0000000087100000|  0%| F|  |TAMS 0x0000000087000000| PB 0x0000000087000000| Untracked 
|  87|0x0000000087100000, 0x0000000087100000, 0x0000000087200000|  0%| F|  |TAMS 0x0000000087100000| PB 0x0000000087100000| Untracked 
|  88|0x0000000087200000, 0x0000000087200000, 0x0000000087300000|  0%| F|  |TAMS 0x0000000087200000| PB 0x0000000087200000| Untracked 
|  89|0x0000000087300000, 0x0000000087300000, 0x0000000087400000|  0%| F|  |TAMS 0x0000000087300000| PB 0x0000000087300000| Untracked 
|  90|0x0000000087400000, 0x0000000087400000, 0x0000000087500000|  0%| F|  |TAMS 0x0000000087400000| PB 0x0000000087400000| Untracked 
|  91|0x0000000087500000, 0x0000000087500000, 0x0000000087600000|  0%| F|  |TAMS 0x0000000087500000| PB 0x0000000087500000| Untracked 
|  92|0x0000000087600000, 0x0000000087600000, 0x0000000087700000|  0%| F|  |TAMS 0x0000000087600000| PB 0x0000000087600000| Untracked 
|  93|0x0000000087700000, 0x0000000087700000, 0x0000000087800000|  0%| F|  |TAMS 0x0000000087700000| PB 0x0000000087700000| Untracked 
|  94|0x0000000087800000, 0x0000000087800000, 0x0000000087900000|  0%| F|  |TAMS 0x0000000087800000| PB 0x0000000087800000| Untracked 
|  95|0x0000000087900000, 0x0000000087900000, 0x0000000087a00000|  0%| F|  |TAMS 0x0000000087900000| PB 0x0000000087900000| Untracked 
|  96|0x0000000087a00000, 0x0000000087a00000, 0x0000000087b00000|  0%| F|  |TAMS 0x0000000087a00000| PB 0x0000000087a00000| Untracked 
|  97|0x0000000087b00000, 0x0000000087b00000, 0x0000000087c00000|  0%| F|  |TAMS 0x0000000087b00000| PB 0x0000000087b00000| Untracked 
|  98|0x0000000087c00000, 0x0000000087c00000, 0x0000000087d00000|  0%| F|  |TAMS 0x0000000087c00000| PB 0x0000000087c00000| Untracked 
|  99|0x0000000087d00000, 0x0000000087d00000, 0x0000000087e00000|  0%| F|  |TAMS 0x0000000087d00000| PB 0x0000000087d00000| Untracked 
| 100|0x0000000087e00000, 0x0000000087e00000, 0x0000000087f00000|  0%| F|  |TAMS 0x0000000087e00000| PB 0x0000000087e00000| Untracked 
| 101|0x0000000087f00000, 0x0000000087f00000, 0x0000000088000000|  0%| F|  |TAMS 0x0000000087f00000| PB 0x0000000087f00000| Untracked 
| 102|0x0000000088000000, 0x0000000088000000, 0x0000000088100000|  0%| F|  |TAMS 0x0000000088000000| PB 0x0000000088000000| Untracked 
| 103|0x0000000088100000, 0x0000000088100000, 0x0000000088200000|  0%| F|  |TAMS 0x0000000088100000| PB 0x0000000088100000| Untracked 
| 104|0x0000000088200000, 0x0000000088200000, 0x0000000088300000|  0%| F|  |TAMS 0x0000000088200000| PB 0x0000000088200000| Untracked 
| 105|0x0000000088300000, 0x0000000088300000, 0x0000000088400000|  0%| F|  |TAMS 0x0000000088300000| PB 0x0000000088300000| Untracked 
| 106|0x0000000088400000, 0x0000000088400000, 0x0000000088500000|  0%| F|  |TAMS 0x0000000088400000| PB 0x0000000088400000| Untracked 
| 107|0x0000000088500000, 0x0000000088500000, 0x0000000088600000|  0%| F|  |TAMS 0x0000000088500000| PB 0x0000000088500000| Untracked 
| 108|0x0000000088600000, 0x0000000088600000, 0x0000000088700000|  0%| F|  |TAMS 0x0000000088600000| PB 0x0000000088600000| Untracked 
| 109|0x0000000088700000, 0x0000000088700000, 0x0000000088800000|  0%| F|  |TAMS 0x0000000088700000| PB 0x0000000088700000| Untracked 
| 110|0x0000000088800000, 0x0000000088800000, 0x0000000088900000|  0%| F|  |TAMS 0x0000000088800000| PB 0x0000000088800000| Untracked 
| 111|0x0000000088900000, 0x0000000088900000, 0x0000000088a00000|  0%| F|  |TAMS 0x0000000088900000| PB 0x0000000088900000| Untracked 
| 112|0x0000000088a00000, 0x0000000088a00000, 0x0000000088b00000|  0%| F|  |TAMS 0x0000000088a00000| PB 0x0000000088a00000| Untracked 
| 113|0x0000000088b00000, 0x0000000088c00000, 0x0000000088c00000|100%| S|CS|TAMS 0x0000000088b00000| PB 0x0000000088b00000| Complete 
| 114|0x0000000088c00000, 0x0000000088d00000, 0x0000000088d00000|100%| S|CS|TAMS 0x0000000088c00000| PB 0x0000000088c00000| Complete 
| 115|0x0000000088d00000, 0x0000000088d00000, 0x0000000088e00000|  0%| F|  |TAMS 0x0000000088d00000| PB 0x0000000088d00000| Untracked 
| 116|0x0000000088e00000, 0x0000000088e00000, 0x0000000088f00000|  0%| F|  |TAMS 0x0000000088e00000| PB 0x0000000088e00000| Untracked 
| 117|0x0000000088f00000, 0x0000000088fdea68, 0x0000000089000000| 86%| E|  |TAMS 0x0000000088f00000| PB 0x0000000088f00000| Complete 
| 118|0x0000000089000000, 0x0000000089100000, 0x0000000089100000|100%| E|CS|TAMS 0x0000000089000000| PB 0x0000000089000000| Complete 
| 119|0x0000000089100000, 0x0000000089200000, 0x0000000089200000|100%| E|CS|TAMS 0x0000000089100000| PB 0x0000000089100000| Complete 
| 120|0x0000000089200000, 0x0000000089300000, 0x0000000089300000|100%| E|CS|TAMS 0x0000000089200000| PB 0x0000000089200000| Complete 
| 121|0x0000000089300000, 0x0000000089400000, 0x0000000089400000|100%| E|CS|TAMS 0x0000000089300000| PB 0x0000000089300000| Complete 
| 122|0x0000000089400000, 0x0000000089500000, 0x0000000089500000|100%| E|CS|TAMS 0x0000000089400000| PB 0x0000000089400000| Complete 
| 123|0x0000000089500000, 0x0000000089600000, 0x0000000089600000|100%| E|CS|TAMS 0x0000000089500000| PB 0x0000000089500000| Complete 
| 124|0x0000000089600000, 0x0000000089700000, 0x0000000089700000|100%| E|CS|TAMS 0x0000000089600000| PB 0x0000000089600000| Complete 
| 125|0x0000000089700000, 0x0000000089800000, 0x0000000089800000|100%| E|CS|TAMS 0x0000000089700000| PB 0x0000000089700000| Complete 
| 126|0x0000000089800000, 0x0000000089900000, 0x0000000089900000|100%| E|CS|TAMS 0x0000000089800000| PB 0x0000000089800000| Complete 
| 127|0x0000000089900000, 0x0000000089a00000, 0x0000000089a00000|100%| E|  |TAMS 0x0000000089900000| PB 0x0000000089900000| Complete 

Card table byte_map: [0x00000207285b0000,0x00000207289b0000] _byte_map_base: 0x00000207281a3000

Marking Bits: (CMBitMap*) 0x00000207156f4460
 Bits: [0x00000207289b0000, 0x000002072a948000)

Polling page: 0x0000020714e70000

Metaspace:

Usage:
  Non-class:     12.91 MB used.
      Class:      1.42 MB used.
       Both:     14.33 MB used.

Virtual space:
  Non-class space:       64.00 MB reserved,      13.00 MB ( 20%) committed,  1 nodes.
      Class space:        1.00 GB reserved,       1.44 MB ( <1%) committed,  1 nodes.
             Both:        1.06 GB reserved,      14.44 MB (  1%) committed. 

Chunk freelists:
   Non-Class:  2.11 MB
       Class:  14.44 MB
        Both:  16.55 MB

MaxMetaspaceSize: unlimited
CompressedClassSpaceSize: 1.00 GB
Initial GC threshold: 21.00 MB
Current GC threshold: 21.00 MB
CDS: off
 - commit_granule_bytes: 65536.
 - commit_granule_words: 8192.
 - virtual_space_node_default_size: 8388608.
 - enlarge_chunks_in_place: 1.
 - use_allocation_guard: 0.


Internal statistics:

num_allocs_failed_limit: 0.
num_arena_births: 66.
num_arena_deaths: 0.
num_vsnodes_births: 2.
num_vsnodes_deaths: 0.
num_space_committed: 231.
num_space_uncommitted: 0.
num_chunks_returned_to_freelist: 0.
num_chunks_taken_from_freelist: 266.
num_chunk_merges: 0.
num_chunk_splits: 153.
num_chunks_enlarged: 117.
num_inconsistent_stats: 0.

CodeHeap 'non-profiled nmethods': size=120000Kb used=327Kb max_used=327Kb free=119672Kb
 bounds [0x0000020720c80000, 0x0000020720ef0000, 0x00000207281b0000]
CodeHeap 'profiled nmethods': size=120000Kb used=2255Kb max_used=2255Kb free=117744Kb
 bounds [0x00000207191b0000, 0x0000020719420000, 0x00000207206e0000]
CodeHeap 'non-nmethods': size=5760Kb used=1358Kb max_used=1386Kb free=4401Kb
 bounds [0x00000207206e0000, 0x0000020720950000, 0x0000020720c80000]
 total_blobs=1599 nmethods=1135 adapters=369
 compilation: enabled
              stopped_count=0, restarted_count=0
 full_count=0

Compilation events (20 events):
Event: 0.823 Thread 0x0000020731072690 1129       3       org.codehaus.plexus.util.xml.pull.MXParser::nextTag (82 bytes)
Event: 0.824 Thread 0x0000020731072690 nmethod 1129 0x00000207193d9990 code [0x00000207193d9c20, 0x00000207193da560]
Event: 0.824 Thread 0x0000020731072690 1130       3       org.codehaus.plexus.util.xml.pull.MXParser::ensureElementsCapacity (265 bytes)
Event: 0.825 Thread 0x0000020731072690 nmethod 1130 0x00000207193da910 code [0x00000207193dab80, 0x00000207193dbbb8]
Event: 0.825 Thread 0x0000020731072690 1132       3       org.codehaus.plexus.util.xml.pull.MXParser::getName (84 bytes)
Event: 0.825 Thread 0x0000020731072690 nmethod 1132 0x00000207193dbe90 code [0x00000207193dc060, 0x00000207193dc3f0]
Event: 0.832 Thread 0x0000020731072690 1133       3       org.eclipse.sisu.plexus.PlexusXmlScanner::TEXT (10 bytes)
Event: 0.833 Thread 0x0000020731072690 nmethod 1133 0x00000207193dc510 code [0x00000207193dc700, 0x00000207193dca90]
Event: 0.833 Thread 0x0000020731072690 1134       3       org.codehaus.plexus.util.xml.pull.MXParser::nextText (103 bytes)
Event: 0.833 Thread 0x0000020731072690 nmethod 1134 0x00000207193dcc10 code [0x00000207193dcee0, 0x00000207193dda40]
Event: 0.835 Thread 0x0000020731072690 1135       3       java.lang.ThreadLocal::get (35 bytes)
Event: 0.835 Thread 0x0000020731072690 nmethod 1135 0x00000207193dde90 code [0x00000207193de060, 0x00000207193de360]
Event: 0.835 Thread 0x0000020731072690 1136       3       java.lang.ThreadLocal$ThreadLocalMap::getEntry (42 bytes)
Event: 0.835 Thread 0x0000020731072690 nmethod 1136 0x00000207193de490 code [0x00000207193de660, 0x00000207193dea28]
Event: 0.835 Thread 0x0000020731072690 1137       3       jdk.internal.misc.CarrierThreadLocal::get (10 bytes)
Event: 0.836 Thread 0x0000020731072690 nmethod 1137 0x00000207193dec10 code [0x00000207193dede0, 0x00000207193df098]
Event: 0.836 Thread 0x0000020731072690 1138       3       java.lang.StringBuilder::charAt (6 bytes)
Event: 0.836 Thread 0x0000020731072690 nmethod 1138 0x00000207193df190 code [0x00000207193df340, 0x00000207193df480]
Event: 0.836 Thread 0x0000020731072690 1139       3       java.lang.AbstractStringBuilder::charAt (36 bytes)
Event: 0.837 Thread 0x0000020731072690 nmethod 1139 0x00000207193df510 code [0x00000207193df6e0, 0x00000207193dfa10]

GC Heap History (2 events):
Event: 0.609 GC heap before
{Heap before GC invocations=0 (full 0):
 garbage-first heap   total 131072K, used 12288K [0x0000000081a00000, 0x0000000100000000)
  region size 1024K, 13 young (13312K), 0 survivors (0K)
 Metaspace       used 12598K, committed 12736K, reserved 1114112K
  class space    used 1156K, committed 1216K, reserved 1048576K
}
Event: 0.615 GC heap after
{Heap after GC invocations=1 (full 0):
 garbage-first heap   total 131072K, used 3221K [0x0000000081a00000, 0x0000000100000000)
  region size 1024K, 2 young (2048K), 2 survivors (2048K)
 Metaspace       used 12598K, committed 12736K, reserved 1114112K
  class space    used 1156K, committed 1216K, reserved 1048576K
}

Dll operation events (8 events):
Event: 0.007 Loaded shared library C:\eclipse-jee-2024-06-R-win32-x86_64\eclipse\plugins\org.eclipse.justj.openjdk.hotspot.jre.full.win32.x86_64_21.0.3.v20240426-1530\jre\bin\java.dll
Event: 0.013 Loaded shared library C:\eclipse-jee-2024-06-R-win32-x86_64\eclipse\plugins\org.eclipse.justj.openjdk.hotspot.jre.full.win32.x86_64_21.0.3.v20240426-1530\jre\bin\zip.dll
Event: 0.115 Loaded shared library C:\eclipse-jee-2024-06-R-win32-x86_64\eclipse\plugins\org.eclipse.justj.openjdk.hotspot.jre.full.win32.x86_64_21.0.3.v20240426-1530\jre\bin\net.dll
Event: 0.117 Loaded shared library C:\eclipse-jee-2024-06-R-win32-x86_64\eclipse\plugins\org.eclipse.justj.openjdk.hotspot.jre.full.win32.x86_64_21.0.3.v20240426-1530\jre\bin\nio.dll
Event: 0.125 Loaded shared library C:\eclipse-jee-2024-06-R-win32-x86_64\eclipse\plugins\org.eclipse.justj.openjdk.hotspot.jre.full.win32.x86_64_21.0.3.v20240426-1530\jre\bin\zip.dll
Event: 0.262 Loaded shared library C:\apache-maven-3.9.9\lib\jansi-native\Windows\x86_64\jansi.dll
Event: 0.276 Loaded shared library C:\eclipse-jee-2024-06-R-win32-x86_64\eclipse\plugins\org.eclipse.justj.openjdk.hotspot.jre.full.win32.x86_64_21.0.3.v20240426-1530\jre\bin\jimage.dll
Event: 0.288 Loaded shared library C:\eclipse-jee-2024-06-R-win32-x86_64\eclipse\plugins\org.eclipse.justj.openjdk.hotspot.jre.full.win32.x86_64_21.0.3.v20240426-1530\jre\bin\verify.dll

Deoptimization events (20 events):
Event: 0.786 Thread 0x00000207156a0650 Uncommon trap: trap_request=0xffffff6e fr.pc=0x0000020720cb8050 relative=0x0000000000000490
Event: 0.786 Thread 0x00000207156a0650 Uncommon trap: reason=loop_limit_check action=maybe_recompile pc=0x0000020720cb8050 method=java.lang.StringLatin1.indexOf([BI[BII)I @ 37 c2
Event: 0.786 Thread 0x00000207156a0650 DEOPT PACKING pc=0x0000020720cb8050 sp=0x0000003312efe1b0
Event: 0.786 Thread 0x00000207156a0650 DEOPT UNPACKING pc=0x00000207207346a2 sp=0x0000003312efe110 mode 2
Event: 0.788 Thread 0x00000207156a0650 Uncommon trap: trap_request=0xffffffde fr.pc=0x0000020720cb3a10 relative=0x00000000000006d0
Event: 0.788 Thread 0x00000207156a0650 Uncommon trap: reason=class_check action=maybe_recompile pc=0x0000020720cb3a10 method=java.util.regex.Matcher.search(I)Z @ 121 c2
Event: 0.788 Thread 0x00000207156a0650 DEOPT PACKING pc=0x0000020720cb3a10 sp=0x0000003312efe480
Event: 0.788 Thread 0x00000207156a0650 DEOPT UNPACKING pc=0x00000207207346a2 sp=0x0000003312efe450 mode 2
Event: 0.788 Thread 0x00000207156a0650 Uncommon trap: trap_request=0xffffff76 fr.pc=0x0000020720cad944 relative=0x0000000000000364
Event: 0.788 Thread 0x00000207156a0650 Uncommon trap: reason=predicate action=maybe_recompile pc=0x0000020720cad944 method=java.util.regex.Pattern$BmpCharPropertyGreedy.match(Ljava/util/regex/Matcher;ILjava/lang/CharSequence;)Z @ 12 c2
Event: 0.788 Thread 0x00000207156a0650 DEOPT PACKING pc=0x0000020720cad944 sp=0x0000003312efe250
Event: 0.788 Thread 0x00000207156a0650 DEOPT UNPACKING pc=0x00000207207346a2 sp=0x0000003312efe208 mode 2
Event: 0.788 Thread 0x00000207156a0650 Uncommon trap: trap_request=0xffffff45 fr.pc=0x0000020720ca65ec relative=0x00000000000000cc
Event: 0.788 Thread 0x00000207156a0650 Uncommon trap: reason=unstable_if action=reinterpret pc=0x0000020720ca65ec method=org.codehaus.plexus.util.xml.pull.MXParser.more()C @ 8 c2
Event: 0.788 Thread 0x00000207156a0650 DEOPT PACKING pc=0x0000020720ca65ec sp=0x0000003312efe640
Event: 0.788 Thread 0x00000207156a0650 DEOPT UNPACKING pc=0x00000207207346a2 sp=0x0000003312efe5d0 mode 2
Event: 0.836 Thread 0x00000207156a0650 Uncommon trap: trap_request=0xffffffde fr.pc=0x0000020720cb3a10 relative=0x00000000000006d0
Event: 0.836 Thread 0x00000207156a0650 Uncommon trap: reason=class_check action=maybe_recompile pc=0x0000020720cb3a10 method=java.util.regex.Matcher.search(I)Z @ 121 c2
Event: 0.836 Thread 0x00000207156a0650 DEOPT PACKING pc=0x0000020720cb3a10 sp=0x0000003312efe480
Event: 0.836 Thread 0x00000207156a0650 DEOPT UNPACKING pc=0x00000207207346a2 sp=0x0000003312efe450 mode 2

Classes loaded (20 events):
Event: 0.754 Loading class java/util/concurrent/Executor done
Event: 0.755 Loading class java/security/PrivilegedActionException
Event: 0.755 Loading class java/security/PrivilegedActionException done
Event: 0.755 Loading class sun/misc/Unsafe
Event: 0.755 Loading class sun/misc/Unsafe done
Event: 0.756 Loading class java/lang/invoke/DirectMethodHandle$StaticAccessor
Event: 0.757 Loading class java/lang/invoke/DirectMethodHandle$StaticAccessor done
Event: 0.757 Loading class jdk/internal/reflect/MethodHandleObjectFieldAccessorImpl
Event: 0.757 Loading class jdk/internal/reflect/MethodHandleFieldAccessorImpl
Event: 0.757 Loading class jdk/internal/reflect/MethodHandleFieldAccessorImpl done
Event: 0.758 Loading class jdk/internal/reflect/MethodHandleObjectFieldAccessorImpl done
Event: 0.765 Loading class java/lang/reflect/ParameterizedType
Event: 0.765 Loading class java/lang/reflect/ParameterizedType done
Event: 0.768 Loading class java/lang/reflect/WildcardType
Event: 0.768 Loading class java/lang/reflect/WildcardType done
Event: 0.770 Loading class sun/reflect/generics/tree/TypeVariableSignature
Event: 0.770 Loading class sun/reflect/generics/tree/TypeVariableSignature done
Event: 0.784 Loading class java/lang/annotation/IncompleteAnnotationException
Event: 0.784 Loading class java/lang/annotation/IncompleteAnnotationException done
Event: 0.842 Loading class java/lang/foreign/MemorySegment

Classes unloaded (0 events):
No events

Classes redefined (0 events):
No events

Internal exceptions (20 events):
Event: 0.279 Thread 0x00000207156a0650 Exception <a 'java/lang/NullPointerException'{0x0000000089417940}> (0x0000000089417940) 
thrown [s\src\hotspot\share\interpreter\linkResolver.cpp, line 1372]
Event: 0.279 Thread 0x00000207156a0650 Exception <a 'java/lang/NullPointerException'{0x0000000089417c20}> (0x0000000089417c20) 
thrown [s\src\hotspot\share\interpreter\linkResolver.cpp, line 1372]
Event: 0.279 Thread 0x00000207156a0650 Exception <a 'java/lang/NullPointerException'{0x0000000089417f00}> (0x0000000089417f00) 
thrown [s\src\hotspot\share\interpreter\linkResolver.cpp, line 1372]
Event: 0.286 Thread 0x00000207156a0650 Exception <a 'sun/nio/fs/WindowsException'{0x0000000089441908}> (0x0000000089441908) 
thrown [s\src\hotspot\share\prims\jni.cpp, line 520]
Event: 0.286 Thread 0x00000207156a0650 Exception <a 'sun/nio/fs/WindowsException'{0x0000000089441f78}> (0x0000000089441f78) 
thrown [s\src\hotspot\share\prims\jni.cpp, line 520]
Event: 0.286 Thread 0x00000207156a0650 Exception <a 'sun/nio/fs/WindowsException'{0x00000000894424d0}> (0x00000000894424d0) 
thrown [s\src\hotspot\share\prims\jni.cpp, line 520]
Event: 0.286 Thread 0x00000207156a0650 Exception <a 'sun/nio/fs/WindowsException'{0x00000000894429d8}> (0x00000000894429d8) 
thrown [s\src\hotspot\share\prims\jni.cpp, line 520]
Event: 0.286 Thread 0x00000207156a0650 Exception <a 'sun/nio/fs/WindowsException'{0x0000000089442e98}> (0x0000000089442e98) 
thrown [s\src\hotspot\share\prims\jni.cpp, line 520]
Event: 0.299 Thread 0x00000207156a0650 Exception <a 'java/lang/NoSuchMethodError'{0x000000008948f1f8}: 'void java.lang.invoke.DirectMethodHandle$Holder.invokeStatic(java.lang.Object, java.lang.Object)'> (0x000000008948f1f8) 
thrown [s\src\hotspot\share\interpreter\linkResolver.cpp, line 773]
Event: 0.300 Thread 0x00000207156a0650 Exception <a 'java/lang/NoSuchMethodError'{0x00000000894925c8}: 'void java.lang.invoke.DirectMethodHandle$Holder.invokeStaticInit(java.lang.Object, java.lang.Object)'> (0x00000000894925c8) 
thrown [s\src\hotspot\share\interpreter\linkResolver.cpp, line 773]
Event: 0.311 Thread 0x00000207156a0650 Exception <a 'java/lang/NoSuchMethodError'{0x00000000894c5cb0}: 'void java.lang.invoke.DirectMethodHandle$Holder.invokeStatic(java.lang.Object, java.lang.Object, java.lang.Object)'> (0x00000000894c5cb0) 
thrown [s\src\hotspot\share\interpreter\linkResolver.cpp, line 773]
Event: 0.379 Thread 0x00000207156a0650 Exception <a 'java/lang/NoSuchMethodError'{0x000000008922e588}: 'java.lang.Object java.lang.invoke.DirectMethodHandle$Holder.invokeSpecialIFC(java.lang.Object, java.lang.Object, java.lang.Object, java.lang.Object)'> (0x000000008922e588) 
thrown [s\src\hotspot\share\interpreter\linkResolver.cpp, line 773]
Event: 0.606 Thread 0x00000207156a0650 Exception <a 'java/lang/NoSuchMethodError'{0x0000000088dcf1c0}: 'void java.lang.invoke.DirectMethodHandle$Holder.invokeSpecial(java.lang.Object, java.lang.Object, java.lang.Object)'> (0x0000000088dcf1c0) 
thrown [s\src\hotspot\share\interpreter\linkResolver.cpp, line 773]
Event: 0.656 Thread 0x00000207156a0650 Exception <a 'java/lang/NoSuchMethodError'{0x0000000089853df8}: 'java.lang.Object java.lang.invoke.DirectMethodHandle$Holder.invokeInterface(java.lang.Object, java.lang.Object)'> (0x0000000089853df8) 
thrown [s\src\hotspot\share\interpreter\linkResolver.cpp, line 773]
Event: 0.675 Thread 0x00000207156a0650 Exception <a 'java/lang/NoSuchMethodError'{0x00000000898eb258}: 'int java.lang.invoke.DirectMethodHandle$Holder.invokeStatic(java.lang.Object, java.lang.Object, java.lang.Object, java.lang.Object)'> (0x00000000898eb258) 
thrown [s\src\hotspot\share\interpreter\linkResolver.cpp, line 773]
Event: 0.675 Thread 0x00000207156a0650 Exception <a 'java/lang/NoSuchMethodError'{0x00000000898ee8d8}: 'java.lang.Object java.lang.invoke.Invokers$Holder.invokeExact_MT(java.lang.Object, java.lang.Object, java.lang.Object, java.lang.Object, java.lang.Object, java.lang.Object)'> (0x00000000898ee8d8) 
thrown [s\src\hotspot\share\interpreter\linkResolver.cpp, line 773]
Event: 0.678 Thread 0x00000207156a0650 Exception <a 'java/lang/NoSuchMethodError'{0x00000000898fd0e0}: 'int java.lang.invoke.DirectMethodHandle$Holder.invokeSpecialIFC(java.lang.Object, java.lang.Object, java.lang.Object, java.lang.Object, java.lang.Object)'> (0x00000000898fd0e0) 
thrown [s\src\hotspot\share\interpreter\linkResolver.cpp, line 773]
Event: 0.736 Thread 0x00000207156a0650 Exception <a 'java/lang/NoSuchMethodError'{0x000000008967dc50}: 'java.lang.Object java.lang.invoke.DirectMethodHandle$Holder.newInvokeSpecial(java.lang.Object, java.lang.Object, java.lang.Object, java.lang.Object, java.lang.Object)'> (0x000000008967dc50) 
thrown [s\src\hotspot\share\interpreter\linkResolver.cpp, line 773]
Event: 0.776 Thread 0x00000207156a0650 Exception <a 'java/lang/NoSuchMethodError'{0x0000000089578488}: 'int java.lang.invoke.DirectMethodHandle$Holder.invokeStaticInit(java.lang.Object, java.lang.Object)'> (0x0000000089578488) 
thrown [s\src\hotspot\share\interpreter\linkResolver.cpp, line 773]
Event: 0.784 Thread 0x00000207156a0650 Exception <a 'java/lang/NoClassDefFoundError'{0x00000000895ad900}: javax/enterprise/inject/Typed> (0x00000000895ad900) 
thrown [s\src\hotspot\share\classfile\systemDictionary.cpp, line 301]

ZGC Phase Switch (0 events):
No events

VM Operations (8 events):
Event: 0.127 Executing VM operation: HandshakeAllThreads (Deoptimize)
Event: 0.127 Executing VM operation: HandshakeAllThreads (Deoptimize) done
Event: 0.255 Executing VM operation: HandshakeAllThreads (Deoptimize)
Event: 0.255 Executing VM operation: HandshakeAllThreads (Deoptimize) done
Event: 0.281 Executing VM operation: HandshakeAllThreads (Deoptimize)
Event: 0.281 Executing VM operation: HandshakeAllThreads (Deoptimize) done
Event: 0.609 Executing VM operation: G1CollectForAllocation (G1 Evacuation Pause)
Event: 0.615 Executing VM operation: G1CollectForAllocation (G1 Evacuation Pause) done

Events (14 events):
Event: 0.012 Thread 0x00000207156a0650 Thread added: 0x00000207156a0650
Event: 0.063 Thread 0x00000207310220f0 Thread added: 0x00000207310220f0
Event: 0.063 Thread 0x0000020731022f10 Thread added: 0x0000020731022f10
Event: 0.065 Thread 0x000002073105fef0 Thread added: 0x000002073105fef0
Event: 0.065 Thread 0x0000020731023d90 Thread added: 0x0000020731023d90
Event: 0.065 Thread 0x00000207310247f0 Thread added: 0x00000207310247f0
Event: 0.065 Thread 0x000002073105e780 Thread added: 0x000002073105e780
Event: 0.065 Thread 0x0000020731071bf0 Thread added: 0x0000020731071bf0
Event: 0.065 Thread 0x0000020731072690 Thread added: 0x0000020731072690
Event: 0.101 Thread 0x00000207312032e0 Thread added: 0x00000207312032e0
Event: 0.107 Thread 0x0000020731208970 Thread added: 0x0000020731208970
Event: 0.259 Thread 0x0000020731532930 Thread added: 0x0000020731532930
Event: 0.283 Thread 0x0000020731532930 Thread exited: 0x0000020731532930
Event: 0.794 Thread 0x0000020731ec3c70 Thread added: 0x0000020731ec3c70


Dynamic libraries:
0x00007ff63e8c0000 - 0x00007ff63e8ce000 	C:\eclipse-jee-2024-06-R-win32-x86_64\eclipse\plugins\org.eclipse.justj.openjdk.hotspot.jre.full.win32.x86_64_21.0.3.v20240426-1530\jre\bin\java.exe
0x00007ffe8d870000 - 0x00007ffe8da68000 	C:\Windows\SYSTEM32\ntdll.dll
0x00007ffe8b930000 - 0x00007ffe8b9f2000 	C:\Windows\System32\KERNEL32.DLL
0x00007ffe8b4b0000 - 0x00007ffe8b7a7000 	C:\Windows\System32\KERNELBASE.dll
0x00007ffe8b250000 - 0x00007ffe8b350000 	C:\Windows\System32\ucrtbase.dll
0x00007ffe82de0000 - 0x00007ffe82dfb000 	C:\eclipse-jee-2024-06-R-win32-x86_64\eclipse\plugins\org.eclipse.justj.openjdk.hotspot.jre.full.win32.x86_64_21.0.3.v20240426-1530\jre\bin\VCRUNTIME140.dll
0x00007ffe82f40000 - 0x00007ffe82f58000 	C:\eclipse-jee-2024-06-R-win32-x86_64\eclipse\plugins\org.eclipse.justj.openjdk.hotspot.jre.full.win32.x86_64_21.0.3.v20240426-1530\jre\bin\jli.dll
0x00007ffe8c560000 - 0x00007ffe8c6fd000 	C:\Windows\System32\USER32.dll
0x00007ffe8af00000 - 0x00007ffe8af22000 	C:\Windows\System32\win32u.dll
0x00007ffe8c950000 - 0x00007ffe8c97b000 	C:\Windows\System32\GDI32.dll
0x00007ffe80310000 - 0x00007ffe805aa000 	C:\Windows\WinSxS\amd64_microsoft.windows.common-controls_6595b64144ccf1df_6.0.19041.5915_none_60b4b9d171f9c7c7\COMCTL32.dll
0x00007ffe8b0a0000 - 0x00007ffe8b1b9000 	C:\Windows\System32\gdi32full.dll
0x00007ffe8baa0000 - 0x00007ffe8bb3e000 	C:\Windows\System32\msvcrt.dll
0x00007ffe8b000000 - 0x00007ffe8b09d000 	C:\Windows\System32\msvcp_win.dll
0x00007ffe8b890000 - 0x00007ffe8b8bf000 	C:\Windows\System32\IMM32.DLL
0x00007ffe83c10000 - 0x00007ffe83c1c000 	C:\eclipse-jee-2024-06-R-win32-x86_64\eclipse\plugins\org.eclipse.justj.openjdk.hotspot.jre.full.win32.x86_64_21.0.3.v20240426-1530\jre\bin\vcruntime140_1.dll
0x00007ffe63e30000 - 0x00007ffe63ebe000 	C:\eclipse-jee-2024-06-R-win32-x86_64\eclipse\plugins\org.eclipse.justj.openjdk.hotspot.jre.full.win32.x86_64_21.0.3.v20240426-1530\jre\bin\msvcp140.dll
0x00007ffe2a880000 - 0x00007ffe2b602000 	C:\eclipse-jee-2024-06-R-win32-x86_64\eclipse\plugins\org.eclipse.justj.openjdk.hotspot.jre.full.win32.x86_64_21.0.3.v20240426-1530\jre\bin\server\jvm.dll
0x00007ffe8c890000 - 0x00007ffe8c941000 	C:\Windows\System32\ADVAPI32.dll
0x00007ffe8ba00000 - 0x00007ffe8ba9f000 	C:\Windows\System32\sechost.dll
0x00007ffe8cb60000 - 0x00007ffe8cc86000 	C:\Windows\System32\RPCRT4.dll
0x00007ffe8b7b0000 - 0x00007ffe8b7d7000 	C:\Windows\System32\bcrypt.dll
0x00007ffe8c700000 - 0x00007ffe8c76b000 	C:\Windows\System32\WS2_32.dll
0x00007ffe8ad60000 - 0x00007ffe8adab000 	C:\Windows\SYSTEM32\POWRPROF.dll
0x00007ffe841a0000 - 0x00007ffe841aa000 	C:\Windows\SYSTEM32\VERSION.dll
0x00007ffe80a30000 - 0x00007ffe80a57000 	C:\Windows\SYSTEM32\WINMM.dll
0x00007ffe8ad40000 - 0x00007ffe8ad52000 	C:\Windows\SYSTEM32\UMPDC.dll
0x00007ffe88d60000 - 0x00007ffe88d72000 	C:\Windows\SYSTEM32\kernel.appcore.dll
0x00007ffe7a6f0000 - 0x00007ffe7a6fa000 	C:\eclipse-jee-2024-06-R-win32-x86_64\eclipse\plugins\org.eclipse.justj.openjdk.hotspot.jre.full.win32.x86_64_21.0.3.v20240426-1530\jre\bin\jimage.dll
0x00007ffe84750000 - 0x00007ffe84951000 	C:\Windows\SYSTEM32\DBGHELP.DLL
0x00007ffe841b0000 - 0x00007ffe841e4000 	C:\Windows\SYSTEM32\dbgcore.DLL
0x00007ffe8b1c0000 - 0x00007ffe8b242000 	C:\Windows\System32\bcryptPrimitives.dll
0x00007ffe66a20000 - 0x00007ffe66a3f000 	C:\eclipse-jee-2024-06-R-win32-x86_64\eclipse\plugins\org.eclipse.justj.openjdk.hotspot.jre.full.win32.x86_64_21.0.3.v20240426-1530\jre\bin\java.dll
0x00007ffe66960000 - 0x00007ffe66978000 	C:\eclipse-jee-2024-06-R-win32-x86_64\eclipse\plugins\org.eclipse.justj.openjdk.hotspot.jre.full.win32.x86_64_21.0.3.v20240426-1530\jre\bin\zip.dll
0x00007ffe8bc00000 - 0x00007ffe8c36e000 	C:\Windows\System32\SHELL32.dll
0x00007ffe88f60000 - 0x00007ffe89704000 	C:\Windows\SYSTEM32\windows.storage.dll
0x00007ffe8cc90000 - 0x00007ffe8cfe3000 	C:\Windows\System32\combase.dll
0x00007ffe8a780000 - 0x00007ffe8a7ab000 	C:\Windows\SYSTEM32\Wldp.dll
0x00007ffe8c980000 - 0x00007ffe8ca4d000 	C:\Windows\System32\OLEAUT32.dll
0x00007ffe8c3d0000 - 0x00007ffe8c47d000 	C:\Windows\System32\SHCORE.dll
0x00007ffe8d360000 - 0x00007ffe8d3bb000 	C:\Windows\System32\shlwapi.dll
0x00007ffe8ae30000 - 0x00007ffe8ae54000 	C:\Windows\SYSTEM32\profapi.dll
0x00007ffe76580000 - 0x00007ffe76590000 	C:\eclipse-jee-2024-06-R-win32-x86_64\eclipse\plugins\org.eclipse.justj.openjdk.hotspot.jre.full.win32.x86_64_21.0.3.v20240426-1530\jre\bin\net.dll
0x00007ffe85800000 - 0x00007ffe8590a000 	C:\Windows\SYSTEM32\WINHTTP.dll
0x00007ffe8a560000 - 0x00007ffe8a5ca000 	C:\Windows\system32\mswsock.dll
0x00007ffe66590000 - 0x00007ffe665a6000 	C:\eclipse-jee-2024-06-R-win32-x86_64\eclipse\plugins\org.eclipse.justj.openjdk.hotspot.jre.full.win32.x86_64_21.0.3.v20240426-1530\jre\bin\nio.dll
0x00007ffe82c20000 - 0x00007ffe82c44000 	C:\apache-maven-3.9.9\lib\jansi-native\Windows\x86_64\jansi.dll
0x00007ffe73b40000 - 0x00007ffe73b50000 	C:\eclipse-jee-2024-06-R-win32-x86_64\eclipse\plugins\org.eclipse.justj.openjdk.hotspot.jre.full.win32.x86_64_21.0.3.v20240426-1530\jre\bin\verify.dll

dbghelp: loaded successfully - version: 4.0.5 - missing functions: none
symbol engine: initialized successfully - sym options: 0x614 - pdb path: .;C:\eclipse-jee-2024-06-R-win32-x86_64\eclipse\plugins\org.eclipse.justj.openjdk.hotspot.jre.full.win32.x86_64_21.0.3.v20240426-1530\jre\bin;C:\Windows\SYSTEM32;C:\Windows\WinSxS\amd64_microsoft.windows.common-controls_6595b64144ccf1df_6.0.19041.5915_none_60b4b9d171f9c7c7;C:\eclipse-jee-2024-06-R-win32-x86_64\eclipse\plugins\org.eclipse.justj.openjdk.hotspot.jre.full.win32.x86_64_21.0.3.v20240426-1530\jre\bin\server;C:\apache-maven-3.9.9\lib\jansi-native\Windows\x86_64

VM Arguments:
jvm_args: -Dclassworlds.conf=C:\apache-maven-3.9.9\bin\m2.conf -Dmaven.home=C:\apache-maven-3.9.9 -Dlibrary.jansi.path=C:\apache-maven-3.9.9\lib\jansi-native -Dmaven.multiModuleProjectDirectory=C:\Users\User\git\Virtual-Event-Management-Application- 
java_command: org.codehaus.plexus.classworlds.launcher.Launcher jetty:run
java_class_path (initial): C:\apache-maven-3.9.9\boot\plexus-classworlds-2.8.0.jar
Launcher Type: SUN_STANDARD

[Global flags]
     intx CICompilerCount                          = 3                                         {product} {ergonomic}
     uint ConcGCThreads                            = 1                                         {product} {ergonomic}
     uint G1ConcRefinementThreads                  = 4                                         {product} {ergonomic}
   size_t G1HeapRegionSize                         = 1048576                                   {product} {ergonomic}
    uintx GCDrainStackTargetSize                   = 64                                        {product} {ergonomic}
   size_t InitialHeapSize                          = 134217728                                 {product} {ergonomic}
   size_t MarkStackSize                            = 4194304                                   {product} {ergonomic}
   size_t MaxHeapSize                              = 2120220672                                {product} {ergonomic}
   size_t MaxNewSize                               = 1271922688                                {product} {ergonomic}
   size_t MinHeapDeltaBytes                        = 1048576                                   {product} {ergonomic}
   size_t MinHeapSize                              = 8388608                                   {product} {ergonomic}
    uintx NonNMethodCodeHeapSize                   = 5832780                                {pd product} {ergonomic}
    uintx NonProfiledCodeHeapSize                  = 122912730                              {pd product} {ergonomic}
    uintx ProfiledCodeHeapSize                     = 122912730                              {pd product} {ergonomic}
    uintx ReservedCodeCacheSize                    = 251658240                              {pd product} {ergonomic}
     bool SegmentedCodeCache                       = true                                      {product} {ergonomic}
   size_t SoftMaxHeapSize                          = 2120220672                             {manageable} {ergonomic}
     bool UseCompressedOops                        = true                           {product lp64_product} {ergonomic}
     bool UseG1GC                                  = true                                      {product} {ergonomic}
     bool UseLargePagesIndividualAllocation        = false                                  {pd product} {ergonomic}

Logging:
Log output configuration:
 #0: stdout all=warning uptime,level,tags foldmultilines=false
 #1: stderr all=off uptime,level,tags foldmultilines=false

Environment Variables:
CLASSPATH=C:\mysql-connector-j-9.0.0\mysql-connector-j-9.0.0\mysql-connector-j-9.0.0.jar
PATH=C:/eclipse-jee-2024-06-R-win32-x86_64/eclipse//plugins/org.eclipse.justj.openjdk.hotspot.jre.full.win32.x86_64_21.0.3.v20240426-1530/jre/bin/server;C:/eclipse-jee-2024-06-R-win32-x86_64/eclipse//plugins/org.eclipse.justj.openjdk.hotspot.jre.full.win32.x86_64_21.0.3.v20240426-1530/jre/bin;C:\Program Files\Python312\Scripts\;C:\Program Files\Python312\;C:\Users\User\AppData\Roaming\Python\Python312\Scripts;C:\Ruby34-x64\bin;C:\Program Files\Common Files\Oracle\Java\javapath;C:\Windows\system32;C:\Windows;C:\Windows\System32\Wbem;C:\Windows\System32\WindowsPowerShell\v1.0\;C:\Windows\System32\OpenSSH\;C:\Program Files\nodejs\;C:\Program Files\Git\cmd;C:\Program Files\Docker\Docker\resources\bin;C:\Program Files\dotnet\;C:\minikube;C:\mysql-connector-j-9.0.0\mysql-connector-j-9.0.0\mysql-connector-j-9.0.0.jar;C:\Program Files\Git\bin;C:\apache-maven-3.9.9\bin;C:\Program Files\MySQL\MySQL Shell 8.0\bin\;C:\Users\User\AppData\Local\Microsoft\WindowsApps;C:\Users\User\AppData\Local\Programs\Microsoft VS Code\bin;C:\Users\User\AppData\Roaming\npm;C:\Users\User\AppData\Local\GitHubDesktop\bin;C:\Users\User\AppData\Local\Programs\mongosh\;C:\Users\User\Desktop\Flutter_installation\flutter\bin;C:\eclipse-jee-2024-06-R-win32-x86_64\eclipse;
USERNAME=User
TERM=xterm
OS=Windows_NT
PROCESSOR_IDENTIFIER=Intel64 Family 6 Model 158 Stepping 9, GenuineIntel
TMP=C:\Users\User\AppData\Local\Temp
TEMP=C:\Users\User\AppData\Local\Temp




Periodic native trim disabled

---------------  S Y S T E M  ---------------

OS:
 Windows 10 , 64 bit Build 19041 (10.0.19041.5915)
OS uptime: 0 days 2:20 hours
Hyper-V role detected

CPU: total 4 (initial active 4) (4 cores per cpu, 1 threads per core) family 6 model 158 stepping 9 microcode 0xb4, cx8, cmov, fxsr, mmx, 3dnowpref, sse, sse2, sse3, ssse3, sse4.1, sse4.2, popcnt, lzcnt, tsc, tscinvbit, avx, avx2, aes, erms, clmul, bmi1, bmi2, rtm, adx, fma, vzeroupper, clflush, clflushopt, hv, rdtscp, f16c
Processor Information for all 4 processors :
  Max Mhz: 2712, Current Mhz: 2712, Mhz Limit: 2712

Memory: 4k page, system-wide physical 8080M (1400M free)
TotalPageFile size 10476M (AvailPageFile size 5M)
current process WorkingSet (physical memory assigned to process): 79M, peak: 79M
current process commit charge ("private bytes"): 221M, peak: 222M

vm_info: OpenJDK 64-Bit Server VM (21.0.3+9-LTS) for windows-amd64 JRE (21.0.3+9-LTS), built on 2024-04-16T00:00:00Z by "admin" with MS VC++ 17.7 (VS2022)

END.
